#
# There is insufficient memory for the Java Runtime Environment to continue.
# Native memory allocation (malloc) failed to allocate 434096 bytes for Chunk::new
# Possible reasons:
#   The system is out of physical RAM or swap space
#   The process is running with CompressedOops enabled, and the Java Heap may be blocking the growth of the native heap
# Possible solutions:
#   Reduce memory load on the system
#   Increase physical memory or swap space
#   Check if swap backing store is full
#   Decrease Java heap size (-Xmx/-Xms)
#   Decrease number of Java threads
#   Decrease Java thread stack sizes (-Xss)
#   Set larger code cache with -XX:ReservedCodeCacheSize=
#   JVM is running with Unscaled Compressed Oops mode in which the Java heap is
#     placed in the first 4GB address space. The Java Heap base address is the
#     maximum limit for the native heap growth. Please use -XX:HeapBaseMinAddress
#     to set the Java Heap base and to place the Java Heap above 4GB virtual address.
# This output file may be truncated or incomplete.
#
#  Out of Memory Error (allocation.cpp:389), pid=19352, tid=0x0000000000002c48
#
# JRE version: Java(TM) SE Runtime Environment (8.0_261-b12) (build 1.8.0_261-b12)
# Java VM: Java HotSpot(TM) 64-Bit Server VM (25.261-b12 mixed mode windows-amd64 compressed oops)
# Failed to write core dump. Minidumps are not enabled by default on client versions of Windows
#

---------------  T H R E A D  ---------------

Current thread (0x0000018abc4ac800):  JavaThread "C2 CompilerThread1" daemon [_thread_in_native, id=11336, stack(0x00000073ace00000,0x00000073acf00000)]

Stack: [0x00000073ace00000,0x00000073acf00000]
Native frames: (J=compiled Java code, j=interpreted, Vv=VM code, C=native code)
V  [jvm.dll+0x33e5f9]
V  [jvm.dll+0x2850e2]
V  [jvm.dll+0x285d8d]
V  [jvm.dll+0x27c895]
V  [jvm.dll+0xe4d6c]
V  [jvm.dll+0xe556c]
V  [jvm.dll+0x461812]
V  [jvm.dll+0x49cc3d]
V  [jvm.dll+0x4511ef]
V  [jvm.dll+0x44eb84]
V  [jvm.dll+0x439bc7]
V  [jvm.dll+0xbbbcb]
V  [jvm.dll+0xba22b]
V  [jvm.dll+0x24d962]
V  [jvm.dll+0x2a1cfc]
C  [ucrtbase.dll+0x21bb2]
C  [KERNEL32.DLL+0x17034]
C  [ntdll.dll+0x52651]


Current CompileTask:
C2:   4003 1341   !   4       java.net.URL::<init> (543 bytes)


---------------  P R O C E S S  ---------------

Java Threads: ( => current thread )
  0x0000018abd890800 JavaThread "Service Thread" daemon [_thread_blocked, id=10192, stack(0x00000073ad100000,0x00000073ad200000)]
  0x0000018abc4b4000 JavaThread "C1 CompilerThread3" daemon [_thread_blocked, id=516, stack(0x00000073ad000000,0x00000073ad100000)]
  0x0000018abc4b1800 JavaThread "C2 CompilerThread2" daemon [_thread_in_native, id=13608, stack(0x00000073acf00000,0x00000073ad000000)]
=>0x0000018abc4ac800 JavaThread "C2 CompilerThread1" daemon [_thread_in_native, id=11336, stack(0x00000073ace00000,0x00000073acf00000)]
  0x0000018abc4a7000 JavaThread "C2 CompilerThread0" daemon [_thread_in_native, id=22084, stack(0x00000073acd00000,0x00000073ace00000)]
  0x0000018abc4a6000 JavaThread "Attach Listener" daemon [_thread_blocked, id=20200, stack(0x00000073acc00000,0x00000073acd00000)]
  0x0000018abc4a5000 JavaThread "Signal Dispatcher" daemon [_thread_blocked, id=672, stack(0x00000073acb00000,0x00000073acc00000)]
  0x0000018abc488000 JavaThread "Finalizer" daemon [_thread_blocked, id=11608, stack(0x00000073aca00000,0x00000073acb00000)]
  0x0000018abb88e000 JavaThread "Reference Handler" daemon [_thread_blocked, id=21848, stack(0x00000073ac900000,0x00000073aca00000)]
  0x0000018aa7e85000 JavaThread "main" [_thread_in_Java, id=19708, stack(0x00000073abf00000,0x00000073ac000000)]

Other Threads:
  0x0000018abb88c800 VMThread [stack: 0x00000073ac800000,0x00000073ac900000] [id=4504]
  0x0000018abd8c2000 WatcherThread [stack: 0x00000073ad200000,0x00000073ad300000] [id=16460]

VM state:not at safepoint (normal execution)

VM Mutex/Monitor currently owned by a thread:  ([mutex/lock_event])
[0x0000018aa7e78760] CodeCache_lock - owner thread: 0x0000000000000000

heap address: 0x00000000c2000000, size: 992 MB, Compressed Oops mode: 32-bit
Narrow klass base: 0x0000000000000000, Narrow klass shift: 3
Compressed class space size: 1073741824 Address: 0x0000000100000000

Heap:
 PSYoungGen      total 18432K, used 12785K [0x00000000eb580000, 0x00000000eca00000, 0x0000000100000000)
  eden space 15872K, 64% used [0x00000000eb580000,0x00000000ebf804f0,0x00000000ec500000)
  from space 2560K, 99% used [0x00000000ec780000,0x00000000ec9fc050,0x00000000eca00000)
  to   space 2560K, 0% used [0x00000000ec500000,0x00000000ec500000,0x00000000ec780000)
 ParOldGen       total 42496K, used 5692K [0x00000000c2000000, 0x00000000c4980000, 0x00000000eb580000)
  object space 42496K, 13% used [0x00000000c2000000,0x00000000c258f2c8,0x00000000c4980000)
 Metaspace       used 13213K, capacity 13394K, committed 13568K, reserved 1060864K
  class space    used 1649K, capacity 1735K, committed 1792K, reserved 1048576K

Card table byte_map: [0x0000018ab8b30000,0x0000018ab8d30000] byte_map_base: 0x0000018ab8520000

Marking Bits: (ParMarkBitMap*) 0x0000000066134fb0
 Begin Bits: [0x0000018ab8e80000, 0x0000018ab9e00000)
 End Bits:   [0x0000018ab9e00000, 0x0000018abad80000)

Polling page: 0x0000018aa9740000

CodeCache: size=245760Kb used=5125Kb max_used=5125Kb free=240634Kb
 bounds [0x0000018aa9770000, 0x0000018aa9c80000, 0x0000018ab8770000]
 total_blobs=1770 nmethods=1426 adapters=256
 compilation: enabled

Compilation events (10 events):
Event: 3.937 Thread 0x0000018abc4b4000 nmethod 1381 0x0000018aa9c5a790 code [0x0000018aa9c5a8e0, 0x0000018aa9c5a9d8]
Event: 3.937 Thread 0x0000018abc4b4000 1382       3       com.google.common.collect.Hashing::closedTableSize (37 bytes)
Event: 3.937 Thread 0x0000018abc4b4000 nmethod 1382 0x0000018aa9c5aa50 code [0x0000018aa9c5abe0, 0x0000018aa9c5aef0]
Event: 3.937 Thread 0x0000018abc4b4000 1383       3       com.google.common.collect.Sets$ImprovedAbstractSet::<init> (5 bytes)
Event: 3.937 Thread 0x0000018abc4b4000 nmethod 1383 0x0000018aa9c5afd0 code [0x0000018aa9c5b140, 0x0000018aa9c5b3b8]
Event: 3.937 Thread 0x0000018abc4b4000 1387       3       com.google.inject.internal.InternalInjectorCreator::isEagerSingleton (44 bytes)
Event: 3.938 Thread 0x0000018abc4b4000 nmethod 1387 0x0000018aa9c5b4d0 code [0x0000018aa9c5b680, 0x0000018aa9c5bd50]
Event: 3.938 Thread 0x0000018abc4b4000 1388       3       com.google.inject.internal.Scoping::isEagerSingleton (38 bytes)
Event: 3.938 Thread 0x0000018abc4b4000 nmethod 1388 0x0000018aa9c5bf10 code [0x0000018aa9c5c080, 0x0000018aa9c5c338]
Event: 3.938 Thread 0x0000018abc4b4000 1384       3       com.google.common.collect.LinkedHashMultimap$ValueSet::setSuccessorInValueSet (6 bytes)

GC Heap History (8 events):
Event: 1.876 GC heap before
{Heap before GC invocations=1 (full 0):
 PSYoungGen      total 18432K, used 15872K [0x00000000eb580000, 0x00000000eca00000, 0x0000000100000000)
  eden space 15872K, 100% used [0x00000000eb580000,0x00000000ec500000,0x00000000ec500000)
  from space 2560K, 0% used [0x00000000ec780000,0x00000000ec780000,0x00000000eca00000)
  to   space 2560K, 0% used [0x00000000ec500000,0x00000000ec500000,0x00000000ec780000)
 ParOldGen       total 42496K, used 0K [0x00000000c2000000, 0x00000000c4980000, 0x00000000eb580000)
  object space 42496K, 0% used [0x00000000c2000000,0x00000000c2000000,0x00000000c4980000)
 Metaspace       used 7011K, capacity 7220K, committed 7296K, reserved 1056768K
  class space    used 775K, capacity 856K, committed 896K, reserved 1048576K
Event: 1.880 GC heap after
Heap after GC invocations=1 (full 0):
 PSYoungGen      total 18432K, used 2557K [0x00000000eb580000, 0x00000000eca00000, 0x0000000100000000)
  eden space 15872K, 0% used [0x00000000eb580000,0x00000000eb580000,0x00000000ec500000)
  from space 2560K, 99% used [0x00000000ec500000,0x00000000ec77f788,0x00000000ec780000)
  to   space 2560K, 0% used [0x00000000ec780000,0x00000000ec780000,0x00000000eca00000)
 ParOldGen       total 42496K, used 657K [0x00000000c2000000, 0x00000000c4980000, 0x00000000eb580000)
  object space 42496K, 1% used [0x00000000c2000000,0x00000000c20a4740,0x00000000c4980000)
 Metaspace       used 7011K, capacity 7220K, committed 7296K, reserved 1056768K
  class space    used 775K, capacity 856K, committed 896K, reserved 1048576K
}
Event: 2.279 GC heap before
{Heap before GC invocations=2 (full 0):
 PSYoungGen      total 18432K, used 18429K [0x00000000eb580000, 0x00000000eca00000, 0x0000000100000000)
  eden space 15872K, 100% used [0x00000000eb580000,0x00000000ec500000,0x00000000ec500000)
  from space 2560K, 99% used [0x00000000ec500000,0x00000000ec77f788,0x00000000ec780000)
  to   space 2560K, 0% used [0x00000000ec780000,0x00000000ec780000,0x00000000eca00000)
 ParOldGen       total 42496K, used 657K [0x00000000c2000000, 0x00000000c4980000, 0x00000000eb580000)
  object space 42496K, 1% used [0x00000000c2000000,0x00000000c20a4740,0x00000000c4980000)
 Metaspace       used 8563K, capacity 8756K, committed 8832K, reserved 1056768K
  class space    used 1028K, capacity 1112K, committed 1152K, reserved 1048576K
Event: 2.285 GC heap after
Heap after GC invocations=2 (full 0):
 PSYoungGen      total 18432K, used 2556K [0x00000000eb580000, 0x00000000eca00000, 0x0000000100000000)
  eden space 15872K, 0% used [0x00000000eb580000,0x00000000eb580000,0x00000000ec500000)
  from space 2560K, 99% used [0x00000000ec780000,0x00000000ec9ff3d0,0x00000000eca00000)
  to   space 2560K, 0% used [0x00000000ec500000,0x00000000ec500000,0x00000000ec780000)
 ParOldGen       total 42496K, used 1377K [0x00000000c2000000, 0x00000000c4980000, 0x00000000eb580000)
  object space 42496K, 3% used [0x00000000c2000000,0x00000000c2158750,0x00000000c4980000)
 Metaspace       used 8563K, capacity 8756K, committed 8832K, reserved 1056768K
  class space    used 1028K, capacity 1112K, committed 1152K, reserved 1048576K
}
Event: 3.281 GC heap before
{Heap before GC invocations=3 (full 0):
 PSYoungGen      total 18432K, used 18428K [0x00000000eb580000, 0x00000000eca00000, 0x0000000100000000)
  eden space 15872K, 100% used [0x00000000eb580000,0x00000000ec500000,0x00000000ec500000)
  from space 2560K, 99% used [0x00000000ec780000,0x00000000ec9ff3d0,0x00000000eca00000)
  to   space 2560K, 0% used [0x00000000ec500000,0x00000000ec500000,0x00000000ec780000)
 ParOldGen       total 42496K, used 1377K [0x00000000c2000000, 0x00000000c4980000, 0x00000000eb580000)
  object space 42496K, 3% used [0x00000000c2000000,0x00000000c2158750,0x00000000c4980000)
 Metaspace       used 10020K, capacity 10214K, committed 10240K, reserved 1058816K
  class space    used 1197K, capacity 1275K, committed 1280K, reserved 1048576K
Event: 3.287 GC heap after
Heap after GC invocations=3 (full 0):
 PSYoungGen      total 18432K, used 2533K [0x00000000eb580000, 0x00000000eca00000, 0x0000000100000000)
  eden space 15872K, 0% used [0x00000000eb580000,0x00000000eb580000,0x00000000ec500000)
  from space 2560K, 98% used [0x00000000ec500000,0x00000000ec779538,0x00000000ec780000)
  to   space 2560K, 0% used [0x00000000ec780000,0x00000000ec780000,0x00000000eca00000)
 ParOldGen       total 42496K, used 3256K [0x00000000c2000000, 0x00000000c4980000, 0x00000000eb580000)
  object space 42496K, 7% used [0x00000000c2000000,0x00000000c232e130,0x00000000c4980000)
 Metaspace       used 10020K, capacity 10214K, committed 10240K, reserved 1058816K
  class space    used 1197K, capacity 1275K, committed 1280K, reserved 1048576K
}
Event: 3.666 GC heap before
{Heap before GC invocations=4 (full 0):
 PSYoungGen      total 18432K, used 18405K [0x00000000eb580000, 0x00000000eca00000, 0x0000000100000000)
  eden space 15872K, 100% used [0x00000000eb580000,0x00000000ec500000,0x00000000ec500000)
  from space 2560K, 98% used [0x00000000ec500000,0x00000000ec779538,0x00000000ec780000)
  to   space 2560K, 0% used [0x00000000ec780000,0x00000000ec780000,0x00000000eca00000)
 ParOldGen       total 42496K, used 3256K [0x00000000c2000000, 0x00000000c4980000, 0x00000000eb580000)
  object space 42496K, 7% used [0x00000000c2000000,0x00000000c232e130,0x00000000c4980000)
 Metaspace       used 12112K, capacity 12262K, committed 12416K, reserved 1060864K
  class space    used 1482K, capacity 1573K, committed 1664K, reserved 1048576K
Event: 3.672 GC heap after
Heap after GC invocations=4 (full 0):
 PSYoungGen      total 18432K, used 2544K [0x00000000eb580000, 0x00000000eca00000, 0x0000000100000000)
  eden space 15872K, 0% used [0x00000000eb580000,0x00000000eb580000,0x00000000ec500000)
  from space 2560K, 99% used [0x00000000ec780000,0x00000000ec9fc050,0x00000000eca00000)
  to   space 2560K, 0% used [0x00000000ec500000,0x00000000ec500000,0x00000000ec780000)
 ParOldGen       total 42496K, used 5692K [0x00000000c2000000, 0x00000000c4980000, 0x00000000eb580000)
  object space 42496K, 13% used [0x00000000c2000000,0x00000000c258f2c8,0x00000000c4980000)
 Metaspace       used 12112K, capacity 12262K, committed 12416K, reserved 1060864K
  class space    used 1482K, capacity 1573K, committed 1664K, reserved 1048576K
}

Deoptimization events (8 events):
Event: 2.094 Thread 0x0000018aa7e85000 Uncommon trap: reason=unstable_if action=reinterpret pc=0x0000018aa9982ae4 method=org.codehaus.plexus.util.xml.pull.MXParser.more()C @ 8
Event: 2.228 Thread 0x0000018aa7e85000 Uncommon trap: reason=unstable_if action=reinterpret pc=0x0000018aa9a81cf0 method=sun.nio.cs.StreamDecoder.implRead([CII)I @ 197
Event: 2.235 Thread 0x0000018aa7e85000 Uncommon trap: reason=unstable_if action=reinterpret pc=0x0000018aa9a89984 method=sun.nio.cs.StreamDecoder.implRead([CII)I @ 71
Event: 2.236 Thread 0x0000018aa7e85000 Uncommon trap: reason=unstable_if action=reinterpret pc=0x0000018aa9a7b22c method=sun.nio.cs.StreamDecoder.implRead([CII)I @ 71
Event: 2.236 Thread 0x0000018aa7e85000 Uncommon trap: reason=unstable_if action=reinterpret pc=0x0000018aa9a753a0 method=sun.nio.cs.StreamDecoder.implRead([CII)I @ 197
Event: 2.236 Thread 0x0000018aa7e85000 Uncommon trap: reason=unstable_if action=reinterpret pc=0x0000018aa9a73b40 method=java.io.Reader.read()I @ 12
Event: 2.237 Thread 0x0000018aa7e85000 Uncommon trap: reason=unstable_if action=reinterpret pc=0x0000018aa9a9d8f0 method=org.codehaus.plexus.util.xml.pull.MXParser.nextImpl()I @ 1046
Event: 2.440 Thread 0x0000018aa7e85000 Uncommon trap: reason=range_check action=make_not_entrant pc=0x0000018aa9aeb260 method=sun.reflect.generics.parser.SignatureParser.current()C @ 34

Classes redefined (0 events):
No events

Internal exceptions (10 events):
Event: 0.654 Thread 0x0000018aa7e85000 Exception <a 'java/security/PrivilegedActionException'> (0x00000000eb8c4010) thrown at [C:\jenkins\workspace\8-2-build-windows-amd64-cygwin\jdk8u261\295\hotspot\src\share\vm\prims\jvm.cpp, line 1512]
Event: 0.654 Thread 0x0000018aa7e85000 Exception <a 'java/security/PrivilegedActionException'> (0x00000000eb8c4220) thrown at [C:\jenkins\workspace\8-2-build-windows-amd64-cygwin\jdk8u261\295\hotspot\src\share\vm\prims\jvm.cpp, line 1512]
Event: 0.655 Thread 0x0000018aa7e85000 Exception <a 'java/security/PrivilegedActionException'> (0x00000000eb8c8318) thrown at [C:\jenkins\workspace\8-2-build-windows-amd64-cygwin\jdk8u261\295\hotspot\src\share\vm\prims\jvm.cpp, line 1512]
Event: 0.655 Thread 0x0000018aa7e85000 Exception <a 'java/security/PrivilegedActionException'> (0x00000000eb8c8528) thrown at [C:\jenkins\workspace\8-2-build-windows-amd64-cygwin\jdk8u261\295\hotspot\src\share\vm\prims\jvm.cpp, line 1512]
Event: 2.075 Thread 0x0000018aa7e85000 Exception <a 'java/lang/ArrayIndexOutOfBoundsException'> (0x00000000ebc19600) thrown at [C:\jenkins\workspace\8-2-build-windows-amd64-cygwin\jdk8u261\295\hotspot\src\share\vm\runtime\sharedRuntime.cpp, line 605]
Event: 2.079 Thread 0x0000018aa7e85000 Exception <a 'java/lang/ArrayIndexOutOfBoundsException'> (0x00000000ebc3c608) thrown at [C:\jenkins\workspace\8-2-build-windows-amd64-cygwin\jdk8u261\295\hotspot\src\share\vm\runtime\sharedRuntime.cpp, line 605]
Event: 2.085 Thread 0x0000018aa7e85000 Exception <a 'java/lang/ArrayIndexOutOfBoundsException'> (0x00000000ebc7f050) thrown at [C:\jenkins\workspace\8-2-build-windows-amd64-cygwin\jdk8u261\295\hotspot\src\share\vm\runtime\sharedRuntime.cpp, line 605]
Event: 2.298 Thread 0x0000018aa7e85000 Exception <a 'java/lang/ArrayIndexOutOfBoundsException'> (0x00000000eb5ecb90) thrown at [C:\jenkins\workspace\8-2-build-windows-amd64-cygwin\jdk8u261\295\hotspot\src\share\vm\runtime\sharedRuntime.cpp, line 605]
Event: 2.300 Thread 0x0000018aa7e85000 Exception <a 'java/lang/ArrayIndexOutOfBoundsException'> (0x00000000eb5ee720) thrown at [C:\jenkins\workspace\8-2-build-windows-amd64-cygwin\jdk8u261\295\hotspot\src\share\vm\runtime\sharedRuntime.cpp, line 605]
Event: 2.440 Thread 0x0000018aa7e85000 Exception <a 'java/lang/ArrayIndexOutOfBoundsException': 66> (0x00000000eb8d3ef8) thrown at [C:\jenkins\workspace\8-2-build-windows-amd64-cygwin\jdk8u261\295\hotspot\src\share\vm\interpreter\interpreterRuntime.cpp, line 368]

Events (10 events):
Event: 3.923 loading class java/util/concurrent/ConcurrentHashMap$BaseIterator done
Event: 3.923 loading class java/util/concurrent/ConcurrentHashMap$ValueIterator done
Event: 3.925 loading class sun/reflect/UnsafeObjectFieldAccessorImpl
Event: 3.925 loading class sun/reflect/UnsafeObjectFieldAccessorImpl done
Event: 3.932 loading class com/google/inject/internal/ConstructorInjector$1
Event: 3.932 loading class com/google/inject/internal/ConstructorInjector$1 done
Event: 3.936 loading class com/google/inject/internal/ProviderInternalFactory$1
Event: 3.936 loading class com/google/inject/internal/ProviderInternalFactory$1 done
Event: 3.938 loading class org/eclipse/sisu/inject/MildElements
Event: 3.938 loading class org/eclipse/sisu/inject/MildElements done


Dynamic libraries:
0x00007ff6fd960000 - 0x00007ff6fd9a7000 	C:\Program Files\Java\jdk1.8.0_261\bin\javaw.exe
0x00007ffdb1d30000 - 0x00007ffdb1f25000 	C:\Windows\SYSTEM32\ntdll.dll
0x00007ffdb1bd0000 - 0x00007ffdb1c8d000 	C:\Windows\System32\KERNEL32.DLL
0x00007ffdaf850000 - 0x00007ffdafb18000 	C:\Windows\System32\KERNELBASE.dll
0x00007ffdb1520000 - 0x00007ffdb15cc000 	C:\Windows\System32\ADVAPI32.dll
0x00007ffdb16d0000 - 0x00007ffdb176e000 	C:\Windows\System32\msvcrt.dll
0x00007ffdafdd0000 - 0x00007ffdafe6b000 	C:\Windows\System32\sechost.dll
0x00007ffdb0520000 - 0x00007ffdb064b000 	C:\Windows\System32\RPCRT4.dll
0x00007ffdb0f80000 - 0x00007ffdb1120000 	C:\Windows\System32\USER32.dll
0x00007ffdaf570000 - 0x00007ffdaf592000 	C:\Windows\System32\win32u.dll
0x00007ffdafda0000 - 0x00007ffdafdca000 	C:\Windows\System32\GDI32.dll
0x00007ffdafc30000 - 0x00007ffdafd3b000 	C:\Windows\System32\gdi32full.dll
0x00007ffdaf5a0000 - 0x00007ffdaf63d000 	C:\Windows\System32\msvcp_win.dll
0x00007ffdaf470000 - 0x00007ffdaf570000 	C:\Windows\System32\ucrtbase.dll
0x00007ffd9cb00000 - 0x00007ffd9cd9a000 	C:\Windows\WinSxS\amd64_microsoft.windows.common-controls_6595b64144ccf1df_6.0.19041.844_none_ca00b6081b84eb1d\COMCTL32.dll
0x00007ffdb15d0000 - 0x00007ffdb1600000 	C:\Windows\System32\IMM32.DLL
0x00007ffd9e3f0000 - 0x00007ffd9e405000 	C:\Program Files\Java\jdk1.8.0_261\jre\bin\vcruntime140.dll
0x00007ffd8d620000 - 0x00007ffd8d6bb000 	C:\Program Files\Java\jdk1.8.0_261\jre\bin\msvcp140.dll
0x0000000065940000 - 0x00000000661ac000 	C:\Program Files\Java\jdk1.8.0_261\jre\bin\server\jvm.dll
0x00007ffdafd90000 - 0x00007ffdafd98000 	C:\Windows\System32\PSAPI.DLL
0x00007ffda7940000 - 0x00007ffda794a000 	C:\Windows\SYSTEM32\VERSION.dll
0x00007ffd9afe0000 - 0x00007ffd9afe9000 	C:\Windows\SYSTEM32\WSOCK32.dll
0x00007ffd9f220000 - 0x00007ffd9f247000 	C:\Windows\SYSTEM32\WINMM.dll
0x00007ffdb04b0000 - 0x00007ffdb051b000 	C:\Windows\System32\WS2_32.dll
0x00007ffdadd40000 - 0x00007ffdadd52000 	C:\Windows\SYSTEM32\kernel.appcore.dll
0x00007ffd9e3c0000 - 0x00007ffd9e3d0000 	C:\Program Files\Java\jdk1.8.0_261\jre\bin\verify.dll
0x00007ffd9ddf0000 - 0x00007ffd9de1b000 	C:\Program Files\Java\jdk1.8.0_261\jre\bin\java.dll
0x00007ffd9ddd0000 - 0x00007ffd9dde8000 	C:\Program Files\Java\jdk1.8.0_261\jre\bin\zip.dll
0x00007ffdb0650000 - 0x00007ffdb0d92000 	C:\Windows\System32\SHELL32.dll
0x00007ffdad5a0000 - 0x00007ffdadd30000 	C:\Windows\SYSTEM32\windows.storage.dll
0x00007ffdb1800000 - 0x00007ffdb1b55000 	C:\Windows\System32\combase.dll
0x00007ffdaeee0000 - 0x00007ffdaef0c000 	C:\Windows\SYSTEM32\Wldp.dll
0x00007ffdb1120000 - 0x00007ffdb11ce000 	C:\Windows\System32\SHCORE.dll
0x00007ffdb1600000 - 0x00007ffdb1655000 	C:\Windows\System32\shlwapi.dll
0x00007ffdaf3b0000 - 0x00007ffdaf3cf000 	C:\Windows\SYSTEM32\profapi.dll
0x00007ffdaee30000 - 0x00007ffdaee48000 	C:\Windows\SYSTEM32\CRYPTSP.dll
0x00007ffdae580000 - 0x00007ffdae5b4000 	C:\Windows\system32\rsaenh.dll
0x00007ffdafc00000 - 0x00007ffdafc27000 	C:\Windows\System32\bcrypt.dll
0x00007ffdaf330000 - 0x00007ffdaf35e000 	C:\Windows\SYSTEM32\USERENV.dll
0x00007ffdafb20000 - 0x00007ffdafba0000 	C:\Windows\System32\bcryptprimitives.dll
0x00007ffdaee20000 - 0x00007ffdaee2c000 	C:\Windows\SYSTEM32\CRYPTBASE.dll
0x00007ffd8dd40000 - 0x00007ffd8dd5c000 	C:\Program Files\Java\jdk1.8.0_261\jre\bin\net.dll
0x00007ffdaec50000 - 0x00007ffdaecba000 	C:\Windows\system32\mswsock.dll
0x00007ffdae8f0000 - 0x00007ffdae92b000 	C:\Windows\SYSTEM32\IPHLPAPI.DLL
0x00007ffdb1bc0000 - 0x00007ffdb1bc8000 	C:\Windows\System32\NSI.dll
0x00007ffda8a60000 - 0x00007ffda8a77000 	C:\Windows\SYSTEM32\dhcpcsvc6.DLL
0x00007ffda8a40000 - 0x00007ffda8a5d000 	C:\Windows\SYSTEM32\dhcpcsvc.DLL
0x00007ffdae930000 - 0x00007ffdae9fc000 	C:\Windows\SYSTEM32\DNSAPI.dll
0x00007ffd8dd20000 - 0x00007ffd8dd33000 	C:\Program Files\Java\jdk1.8.0_261\jre\bin\nio.dll
0x00007ffd9e3b0000 - 0x00007ffd9e3ba000 	C:\Users\Belkoweb\AppData\Local\Temp\jansi-1.17.1-7254916981023787540.dll
0x00007ffd8e020000 - 0x00007ffd8e02a000 	C:\Users\Belkoweb\AppData\Local\Temp\jansi-1.17.1-8741457422559069232.dll
0x00007ffdad2b0000 - 0x00007ffdad494000 	C:\Windows\SYSTEM32\dbghelp.dll

VM Arguments:
jvm_args: -Dmaven.home=EMBEDDED -Dclassworlds.conf=C:\Users\Belkoweb\eclipse-workspace\.metadata\.plugins\org.eclipse.m2e.launching\launches\m2conf2301772014784816078.tmp -Dmaven.multiModuleProjectDirectory=C:\Users\Belkoweb\Code\daylivBackend -Dfile.encoding=Cp1252 
java_command: org.codehaus.plexus.classworlds.launcher.Launcher -B package
java_class_path (initial): C:\Users\Belkoweb\.p2\pool\plugins\org.eclipse.m2e.maven.runtime_1.16.0.20200610-1735\jars\plexus-classworlds-2.6.0.jar
Launcher Type: SUN_STANDARD

Environment Variables:
JAVA_HOME=C:\Program Files\Android\Android Studio\jre
PATH=C:\oracle\product\10.2.0\db_1\bin;C:\Program Files (x86)\Common Files\Oracle\Java\javapath;C:\oraclexe\app\oracle\product\11.2.0\server\bin;C:\Program Files\Common Files\Oracle\Java\javapath;C:\Windows\system32;C:\Windows;C:\Windows\System32\Wbem;C:\Windows\System32\WindowsPowerShell\v1.0\;C:\Windows\System32\OpenSSH\;C:\Program Files\Symfony;C:\Program Files\Git\cmd;C:\wamp64\bin\php\php7.4.0;C:\ProgramData\ComposerSetup\bin;C:\Program Files\nodejs\;C:\Program Files\dotnet\;C:\Program Files\Java\jdk1.6.0_45;C:\Program Files\swipl\bin;C:\Program Files\Microsoft SQL Server\120\Tools\Binn\;C:\Program Files (x86)\PuTTY\;C:\Users\Belkoweb\AppData\Local\Programs\Python\Python39\Scripts\;C:\Users\Belkoweb\AppData\Local\Programs\Python\Python39\;C:\Users\Belkoweb\AppData\Local\Microsoft\WindowsApps;C:\Users\Belkoweb\AppData\Roaming\Composer\vendor\bin;C:\Users\Belkoweb\AppData\Roaming\npm;C:\Program Files\heroku\bin;C:\Users\Belkoweb\.dotnet\tools;C:\Users\Belkoweb\AppData\Local\Programs\Microsoft VS Code\bin
USERNAME=Belkoweb
OS=Windows_NT
PROCESSOR_IDENTIFIER=Intel64 Family 6 Model 142 Stepping 10, GenuineIntel



---------------  S Y S T E M  ---------------

OS: Windows 10.0 , 64 bit Build 19041 (10.0.19041.928)

CPU:total 8 (initial active 8) (4 cores per cpu, 2 threads per core) family 6 model 142 stepping 10, cmov, cx8, fxsr, mmx, sse, sse2, sse3, ssse3, sse4.1, sse4.2, popcnt, avx, avx2, aes, clmul, erms, 3dnowpref, lzcnt, ht, tsc, tscinvbit, bmi1, bmi2, adx

Memory: 4k page, physical 4056128k(297604k free), swap 14222508k(0k free)

vm_info: Java HotSpot(TM) 64-Bit Server VM (25.261-b12) for windows-amd64 JRE (1.8.0_261-b12), built on Jun 18 2020 06:56:32 by "" with unknown MS VC++:1916

time: Thu May 27 17:42:09 2021
timezone: Maroc (heure d’été)
elapsed time: 4 seconds (0d 0h 0m 4s)

