#
# There is insufficient memory for the Java Runtime Environment to continue.
# Native memory allocation (malloc) failed to allocate 1041136 bytes for Chunk::new
# Possible reasons:
#   The system is out of physical RAM or swap space
#   The process is running with CompressedOops enabled, and the Java Heap may be blocking the growth of the native heap
# Possible solutions:
#   Reduce memory load on the system
#   Increase physical memory or swap space
#   Check if swap backing store is full
#   Decrease Java heap size (-Xmx/-Xms)
#   Decrease number of Java threads
#   Decrease Java thread stack sizes (-Xss)
#   Set larger code cache with -XX:ReservedCodeCacheSize=
#   JVM is running with Unscaled Compressed Oops mode in which the Java heap is
#     placed in the first 4GB address space. The Java Heap base address is the
#     maximum limit for the native heap growth. Please use -XX:HeapBaseMinAddress
#     to set the Java Heap base and to place the Java Heap above 4GB virtual address.
# This output file may be truncated or incomplete.
#
#  Out of Memory Error (./open/src/hotspot/share/memory/arena.cpp:197), pid=17356, tid=144
#
# JRE version: Java(TM) SE Runtime Environment 18.9 (11.0.9+7) (build 11.0.9+7-LTS)
# Java VM: Java HotSpot(TM) 64-Bit Server VM 18.9 (11.0.9+7-LTS, mixed mode, tiered, compressed oops, g1 gc, windows-amd64)
# No core dump will be written. Minidumps are not enabled by default on client versions of Windows
#

---------------  S U M M A R Y ------------

Command Line: -Dfile.encoding=UTF-8 com.dayliv.dayliv.DaylivBackendApplication

Host: Intel(R) Core(TM) i5-8250U CPU @ 1.60GHz, 8 cores, 3G,  Windows 10 , 64 bit Build 19041 (10.0.19041.804)
Time: Sun Mar  7 10:12:55 2021 Maroc (heure d’été) elapsed time: 1566.947305 seconds (0d 0h 26m 6s)

---------------  T H R E A D  ---------------

Current thread (0x00000144a4602800):  JavaThread "C2 CompilerThread0" daemon [_thread_in_native, id=144, stack(0x0000003445600000,0x0000003445700000)]


Current CompileTask:
C2:1566948 11140   !   4       jdk.internal.loader.URLClassPath$FileLoader::getResource (164 bytes)

Stack: [0x0000003445600000,0x0000003445700000]
Native frames: (J=compiled Java code, j=interpreted, Vv=VM code, C=native code)
V  [jvm.dll+0x611a3a]
V  [jvm.dll+0x748aaf]
V  [jvm.dll+0x74a135]
V  [jvm.dll+0x74a7b3]
V  [jvm.dll+0x2439f8]
V  [jvm.dll+0xba2bc]
V  [jvm.dll+0xba9bc]
V  [jvm.dll+0x2b4274]
V  [jvm.dll+0x52a046]
V  [jvm.dll+0x20565d]
V  [jvm.dll+0x1ff5aa]
V  [jvm.dll+0x1fc52f]
V  [jvm.dll+0x17f08c]
V  [jvm.dll+0x20bc54]
V  [jvm.dll+0x209d2b]
V  [jvm.dll+0x7103d9]
V  [jvm.dll+0x709114]
V  [jvm.dll+0x610cb6]
C  [ucrtbase.dll+0x21bb2]
C  [KERNEL32.DLL+0x17034]
C  [ntdll.dll+0x4d241]


---------------  P R O C E S S  ---------------

Threads class SMR info:
_java_thread_list=0x00000144a63e8660, length=30, elements={
0x00000144a459e000, 0x00000144a45a7000, 0x00000144a45f8800, 0x00000144a45f9800,
0x00000144a4602800, 0x00000144a460d000, 0x00000144a460e800, 0x00000144a50bd800,
0x00000144a50d0800, 0x00000144a6b45000, 0x00000144aa559000, 0x00000144a9cbb800,
0x00000144aa556000, 0x00000144aa557800, 0x00000144aa556800, 0x00000144aa555000,
0x00000144a9cb6000, 0x00000144a9cb8000, 0x00000144a9cb6800, 0x00000144a9cb7800,
0x00000144a9cba000, 0x00000144a9cb9000, 0x00000144a9cb5000, 0x00000144a9cb4000,
0x00000144a9cbd000, 0x00000144a9cbc800, 0x00000144a9cbe000, 0x00000144a9cbf800,
0x00000144a9cbf000, 0x00000144a9cc0800
}

Java Threads: ( => current thread )
  0x00000144a459e000 JavaThread "Reference Handler" daemon [_thread_blocked, id=20268, stack(0x0000003445200000,0x0000003445300000)]
  0x00000144a45a7000 JavaThread "Finalizer" daemon [_thread_blocked, id=18384, stack(0x0000003445300000,0x0000003445400000)]
  0x00000144a45f8800 JavaThread "Signal Dispatcher" daemon [_thread_blocked, id=6088, stack(0x0000003445400000,0x0000003445500000)]
  0x00000144a45f9800 JavaThread "Attach Listener" daemon [_thread_blocked, id=14200, stack(0x0000003445500000,0x0000003445600000)]
=>0x00000144a4602800 JavaThread "C2 CompilerThread0" daemon [_thread_in_native, id=144, stack(0x0000003445600000,0x0000003445700000)]
  0x00000144a460d000 JavaThread "C1 CompilerThread0" daemon [_thread_blocked, id=9028, stack(0x0000003445700000,0x0000003445800000)]
  0x00000144a460e800 JavaThread "Sweeper thread" daemon [_thread_blocked, id=1732, stack(0x0000003445800000,0x0000003445900000)]
  0x00000144a50bd800 JavaThread "Service Thread" daemon [_thread_blocked, id=12876, stack(0x0000003445900000,0x0000003445a00000)]
  0x00000144a50d0800 JavaThread "Common-Cleaner" daemon [_thread_blocked, id=8268, stack(0x0000003445b00000,0x0000003445c00000)]
  0x00000144a6b45000 JavaThread "mysql-cj-abandoned-connection-cleanup" daemon [_thread_blocked, id=16896, stack(0x0000003445f00000,0x0000003446000000)]
  0x00000144aa559000 JavaThread "Live Reload Server" daemon [_thread_in_native, id=15068, stack(0x0000003447000000,0x0000003447100000)]
  0x00000144a9cbb800 JavaThread "DestroyJavaVM" [_thread_blocked, id=20016, stack(0x0000003444b00000,0x0000003444c00000)]
  0x00000144aa556000 JavaThread "HikariPool-3 housekeeper" daemon [_thread_blocked, id=492, stack(0x0000003445e00000,0x0000003445f00000)]
  0x00000144aa557800 JavaThread "Catalina-utility-1" [_thread_blocked, id=5140, stack(0x0000003446700000,0x0000003446800000)]
  0x00000144aa556800 JavaThread "Catalina-utility-2" [_thread_blocked, id=16308, stack(0x0000003446800000,0x0000003446900000)]
  0x00000144aa555000 JavaThread "container-0" [_thread_blocked, id=11760, stack(0x0000003446900000,0x0000003446a00000)]
  0x00000144a9cb6000 JavaThread "File Watcher" daemon [_thread_blocked, id=3672, stack(0x0000003446b00000,0x0000003446c00000)]
  0x00000144a9cb8000 JavaThread "http-nio-7600-BlockPoller" daemon [_thread_in_native, id=20236, stack(0x0000003446c00000,0x0000003446d00000)]
  0x00000144a9cb6800 JavaThread "http-nio-7600-exec-1" daemon [_thread_blocked, id=6200, stack(0x0000003446d00000,0x0000003446e00000)]
  0x00000144a9cb7800 JavaThread "http-nio-7600-exec-2" daemon [_thread_blocked, id=4224, stack(0x0000003446e00000,0x0000003446f00000)]
  0x00000144a9cba000 JavaThread "http-nio-7600-exec-3" daemon [_thread_blocked, id=20056, stack(0x0000003446f00000,0x0000003447000000)]
  0x00000144a9cb9000 JavaThread "http-nio-7600-exec-4" daemon [_thread_blocked, id=17180, stack(0x0000003447100000,0x0000003447200000)]
  0x00000144a9cb5000 JavaThread "http-nio-7600-exec-5" daemon [_thread_blocked, id=12360, stack(0x0000003447200000,0x0000003447300000)]
  0x00000144a9cb4000 JavaThread "http-nio-7600-exec-6" daemon [_thread_blocked, id=17868, stack(0x0000003447300000,0x0000003447400000)]
  0x00000144a9cbd000 JavaThread "http-nio-7600-exec-7" daemon [_thread_blocked, id=18056, stack(0x0000003447400000,0x0000003447500000)]
  0x00000144a9cbc800 JavaThread "http-nio-7600-exec-8" daemon [_thread_blocked, id=5712, stack(0x0000003447500000,0x0000003447600000)]
  0x00000144a9cbe000 JavaThread "http-nio-7600-exec-9" daemon [_thread_blocked, id=764, stack(0x0000003447600000,0x0000003447700000)]
  0x00000144a9cbf800 JavaThread "http-nio-7600-exec-10" daemon [_thread_blocked, id=6668, stack(0x0000003447700000,0x0000003447800000)]
  0x00000144a9cbf000 JavaThread "http-nio-7600-ClientPoller" daemon [_thread_in_native, id=3272, stack(0x0000003447800000,0x0000003447900000)]
  0x00000144a9cc0800 JavaThread "http-nio-7600-Acceptor" daemon [_thread_in_native, id=16904, stack(0x0000003447900000,0x0000003447a00000)]

Other Threads:
  0x00000144a457a000 VMThread "VM Thread" [stack: 0x0000003445100000,0x0000003445200000] [id=18920]
  0x00000144a50c6800 WatcherThread [stack: 0x0000003445a00000,0x0000003445b00000] [id=4972]
  0x0000014487f3a000 GCTaskThread "GC Thread#0" [stack: 0x0000003444c00000,0x0000003444d00000] [id=16540]
  0x00000144a5919800 GCTaskThread "GC Thread#1" [stack: 0x0000003445c00000,0x0000003445d00000] [id=10420]
  0x00000144a5f9c800 GCTaskThread "GC Thread#2" [stack: 0x0000003446000000,0x0000003446100000] [id=13632]
  0x00000144a5ee9800 GCTaskThread "GC Thread#3" [stack: 0x0000003446100000,0x0000003446200000] [id=236]
  0x00000144a5eea000 GCTaskThread "GC Thread#4" [stack: 0x0000003446200000,0x0000003446300000] [id=19564]
  0x00000144a5eeb000 GCTaskThread "GC Thread#5" [stack: 0x0000003446300000,0x0000003446400000] [id=14476]
  0x00000144a5eeb800 GCTaskThread "GC Thread#6" [stack: 0x0000003446400000,0x0000003446500000] [id=18460]
  0x00000144a5f24000 GCTaskThread "GC Thread#7" [stack: 0x0000003446500000,0x0000003446600000] [id=18000]
  0x0000014487f54800 ConcurrentGCThread "G1 Main Marker" [stack: 0x0000003444d00000,0x0000003444e00000] [id=2176]
  0x0000014487f56000 ConcurrentGCThread "G1 Conc#0" [stack: 0x0000003444e00000,0x0000003444f00000] [id=8036]
  0x00000144a551e800 ConcurrentGCThread "G1 Conc#1" [stack: 0x0000003446600000,0x0000003446700000] [id=1780]
  0x0000014487fb3800 ConcurrentGCThread "G1 Refine#0" [stack: 0x0000003444f00000,0x0000003445000000] [id=6504]
  0x0000014487fb4800 ConcurrentGCThread "G1 Young RemSet Sampling" [stack: 0x0000003445000000,0x0000003445100000] [id=10408]

Threads with active compile tasks:
C2 CompilerThread01567017 11140   !   4       jdk.internal.loader.URLClassPath$FileLoader::getResource (164 bytes)

VM state:not at safepoint (normal execution)

VM Mutex/Monitor currently owned by a thread: None

Heap address: 0x00000000c2000000, size: 992 MB, Compressed Oops mode: 32-bit
Narrow klass base: 0x0000000000000000, Narrow klass shift: 3
Compressed class space size: 1073741824 Address: 0x0000000100000000

Heap:
 garbage-first heap   total 92160K, used 36672K [0x00000000c2000000, 0x0000000100000000)
  region size 1024K, 2 young (2048K), 1 survivors (1024K)
 Metaspace       used 79474K, capacity 81389K, committed 82000K, reserved 1120256K
  class space    used 9605K, capacity 10355K, committed 10620K, reserved 1048576K
Heap Regions: E=young(eden), S=young(survivor), O=old, HS=humongous(starts), HC=humongous(continues), CS=collection set, F=free, A=archive, TAMS=top-at-mark-start (previous, next)
|   0|0x00000000c2000000, 0x00000000c2100000, 0x00000000c2100000|100%|HS|  |TAMS 0x00000000c2100000, 0x00000000c2000000| Complete 
|   1|0x00000000c2100000, 0x00000000c21ffff0, 0x00000000c2200000| 99%| O|  |TAMS 0x00000000c21ffff0, 0x00000000c2100000| Untracked 
|   2|0x00000000c2200000, 0x00000000c22ffff0, 0x00000000c2300000| 99%| O|  |TAMS 0x00000000c22ffff0, 0x00000000c2200000| Untracked 
|   3|0x00000000c2300000, 0x00000000c23fffe0, 0x00000000c2400000| 99%| O|  |TAMS 0x00000000c23fffe0, 0x00000000c2300000| Untracked 
|   4|0x00000000c2400000, 0x00000000c24ffff0, 0x00000000c2500000| 99%| O|  |TAMS 0x00000000c24ffff0, 0x00000000c2400000| Untracked 
|   5|0x00000000c2500000, 0x00000000c25fffe8, 0x00000000c2600000| 99%| O|  |TAMS 0x00000000c25fffe8, 0x00000000c2500000| Untracked 
|   6|0x00000000c2600000, 0x00000000c26fffc0, 0x00000000c2700000| 99%| O|  |TAMS 0x00000000c26fffc0, 0x00000000c2600000| Untracked 
|   7|0x00000000c2700000, 0x00000000c27ffff8, 0x00000000c2800000| 99%| O|  |TAMS 0x00000000c27ffff8, 0x00000000c2700000| Untracked 
|   8|0x00000000c2800000, 0x00000000c2900000, 0x00000000c2900000|100%| O|  |TAMS 0x00000000c2900000, 0x00000000c2800000| Untracked 
|   9|0x00000000c2900000, 0x00000000c2a00000, 0x00000000c2a00000|100%| O|  |TAMS 0x00000000c2a00000, 0x00000000c2900000| Untracked 
|  10|0x00000000c2a00000, 0x00000000c2afffe0, 0x00000000c2b00000| 99%| O|  |TAMS 0x00000000c2afffe0, 0x00000000c2a00000| Untracked 
|  11|0x00000000c2b00000, 0x00000000c2bffff0, 0x00000000c2c00000| 99%| O|  |TAMS 0x00000000c2bffff0, 0x00000000c2b00000| Untracked 
|  12|0x00000000c2c00000, 0x00000000c2d00000, 0x00000000c2d00000|100%| O|  |TAMS 0x00000000c2d00000, 0x00000000c2c00000| Untracked 
|  13|0x00000000c2d00000, 0x00000000c2dffff0, 0x00000000c2e00000| 99%| O|  |TAMS 0x00000000c2dffff0, 0x00000000c2d00000| Untracked 
|  14|0x00000000c2e00000, 0x00000000c2efff28, 0x00000000c2f00000| 99%| O|  |TAMS 0x00000000c2efff28, 0x00000000c2e00000| Untracked 
|  15|0x00000000c2f00000, 0x00000000c3000000, 0x00000000c3000000|100%| O|  |TAMS 0x00000000c3000000, 0x00000000c2f00000| Untracked 
|  16|0x00000000c3000000, 0x00000000c30ffff8, 0x00000000c3100000| 99%| O|  |TAMS 0x00000000c30ffff8, 0x00000000c3000000| Untracked 
|  17|0x00000000c3100000, 0x00000000c31ff9f8, 0x00000000c3200000| 99%| O|  |TAMS 0x00000000c31ff9f8, 0x00000000c3100000| Untracked 
|  18|0x00000000c3200000, 0x00000000c3300000, 0x00000000c3300000|100%| O|  |TAMS 0x00000000c3300000, 0x00000000c3200000| Untracked 
|  19|0x00000000c3300000, 0x00000000c33fffe0, 0x00000000c3400000| 99%| O|  |TAMS 0x00000000c33fffe0, 0x00000000c3300000| Untracked 
|  20|0x00000000c3400000, 0x00000000c3400000, 0x00000000c3500000|  0%| F|  |TAMS 0x00000000c3400000, 0x00000000c3400000| Untracked 
|  21|0x00000000c3500000, 0x00000000c35ffff0, 0x00000000c3600000| 99%| O|  |TAMS 0x00000000c35ffff0, 0x00000000c3500000| Untracked 
|  22|0x00000000c3600000, 0x00000000c3600000, 0x00000000c3700000|  0%| F|  |TAMS 0x00000000c3600000, 0x00000000c3600000| Untracked 
|  23|0x00000000c3700000, 0x00000000c3700000, 0x00000000c3800000|  0%| F|  |TAMS 0x00000000c3700000, 0x00000000c3700000| Untracked 
|  24|0x00000000c3800000, 0x00000000c3800000, 0x00000000c3900000|  0%| F|  |TAMS 0x00000000c3800000, 0x00000000c3800000| Untracked 
|  25|0x00000000c3900000, 0x00000000c39fffe8, 0x00000000c3a00000| 99%| O|  |TAMS 0x00000000c39fffe8, 0x00000000c3900000| Untracked 
|  26|0x00000000c3a00000, 0x00000000c3afff88, 0x00000000c3b00000| 99%| O|  |TAMS 0x00000000c3afff88, 0x00000000c3a00000| Untracked 
|  27|0x00000000c3b00000, 0x00000000c3b00000, 0x00000000c3c00000|  0%| F|  |TAMS 0x00000000c3b00000, 0x00000000c3b00000| Untracked 
|  28|0x00000000c3c00000, 0x00000000c3d00000, 0x00000000c3d00000|100%| O|  |TAMS 0x00000000c3d00000, 0x00000000c3c00000| Untracked 
|  29|0x00000000c3d00000, 0x00000000c3d00000, 0x00000000c3e00000|  0%| F|  |TAMS 0x00000000c3d00000, 0x00000000c3d00000| Untracked 
|  30|0x00000000c3e00000, 0x00000000c3f00000, 0x00000000c3f00000|100%| O|  |TAMS 0x00000000c3f00000, 0x00000000c3e00000| Untracked 
|  31|0x00000000c3f00000, 0x00000000c3f00000, 0x00000000c4000000|  0%| F|  |TAMS 0x00000000c3f00000, 0x00000000c3f00000| Untracked 
|  32|0x00000000c4000000, 0x00000000c4000000, 0x00000000c4100000|  0%| F|  |TAMS 0x00000000c4000000, 0x00000000c4000000| Untracked 
|  33|0x00000000c4100000, 0x00000000c41b1898, 0x00000000c4200000| 69%| O|  |TAMS 0x00000000c41b1898, 0x00000000c4100000| Untracked 
|  34|0x00000000c4200000, 0x00000000c4300000, 0x00000000c4300000|100%| O|  |TAMS 0x00000000c4300000, 0x00000000c4200000| Untracked 
|  35|0x00000000c4300000, 0x00000000c4400000, 0x00000000c4400000|100%| O|  |TAMS 0x00000000c4400000, 0x00000000c4300000| Untracked 
|  36|0x00000000c4400000, 0x00000000c4500000, 0x00000000c4500000|100%| O|  |TAMS 0x00000000c4500000, 0x00000000c4400000| Untracked 
|  37|0x00000000c4500000, 0x00000000c4600000, 0x00000000c4600000|100%| O|  |TAMS 0x00000000c4600000, 0x00000000c4500000| Untracked 
|  38|0x00000000c4600000, 0x00000000c4700000, 0x00000000c4700000|100%| O|  |TAMS 0x00000000c4700000, 0x00000000c4600000| Untracked 
|  39|0x00000000c4700000, 0x00000000c4800000, 0x00000000c4800000|100%| O|  |TAMS 0x00000000c4800000, 0x00000000c4700000| Untracked 
|  40|0x00000000c4800000, 0x00000000c4900000, 0x00000000c4900000|100%| O|  |TAMS 0x00000000c4897800, 0x00000000c4800000| Untracked 
|  41|0x00000000c4900000, 0x00000000c4a00000, 0x00000000c4a00000|100%| O|  |TAMS 0x00000000c4900000, 0x00000000c4900000| Untracked 
|  42|0x00000000c4a00000, 0x00000000c4b00000, 0x00000000c4b00000|100%| O|  |TAMS 0x00000000c4a00000, 0x00000000c4a00000| Untracked 
|  43|0x00000000c4b00000, 0x00000000c4bcde00, 0x00000000c4c00000| 80%| O|  |TAMS 0x00000000c4b00000, 0x00000000c4b00000| Untracked 
|  44|0x00000000c4c00000, 0x00000000c4c00000, 0x00000000c4d00000|  0%| F|  |TAMS 0x00000000c4c00000, 0x00000000c4c00000| Untracked 
|  45|0x00000000c4d00000, 0x00000000c4d00000, 0x00000000c4e00000|  0%| F|  |TAMS 0x00000000c4d00000, 0x00000000c4d00000| Untracked 
|  46|0x00000000c4e00000, 0x00000000c4e00000, 0x00000000c4f00000|  0%| F|  |TAMS 0x00000000c4e00000, 0x00000000c4e00000| Untracked 
|  47|0x00000000c4f00000, 0x00000000c4f00000, 0x00000000c5000000|  0%| F|  |TAMS 0x00000000c4f00000, 0x00000000c4f00000| Untracked 
|  48|0x00000000c5000000, 0x00000000c5000000, 0x00000000c5100000|  0%| F|  |TAMS 0x00000000c5000000, 0x00000000c5000000| Untracked 
|  49|0x00000000c5100000, 0x00000000c5100000, 0x00000000c5200000|  0%| F|  |TAMS 0x00000000c5100000, 0x00000000c5100000| Untracked 
|  50|0x00000000c5200000, 0x00000000c5200000, 0x00000000c5300000|  0%| F|  |TAMS 0x00000000c5200000, 0x00000000c5200000| Untracked 
|  51|0x00000000c5300000, 0x00000000c5300000, 0x00000000c5400000|  0%| F|  |TAMS 0x00000000c5300000, 0x00000000c5300000| Untracked 
|  52|0x00000000c5400000, 0x00000000c5400000, 0x00000000c5500000|  0%| F|  |TAMS 0x00000000c5400000, 0x00000000c5400000| Untracked 
|  53|0x00000000c5500000, 0x00000000c5500000, 0x00000000c5600000|  0%| F|  |TAMS 0x00000000c5500000, 0x00000000c5500000| Untracked 
|  54|0x00000000c5600000, 0x00000000c5600000, 0x00000000c5700000|  0%| F|  |TAMS 0x00000000c5600000, 0x00000000c5600000| Untracked 
|  55|0x00000000c5700000, 0x00000000c5700000, 0x00000000c5800000|  0%| F|  |TAMS 0x00000000c5700000, 0x00000000c5700000| Untracked 
|  56|0x00000000c5800000, 0x00000000c5800000, 0x00000000c5900000|  0%| F|  |TAMS 0x00000000c5800000, 0x00000000c5800000| Untracked 
|  57|0x00000000c5900000, 0x00000000c5900000, 0x00000000c5a00000|  0%| F|  |TAMS 0x00000000c5900000, 0x00000000c5900000| Untracked 
|  58|0x00000000c5a00000, 0x00000000c5a00000, 0x00000000c5b00000|  0%| F|  |TAMS 0x00000000c5a00000, 0x00000000c5a00000| Untracked 
|  59|0x00000000c5b00000, 0x00000000c5b00000, 0x00000000c5c00000|  0%| F|  |TAMS 0x00000000c5b00000, 0x00000000c5b00000| Untracked 
|  60|0x00000000c5c00000, 0x00000000c5c00000, 0x00000000c5d00000|  0%| F|  |TAMS 0x00000000c5c00000, 0x00000000c5c00000| Untracked 
|  61|0x00000000c5d00000, 0x00000000c5d00000, 0x00000000c5e00000|  0%| F|  |TAMS 0x00000000c5d00000, 0x00000000c5d00000| Untracked 
|  62|0x00000000c5e00000, 0x00000000c5e00000, 0x00000000c5f00000|  0%| F|  |TAMS 0x00000000c5e00000, 0x00000000c5e00000| Untracked 
|  63|0x00000000c5f00000, 0x00000000c5f00000, 0x00000000c6000000|  0%| F|  |TAMS 0x00000000c5f00000, 0x00000000c5f00000| Untracked 
|  64|0x00000000c6000000, 0x00000000c6000000, 0x00000000c6100000|  0%| F|  |TAMS 0x00000000c6000000, 0x00000000c6000000| Untracked 
|  65|0x00000000c6100000, 0x00000000c6100000, 0x00000000c6200000|  0%| F|  |TAMS 0x00000000c6100000, 0x00000000c6100000| Untracked 
|  66|0x00000000c6200000, 0x00000000c6200000, 0x00000000c6300000|  0%| F|  |TAMS 0x00000000c6200000, 0x00000000c6200000| Untracked 
|  67|0x00000000c6300000, 0x00000000c6300000, 0x00000000c6400000|  0%| F|  |TAMS 0x00000000c6300000, 0x00000000c6300000| Untracked 
|  68|0x00000000c6400000, 0x00000000c6400000, 0x00000000c6500000|  0%| F|  |TAMS 0x00000000c6400000, 0x00000000c6400000| Untracked 
|  69|0x00000000c6500000, 0x00000000c6500000, 0x00000000c6600000|  0%| F|  |TAMS 0x00000000c6500000, 0x00000000c6500000| Untracked 
|  70|0x00000000c6600000, 0x00000000c6600000, 0x00000000c6700000|  0%| F|  |TAMS 0x00000000c6600000, 0x00000000c6600000| Untracked 
|  71|0x00000000c6700000, 0x00000000c6700000, 0x00000000c6800000|  0%| F|  |TAMS 0x00000000c6700000, 0x00000000c6700000| Untracked 
|  72|0x00000000c6800000, 0x00000000c6800000, 0x00000000c6900000|  0%| F|  |TAMS 0x00000000c6800000, 0x00000000c6800000| Untracked 
|  73|0x00000000c6900000, 0x00000000c6900000, 0x00000000c6a00000|  0%| F|  |TAMS 0x00000000c6900000, 0x00000000c6900000| Untracked 
|  74|0x00000000c6a00000, 0x00000000c6a00000, 0x00000000c6b00000|  0%| F|  |TAMS 0x00000000c6a00000, 0x00000000c6a00000| Untracked 
|  75|0x00000000c6b00000, 0x00000000c6b00000, 0x00000000c6c00000|  0%| F|  |TAMS 0x00000000c6b00000, 0x00000000c6b00000| Untracked 
|  76|0x00000000c6c00000, 0x00000000c6c00000, 0x00000000c6d00000|  0%| F|  |TAMS 0x00000000c6c00000, 0x00000000c6c00000| Untracked 
|  77|0x00000000c6d00000, 0x00000000c6d00000, 0x00000000c6e00000|  0%| F|  |TAMS 0x00000000c6d00000, 0x00000000c6d00000| Untracked 
|  78|0x00000000c6e00000, 0x00000000c6e00000, 0x00000000c6f00000|  0%| F|  |TAMS 0x00000000c6e00000, 0x00000000c6e00000| Untracked 
|  79|0x00000000c6f00000, 0x00000000c6f00000, 0x00000000c7000000|  0%| F|  |TAMS 0x00000000c6f00000, 0x00000000c6f00000| Untracked 
|  80|0x00000000c7000000, 0x00000000c7000000, 0x00000000c7100000|  0%| F|  |TAMS 0x00000000c7000000, 0x00000000c7000000| Untracked 
|  81|0x00000000c7100000, 0x00000000c7100000, 0x00000000c7200000|  0%| F|  |TAMS 0x00000000c7100000, 0x00000000c7100000| Untracked 
|  82|0x00000000c7200000, 0x00000000c7200000, 0x00000000c7300000|  0%| F|  |TAMS 0x00000000c7200000, 0x00000000c7200000| Untracked 
|  83|0x00000000c7300000, 0x00000000c7300000, 0x00000000c7400000|  0%| F|  |TAMS 0x00000000c7300000, 0x00000000c7300000| Untracked 
|  84|0x00000000c7400000, 0x00000000c74513a0, 0x00000000c7500000| 31%| S|CS|TAMS 0x00000000c7400000, 0x00000000c7400000| Complete 
|  85|0x00000000c7500000, 0x00000000c7500000, 0x00000000c7600000|  0%| F|  |TAMS 0x00000000c7500000, 0x00000000c7500000| Untracked 
|  86|0x00000000c7600000, 0x00000000c7600000, 0x00000000c7700000|  0%| F|  |TAMS 0x00000000c7600000, 0x00000000c7600000| Untracked 
|  87|0x00000000c7700000, 0x00000000c7700000, 0x00000000c7800000|  0%| F|  |TAMS 0x00000000c7700000, 0x00000000c7700000| Untracked 
|  88|0x00000000c7800000, 0x00000000c7800000, 0x00000000c7900000|  0%| F|  |TAMS 0x00000000c7800000, 0x00000000c7800000| Untracked 
|  89|0x00000000c7900000, 0x00000000c7a00000, 0x00000000c7a00000|100%| E|  |TAMS 0x00000000c7900000, 0x00000000c7900000| Complete 

Card table byte_map: [0x000001449f8c0000,0x000001449fab0000] _byte_map_base: 0x000001449f2b0000

Marking Bits (Prev, Next): (CMBitMap*) 0x0000014487f4fd50, (CMBitMap*) 0x0000014487f4fd18
 Prev Bits: [0x00000144a0c20000, 0x00000144a1ba0000)
 Next Bits: [0x000001449fca0000, 0x00000144a0c20000)

Polling page: 0x0000014487700000

Metaspace:

Usage:
  Non-class:     69.37 MB capacity,    68.23 MB ( 98%) used,   921.88 KB (  1%) free+waste,   243.75 KB ( <1%) overhead. 
      Class:     10.11 MB capacity,     9.38 MB ( 93%) used,   642.64 KB (  6%) free+waste,   106.38 KB (  1%) overhead. 
       Both:     79.48 MB capacity,    77.61 MB ( 98%) used,     1.53 MB (  2%) free+waste,   350.13 KB ( <1%) overhead. 

Virtual space:
  Non-class space:       70.00 MB reserved,      69.71 MB (>99%) committed 
      Class space:        1.00 GB reserved,      10.37 MB (  1%) committed 
             Both:        1.07 GB reserved,      80.08 MB (  7%) committed 

Chunk freelists:
   Non-Class:  35.25 KB
       Class:  17.63 KB
        Both:  52.88 KB

CodeHeap 'non-profiled nmethods': size=120000Kb used=5062Kb max_used=5062Kb free=114937Kb
 bounds [0x0000014497e70000, 0x0000014498370000, 0x000001449f3a0000]
CodeHeap 'profiled nmethods': size=120000Kb used=17672Kb max_used=17672Kb free=102327Kb
 bounds [0x0000014490940000, 0x0000014491aa0000, 0x0000014497e70000]
CodeHeap 'non-nmethods': size=5760Kb used=1252Kb max_used=1299Kb free=4507Kb
 bounds [0x00000144903a0000, 0x0000014490610000, 0x0000014490940000]
 total_blobs=9982 nmethods=9356 adapters=535
 compilation: enabled
              stopped_count=0, restarted_count=0
 full_count=0

Compilation events (10 events):
Event: 1437.553 Thread 0x00000144a460d000 nmethod 11135 0x0000014498350410 code [0x00000144983505a0, 0x00000144983506b8]
Event: 1476.534 Thread 0x00000144a4602800 11136   !   4       jdk.internal.loader.BuiltinClassLoader::findResource (154 bytes)
Event: 1478.985 Thread 0x00000144a4602800 nmethod 11136 0x0000014498350710 code [0x00000144983511c0, 0x0000014498359490]
Event: 1496.866 Thread 0x00000144a4602800 11137   !   4       java.util.AbstractSet::equals (45 bytes)
Event: 1496.872 Thread 0x00000144a4602800 nmethod 11137 0x000001449835e790 code [0x000001449835e940, 0x000001449835eb18]
Event: 1501.045 Thread 0x00000144a4602800 11138       4       org.springframework.boot.devtools.filewatch.DirectorySnapshot::filter (72 bytes)
Event: 1501.047 Thread 0x00000144a4602800 nmethod 11138 0x000001449835ed10 code [0x000001449835eea0, 0x000001449835ef18]
Event: 1501.790 Thread 0x00000144a4602800 11139       4       java.util.TreeMap::put (247 bytes)
Event: 1501.909 Thread 0x00000144a4602800 nmethod 11139 0x000001449835ef90 code [0x000001449835f1e0, 0x0000014498362718]
Event: 1566.852 Thread 0x00000144a4602800 11140   !   4       jdk.internal.loader.URLClassPath$FileLoader::getResource (164 bytes)

GC Heap History (10 events):
Event: 1467.156 GC heap before
{Heap before GC invocations=72 (full 2):
 garbage-first heap   total 92160K, used 73340K [0x00000000c2000000, 0x0000000100000000)
  region size 1024K, 35 young (35840K), 2 survivors (2048K)
 Metaspace       used 79474K, capacity 81389K, committed 82000K, reserved 1120256K
  class space    used 9605K, capacity 10355K, committed 10620K, reserved 1048576K
}
Event: 1467.238 GC heap after
{Heap after GC invocations=73 (full 2):
 garbage-first heap   total 92160K, used 39589K [0x00000000c2000000, 0x0000000100000000)
  region size 1024K, 2 young (2048K), 2 survivors (2048K)
 Metaspace       used 79474K, capacity 81389K, committed 82000K, reserved 1120256K
  class space    used 9605K, capacity 10355K, committed 10620K, reserved 1048576K
}
Event: 1483.181 GC heap before
{Heap before GC invocations=73 (full 2):
 garbage-first heap   total 92160K, used 41637K [0x00000000c2000000, 0x0000000100000000)
  region size 1024K, 4 young (4096K), 2 survivors (2048K)
 Metaspace       used 79474K, capacity 81389K, committed 82000K, reserved 1120256K
  class space    used 9605K, capacity 10355K, committed 10620K, reserved 1048576K
}
Event: 1486.010 GC heap after
{Heap after GC invocations=74 (full 2):
 garbage-first heap   total 92160K, used 36832K [0x00000000c2000000, 0x0000000100000000)
  region size 1024K, 1 young (1024K), 1 survivors (1024K)
 Metaspace       used 79474K, capacity 81389K, committed 82000K, reserved 1120256K
  class space    used 9605K, capacity 10355K, committed 10620K, reserved 1048576K
}
Event: 1507.949 GC heap before
{Heap before GC invocations=74 (full 2):
 garbage-first heap   total 92160K, used 39904K [0x00000000c2000000, 0x0000000100000000)
  region size 1024K, 4 young (4096K), 1 survivors (1024K)
 Metaspace       used 79474K, capacity 81389K, committed 82000K, reserved 1120256K
  class space    used 9605K, capacity 10355K, committed 10620K, reserved 1048576K
}
Event: 1507.952 GC heap after
{Heap after GC invocations=75 (full 2):
 garbage-first heap   total 92160K, used 36673K [0x00000000c2000000, 0x0000000100000000)
  region size 1024K, 1 young (1024K), 1 survivors (1024K)
 Metaspace       used 79474K, capacity 81389K, committed 82000K, reserved 1120256K
  class space    used 9605K, capacity 10355K, committed 10620K, reserved 1048576K
}
Event: 1529.789 GC heap before
{Heap before GC invocations=75 (full 2):
 garbage-first heap   total 92160K, used 39745K [0x00000000c2000000, 0x0000000100000000)
  region size 1024K, 4 young (4096K), 1 survivors (1024K)
 Metaspace       used 79474K, capacity 81389K, committed 82000K, reserved 1120256K
  class space    used 9605K, capacity 10355K, committed 10620K, reserved 1048576K
}
Event: 1529.790 GC heap after
{Heap after GC invocations=76 (full 2):
 garbage-first heap   total 92160K, used 36668K [0x00000000c2000000, 0x0000000100000000)
  region size 1024K, 1 young (1024K), 1 survivors (1024K)
 Metaspace       used 79474K, capacity 81389K, committed 82000K, reserved 1120256K
  class space    used 9605K, capacity 10355K, committed 10620K, reserved 1048576K
}
Event: 1559.315 GC heap before
{Heap before GC invocations=76 (full 2):
 garbage-first heap   total 92160K, used 40764K [0x00000000c2000000, 0x0000000100000000)
  region size 1024K, 5 young (5120K), 1 survivors (1024K)
 Metaspace       used 79474K, capacity 81389K, committed 82000K, reserved 1120256K
  class space    used 9605K, capacity 10355K, committed 10620K, reserved 1048576K
}
Event: 1559.318 GC heap after
{Heap after GC invocations=77 (full 2):
 garbage-first heap   total 92160K, used 36672K [0x00000000c2000000, 0x0000000100000000)
  region size 1024K, 1 young (1024K), 1 survivors (1024K)
 Metaspace       used 79474K, capacity 81389K, committed 82000K, reserved 1120256K
  class space    used 9605K, capacity 10355K, committed 10620K, reserved 1048576K
}

Deoptimization events (10 events):
Event: 750.242 Thread 0x00000144aa55a000 Uncommon trap: reason=profile_predicate action=maybe_recompile pc=0x0000014498327454 method=org.springframework.aop.support.AopUtils.canApply(Lorg/springframework/aop/Pointcut;Ljava/lang/Class;Z)Z @ 111 c2
Event: 750.340 Thread 0x00000144aa55a000 Uncommon trap: reason=profile_predicate action=maybe_recompile pc=0x000001449832c544 method=org.springframework.aop.support.AopUtils.canApply(Lorg/springframework/aop/Pointcut;Ljava/lang/Class;Z)Z @ 149 c2
Event: 750.346 Thread 0x00000144aa55a000 Uncommon trap: reason=profile_predicate action=maybe_recompile pc=0x000001449832c544 method=org.springframework.aop.support.AopUtils.canApply(Lorg/springframework/aop/Pointcut;Ljava/lang/Class;Z)Z @ 149 c2
Event: 1202.879 Thread 0x00000144a9cb6800 Uncommon trap: reason=null_check action=make_not_entrant pc=0x00000144982e1c0c method=org.springframework.beans.factory.support.AbstractBeanFactory.clearMergedBeanDefinition(Ljava/lang/String;)V @ 10 c2
Event: 1211.836 Thread 0x00000144a9cb6800 Uncommon trap: reason=class_check action=maybe_recompile pc=0x000001449823ff84 method=java.util.concurrent.ConcurrentHashMap.putVal(Ljava/lang/Object;Ljava/lang/Object;Z)Ljava/lang/Object; @ 159 c2
Event: 1211.851 Thread 0x00000144a9cb6800 Uncommon trap: reason=class_check action=maybe_recompile pc=0x000001449823ff84 method=java.util.concurrent.ConcurrentHashMap.putVal(Ljava/lang/Object;Ljava/lang/Object;Z)Ljava/lang/Object; @ 159 c2
Event: 1511.796 Thread 0x00000144aa556800 Uncommon trap: reason=profile_predicate action=maybe_recompile pc=0x0000014498361f28 method=java.util.TreeMap.put(Ljava/lang/Object;Ljava/lang/Object;)Ljava/lang/Object; @ 55 c2
Event: 1511.796 Thread 0x00000144aa556800 Uncommon trap: reason=profile_predicate action=maybe_recompile pc=0x0000014498361f28 method=java.util.TreeMap.put(Ljava/lang/Object;Ljava/lang/Object;)Ljava/lang/Object; @ 55 c2
Event: 1511.796 Thread 0x00000144aa556800 Uncommon trap: reason=profile_predicate action=maybe_recompile pc=0x0000014498361f28 method=java.util.TreeMap.put(Ljava/lang/Object;Ljava/lang/Object;)Ljava/lang/Object; @ 55 c2
Event: 1511.796 Thread 0x00000144aa556800 Uncommon trap: reason=profile_predicate action=maybe_recompile pc=0x0000014498361f28 method=java.util.TreeMap.put(Ljava/lang/Object;Ljava/lang/Object;)Ljava/lang/Object; @ 55 c2

Classes redefined (0 events):
No events

Internal exceptions (10 events):
Event: 750.044 Thread 0x00000144aa55a000 Exception <a 'java/lang/ClassNotFoundException'{0x00000000c5b4d208}: java/lang/ObjectCustomizer> (0x00000000c5b4d208) thrown at [./open/src/hotspot/share/classfile/systemDictionary.cpp, line 228]
Event: 750.045 Thread 0x00000144aa55a000 Exception <a 'java/lang/ClassNotFoundException'{0x00000000c5b5d150}: com/dayliv/dayliv/model/UserCustomizer> (0x00000000c5b5d150) thrown at [./open/src/hotspot/share/classfile/systemDictionary.cpp, line 228]
Event: 750.046 Thread 0x00000144aa55a000 Exception <a 'java/lang/ClassNotFoundException'{0x00000000c5b7b008}: com/dayliv/dayliv/model/DispatcherCustomizer> (0x00000000c5b7b008) thrown at [./open/src/hotspot/share/classfile/systemDictionary.cpp, line 228]
Event: 750.134 Thread 0x00000144aa55a000 Exception <a 'java/lang/ClassNotFoundException'{0x00000000c6a12cb8}: java/lang/ObjectCustomizer> (0x00000000c6a12cb8) thrown at [./open/src/hotspot/share/classfile/systemDictionary.cpp, line 228]
Event: 750.135 Thread 0x00000144aa55a000 Exception <a 'java/lang/ClassNotFoundException'{0x00000000c6a22c40}: com/dayliv/dayliv/model/UserCustomizer> (0x00000000c6a22c40) thrown at [./open/src/hotspot/share/classfile/systemDictionary.cpp, line 228]
Event: 750.136 Thread 0x00000144aa55a000 Exception <a 'java/lang/ClassNotFoundException'{0x00000000c6a3ffd8}: com/dayliv/dayliv/model/LivreurCustomizer> (0x00000000c6a3ffd8) thrown at [./open/src/hotspot/share/classfile/systemDictionary.cpp, line 228]
Event: 750.323 Thread 0x00000144aa55a000 Exception <a 'java/lang/ClassNotFoundException'{0x00000000c6198928}: java/lang/ObjectCustomizer> (0x00000000c6198928) thrown at [./open/src/hotspot/share/classfile/systemDictionary.cpp, line 228]
Event: 750.324 Thread 0x00000144aa55a000 Exception <a 'java/lang/ClassNotFoundException'{0x00000000c61a8870}: com/dayliv/dayliv/model/UserCustomizer> (0x00000000c61a8870) thrown at [./open/src/hotspot/share/classfile/systemDictionary.cpp, line 228]
Event: 750.326 Thread 0x00000144aa55a000 Exception <a 'java/lang/ClassNotFoundException'{0x00000000c61c6728}: com/dayliv/dayliv/model/SuperAdminCustomizer> (0x00000000c61c6728) thrown at [./open/src/hotspot/share/classfile/systemDictionary.cpp, line 228]
Event: 1202.868 Thread 0x00000144a9cb6800 Implicit null exception at 0x00000144982de39f to 0x00000144982e1bde

Events (10 events):
Event: 1511.796 Thread 0x00000144aa556800 Uncommon trap: trap_request=0xffffffbe fr.pc=0x0000014498361f28 relative=0x0000000000002d48
Event: 1511.796 Thread 0x00000144aa556800 DEOPT PACKING pc=0x0000014498361f28 sp=0x00000034468fe940
Event: 1511.796 Thread 0x00000144aa556800 DEOPT UNPACKING pc=0x00000144903c8f2f sp=0x00000034468fe940 mode 2
Event: 1511.796 Thread 0x00000144aa556800 Uncommon trap: trap_request=0xffffffbe fr.pc=0x0000014498361f28 relative=0x0000000000002d48
Event: 1511.796 Thread 0x00000144aa556800 DEOPT PACKING pc=0x0000014498361f28 sp=0x00000034468fe940
Event: 1511.796 Thread 0x00000144aa556800 DEOPT UNPACKING pc=0x00000144903c8f2f sp=0x00000034468fe940 mode 2
Event: 1529.789 Executing VM operation: G1CollectForAllocation
Event: 1529.790 Executing VM operation: G1CollectForAllocation done
Event: 1559.315 Executing VM operation: G1CollectForAllocation
Event: 1559.318 Executing VM operation: G1CollectForAllocation done


Dynamic libraries:
0x00007ff6135b0000 - 0x00007ff6135bf000 	C:\Program Files\Java\jdk-11.0.9\bin\javaw.exe
0x00007ffc73710000 - 0x00007ffc73906000 	C:\Windows\SYSTEM32\ntdll.dll
0x00007ffc72b00000 - 0x00007ffc72bbd000 	C:\Windows\System32\KERNEL32.DLL
0x00007ffc70f20000 - 0x00007ffc711e9000 	C:\Windows\System32\KERNELBASE.dll
0x00007ffc71620000 - 0x00007ffc71720000 	C:\Windows\System32\ucrtbase.dll
0x00007ffc6c5c0000 - 0x00007ffc6c5d8000 	C:\Program Files\Java\jdk-11.0.9\bin\jli.dll
0x00007ffc71820000 - 0x00007ffc718cc000 	C:\Windows\System32\ADVAPI32.dll
0x00007ffc723a0000 - 0x00007ffc7243e000 	C:\Windows\System32\msvcrt.dll
0x00007ffc5fe10000 - 0x00007ffc5fe25000 	C:\Program Files\Java\jdk-11.0.9\bin\VCRUNTIME140.dll
0x00007ffc72440000 - 0x00007ffc724dc000 	C:\Windows\System32\sechost.dll
0x00007ffc71e00000 - 0x00007ffc71f2b000 	C:\Windows\System32\RPCRT4.dll
0x00007ffc71b60000 - 0x00007ffc71d00000 	C:\Windows\System32\USER32.dll
0x00007ffc70e50000 - 0x00007ffc70e72000 	C:\Windows\System32\win32u.dll
0x00007ffc5ebb0000 - 0x00007ffc5ee4b000 	C:\Windows\WinSxS\amd64_microsoft.windows.common-controls_6595b64144ccf1df_6.0.19041.746_none_ca02b4b61b8320a4\COMCTL32.dll
0x00007ffc73690000 - 0x00007ffc736ba000 	C:\Windows\System32\GDI32.dll
0x00007ffc711f0000 - 0x00007ffc712fb000 	C:\Windows\System32\gdi32full.dll
0x00007ffc70e80000 - 0x00007ffc70f1d000 	C:\Windows\System32\msvcp_win.dll
0x00007ffc6a350000 - 0x00007ffc6a35a000 	C:\Windows\SYSTEM32\VERSION.dll
0x00007ffc718d0000 - 0x00007ffc71900000 	C:\Windows\System32\IMM32.DLL
0x00007ffc43cb0000 - 0x00007ffc43d4b000 	C:\Program Files\Java\jdk-11.0.9\bin\msvcp140.dll
0x00007ffc3ea30000 - 0x00007ffc3f527000 	C:\Program Files\Java\jdk-11.0.9\bin\server\jvm.dll
0x00007ffc736c0000 - 0x00007ffc736c8000 	C:\Windows\System32\PSAPI.DLL
0x00007ffc5c4c0000 - 0x00007ffc5c4c9000 	C:\Windows\SYSTEM32\WSOCK32.dll
0x00007ffc63b60000 - 0x00007ffc63b87000 	C:\Windows\SYSTEM32\WINMM.dll
0x00007ffc72750000 - 0x00007ffc727bb000 	C:\Windows\System32\WS2_32.dll
0x00007ffc6f720000 - 0x00007ffc6f732000 	C:\Windows\SYSTEM32\kernel.appcore.dll
0x00007ffc69dc0000 - 0x00007ffc69dd0000 	C:\Program Files\Java\jdk-11.0.9\bin\verify.dll
0x00007ffc6ec90000 - 0x00007ffc6ee74000 	C:\Windows\SYSTEM32\DBGHELP.DLL
0x00007ffc58460000 - 0x00007ffc5848c000 	C:\Windows\SYSTEM32\dbgcore.DLL
0x00007ffc715a0000 - 0x00007ffc71620000 	C:\Windows\System32\bcryptPrimitives.dll
0x00007ffc5fb80000 - 0x00007ffc5fba8000 	C:\Program Files\Java\jdk-11.0.9\bin\java.dll
0x00007ffc69040000 - 0x00007ffc6904a000 	C:\Program Files\Java\jdk-11.0.9\bin\jimage.dll
0x00007ffc5fdf0000 - 0x00007ffc5fe06000 	C:\Program Files\Java\jdk-11.0.9\bin\zip.dll
0x00007ffc72be0000 - 0x00007ffc73322000 	C:\Windows\System32\SHELL32.dll
0x00007ffc6ef80000 - 0x00007ffc6f710000 	C:\Windows\SYSTEM32\windows.storage.dll
0x00007ffc73330000 - 0x00007ffc73686000 	C:\Windows\System32\combase.dll
0x00007ffc708b0000 - 0x00007ffc708dc000 	C:\Windows\SYSTEM32\Wldp.dll
0x00007ffc71770000 - 0x00007ffc7181e000 	C:\Windows\System32\SHCORE.dll
0x00007ffc726f0000 - 0x00007ffc72745000 	C:\Windows\System32\shlwapi.dll
0x00007ffc70d80000 - 0x00007ffc70da6000 	C:\Windows\SYSTEM32\profapi.dll
0x00007ffc5fd90000 - 0x00007ffc5fda9000 	C:\Program Files\Java\jdk-11.0.9\bin\net.dll
0x00007ffc5e540000 - 0x00007ffc5e640000 	C:\Windows\SYSTEM32\WINHTTP.dll
0x00007ffc70630000 - 0x00007ffc7069a000 	C:\Windows\system32\mswsock.dll
0x00007ffc5fb60000 - 0x00007ffc5fb72000 	C:\Program Files\Java\jdk-11.0.9\bin\nio.dll
0x00007ffc5fb50000 - 0x00007ffc5fb59000 	C:\Program Files\Java\jdk-11.0.9\bin\management.dll
0x00007ffc5fb40000 - 0x00007ffc5fb4b000 	C:\Program Files\Java\jdk-11.0.9\bin\management_ext.dll
0x00007ffc584d0000 - 0x00007ffc584e7000 	C:\Windows\system32\napinsp.dll
0x00007ffc58050000 - 0x00007ffc5806b000 	C:\Windows\system32\pnrpnsp.dll
0x00007ffc56250000 - 0x00007ffc56265000 	C:\Windows\system32\wshbth.dll
0x00007ffc6c1f0000 - 0x00007ffc6c20d000 	C:\Windows\system32\NLAapi.dll
0x00007ffc702d0000 - 0x00007ffc7030b000 	C:\Windows\SYSTEM32\IPHLPAPI.DLL
0x00007ffc70310000 - 0x00007ffc703db000 	C:\Windows\SYSTEM32\DNSAPI.dll
0x00007ffc71d70000 - 0x00007ffc71d78000 	C:\Windows\System32\NSI.dll
0x00007ffc54a40000 - 0x00007ffc54a52000 	C:\Windows\System32\winrnr.dll
0x00007ffc5e400000 - 0x00007ffc5e40a000 	C:\Windows\System32\rasadhlp.dll
0x00007ffc5e4c0000 - 0x00007ffc5e53f000 	C:\Windows\System32\fwpuclnt.dll
0x00007ffc71510000 - 0x00007ffc71537000 	C:\Windows\System32\bcrypt.dll
0x00007ffc70800000 - 0x00007ffc70818000 	C:\Windows\SYSTEM32\CRYPTSP.dll
0x00007ffc6ff60000 - 0x00007ffc6ff94000 	C:\Windows\system32\rsaenh.dll
0x00007ffc70d40000 - 0x00007ffc70d6e000 	C:\Windows\SYSTEM32\USERENV.dll
0x00007ffc70820000 - 0x00007ffc7082c000 	C:\Windows\SYSTEM32\CRYPTBASE.dll
0x00007ffc6aba0000 - 0x00007ffc6abb7000 	C:\Windows\SYSTEM32\dhcpcsvc6.DLL
0x00007ffc6a360000 - 0x00007ffc6a37d000 	C:\Windows\SYSTEM32\dhcpcsvc.DLL
0x00007ffc5fb20000 - 0x00007ffc5fb2d000 	C:\Program Files\Java\jdk-11.0.9\bin\sunmscapi.dll
0x00007ffc713b0000 - 0x00007ffc71506000 	C:\Windows\System32\CRYPT32.dll
0x00007ffc70920000 - 0x00007ffc70947000 	C:\Windows\SYSTEM32\ncrypt.dll
0x00007ffc708e0000 - 0x00007ffc7091b000 	C:\Windows\SYSTEM32\NTASN1.dll
0x00007ffc5f4f0000 - 0x00007ffc5f515000 	C:\Program Files\Java\jdk-11.0.9\bin\sunec.dll

dbghelp: loaded successfully - version: 4.0.5 - missing functions: none
symbol engine: initialized successfully - sym options: 0x614 - pdb path: .;C:\Program Files\Java\jdk-11.0.9\bin;C:\Windows\SYSTEM32;C:\Windows\WinSxS\amd64_microsoft.windows.common-controls_6595b64144ccf1df_6.0.19041.746_none_ca02b4b61b8320a4;C:\Program Files\Java\jdk-11.0.9\bin\server

VM Arguments:
jvm_args: -Dfile.encoding=UTF-8 
java_command: com.dayliv.dayliv.DaylivBackendApplication
java_class_path (initial): C:\Users\Belkoweb\Code\daylivBackend\target\classes;C:\Users\Belkoweb\.m2\repository\org\springframework\boot\spring-boot-starter-data-jpa\2.3.5.RELEASE\spring-boot-starter-data-jpa-2.3.5.RELEASE.jar;C:\Users\Belkoweb\.m2\repository\org\springframework\boot\spring-boot-starter-aop\2.3.5.RELEASE\spring-boot-starter-aop-2.3.5.RELEASE.jar;C:\Users\Belkoweb\.m2\repository\org\springframework\spring-aop\5.2.10.RELEASE\spring-aop-5.2.10.RELEASE.jar;C:\Users\Belkoweb\.m2\repository\org\aspectj\aspectjweaver\1.9.6\aspectjweaver-1.9.6.jar;C:\Users\Belkoweb\.m2\repository\org\springframework\boot\spring-boot-starter-jdbc\2.3.5.RELEASE\spring-boot-starter-jdbc-2.3.5.RELEASE.jar;C:\Users\Belkoweb\.m2\repository\com\zaxxer\HikariCP\3.4.5\HikariCP-3.4.5.jar;C:\Users\Belkoweb\.m2\repository\org\springframework\spring-jdbc\5.2.10.RELEASE\spring-jdbc-5.2.10.RELEASE.jar;C:\Users\Belkoweb\.m2\repository\jakarta\transaction\jakarta.transaction-api\1.3.3\jakarta.transaction-api-1.3.3.jar;C:\Users\Belkoweb\.m2\repository\jakarta\persistence\jakarta.persistence-api\2.2.3\jakarta.persistence-api-2.2.3.jar;C:\Users\Belkoweb\.m2\repository\org\hibernate\hibernate-core\5.4.22.Final\hibernate-core-5.4.22.Final.jar;C:\Users\Belkoweb\.m2\repository\org\jboss\logging\jboss-logging\3.4.1.Final\jboss-logging-3.4.1.Final.jar;C:\Users\Belkoweb\.m2\repository\org\javassist\javassist\3.24.0-GA\javassist-3.24.0-GA.jar;C:\Users\Belkoweb\.m2\repository\net\bytebuddy\byte-buddy\1.10.17\byte-buddy-1.10.17.jar;C:\Users\Belkoweb\.m2\repository\antlr\antlr\2.7.7\antlr-2.7.7.jar;C:\Users\Belkoweb\.m2\repository\org\jboss\jandex\2.1.3.Final\jandex-2.1.3.Final.jar;C:\Users\Belkoweb\.m2\repository\com\fasterxml\classmate\1.5.1\classmate-1.5.1.jar;C:\Users\Belkoweb\.m2\repository\org\dom4j\dom4j\2.1.3\dom4j-2.1.3.jar;C:\Users\Belkoweb\.m2\repository\org\hibernate\common\hibernate-commons-annotations\5.1.0.Final\hibernate-commons-annotations-5.1.0.Final.jar;C:\Users\Belkoweb\.m2\reposito
Launcher Type: SUN_STANDARD

[Global flags]
     intx CICompilerCount                          = 4                                         {product} {ergonomic}
     uint ConcGCThreads                            = 2                                         {product} {ergonomic}
     uint G1ConcRefinementThreads                  = 8                                         {product} {ergonomic}
   size_t G1HeapRegionSize                         = 1048576                                   {product} {ergonomic}
    uintx GCDrainStackTargetSize                   = 64                                        {product} {ergonomic}
   size_t InitialHeapSize                          = 65011712                                  {product} {ergonomic}
   size_t MarkStackSize                            = 4194304                                   {product} {ergonomic}
   size_t MaxHeapSize                              = 1040187392                                {product} {ergonomic}
   size_t MaxNewSize                               = 623902720                                 {product} {ergonomic}
   size_t MinHeapDeltaBytes                        = 1048576                                   {product} {ergonomic}
    uintx NonNMethodCodeHeapSize                   = 5836300                                {pd product} {ergonomic}
    uintx NonProfiledCodeHeapSize                  = 122910970                              {pd product} {ergonomic}
    uintx ProfiledCodeHeapSize                     = 122910970                              {pd product} {ergonomic}
    uintx ReservedCodeCacheSize                    = 251658240                              {pd product} {ergonomic}
     bool SegmentedCodeCache                       = true                                      {product} {ergonomic}
     bool UseCompressedClassPointers               = true                                 {lp64_product} {ergonomic}
     bool UseCompressedOops                        = true                                 {lp64_product} {ergonomic}
     bool UseG1GC                                  = true                                      {product} {ergonomic}
     bool UseLargePagesIndividualAllocation        = false                                  {pd product} {ergonomic}

Logging:
Log output configuration:
 #0: stdout all=warning uptime,level,tags
 #1: stderr all=off uptime,level,tags

Environment Variables:
JAVA_HOME=C:\Program Files\Android\Android Studio\jre
PATH=C:\Program Files (x86)\Common Files\Oracle\Java\javapath;C:\oraclexe\app\oracle\product\11.2.0\server\bin;C:\Program Files\Common Files\Oracle\Java\javapath;C:\Windows\system32;C:\Windows;C:\Windows\System32\Wbem;C:\Windows\System32\WindowsPowerShell\v1.0\;C:\Windows\System32\OpenSSH\;C:\Program Files\Symfony;C:\Program Files\Git\cmd;C:\wamp64\bin\php\php7.4.0;C:\ProgramData\ComposerSetup\bin;C:\Program Files\PuTTY\;C:\Program Files\nodejs\;C:\Program Files\dotnet\;C:\Program Files\Java\jdk1.6.0_45;C:\Users\Belkoweb\AppData\Local\Microsoft\WindowsApps;C:\Users\Belkoweb\AppData\Roaming\Composer\vendor\bin;C:\Users\Belkoweb\AppData\Roaming\npm;C:\Program Files\heroku\bin;C:\Users\Belkoweb\.dotnet\tools
USERNAME=Belkoweb
OS=Windows_NT
PROCESSOR_IDENTIFIER=Intel64 Family 6 Model 142 Stepping 10, GenuineIntel



---------------  S Y S T E M  ---------------

OS: Windows 10 , 64 bit Build 19041 (10.0.19041.804)

CPU:total 8 (initial active 8) (4 cores per cpu, 2 threads per core) family 6 model 142 stepping 10, cmov, cx8, fxsr, mmx, sse, sse2, sse3, ssse3, sse4.1, sse4.2, popcnt, avx, avx2, aes, clmul, erms, 3dnowpref, lzcnt, ht, tsc, tscinvbit, bmi1, bmi2, adx, fma

Memory: 4k page, system-wide physical 3961M (295M free)
TotalPageFile size 16249M (AvailPageFile size 4M)
current process WorkingSet (physical memory assigned to process): 88M, peak: 261M
current process commit charge ("private bytes"): 314M, peak: 327M

vm_info: Java HotSpot(TM) 64-Bit Server VM (11.0.9+7-LTS) for windows-amd64 JRE (11.0.9+7-LTS), built on Sep 15 2020 16:47:03 by "mach5one" with MS VC++ 15.9 (VS2017)

END.
