#
# There is insufficient memory for the Java Runtime Environment to continue.
# Native memory allocation (malloc) failed to allocate 825616 bytes for Chunk::new
# Possible reasons:
#   The system is out of physical RAM or swap space
#   The process is running with CompressedOops enabled, and the Java Heap may be blocking the growth of the native heap
# Possible solutions:
#   Reduce memory load on the system
#   Increase physical memory or swap space
#   Check if swap backing store is full
#   Decrease Java heap size (-Xmx/-Xms)
#   Decrease number of Java threads
#   Decrease Java thread stack sizes (-Xss)
#   Set larger code cache with -XX:ReservedCodeCacheSize=
#   JVM is running with Unscaled Compressed Oops mode in which the Java heap is
#     placed in the first 4GB address space. The Java Heap base address is the
#     maximum limit for the native heap growth. Please use -XX:HeapBaseMinAddress
#     to set the Java Heap base and to place the Java Heap above 4GB virtual address.
# This output file may be truncated or incomplete.
#
#  Out of Memory Error (allocation.cpp:389), pid=17372, tid=0x00000000000057bc
#
# JRE version: Java(TM) SE Runtime Environment (8.0_261-b12) (build 1.8.0_261-b12)
# Java VM: Java HotSpot(TM) 64-Bit Server VM (25.261-b12 mixed mode windows-amd64 compressed oops)
# Failed to write core dump. Minidumps are not enabled by default on client versions of Windows
#

---------------  T H R E A D  ---------------

Current thread (0x0000024a3567d800):  JavaThread "C2 CompilerThread1" daemon [_thread_in_native, id=22460, stack(0x00000085fcd00000,0x00000085fce00000)]

Stack: [0x00000085fcd00000,0x00000085fce00000]
Native frames: (J=compiled Java code, j=interpreted, Vv=VM code, C=native code)
V  [jvm.dll+0x33e5f9]
V  [jvm.dll+0x2850e2]
V  [jvm.dll+0x285d8d]
V  [jvm.dll+0x27c895]
V  [jvm.dll+0xe4d6c]
V  [jvm.dll+0xe556c]
V  [jvm.dll+0x461812]
V  [jvm.dll+0x49cc3d]
V  [jvm.dll+0x45107e]
V  [jvm.dll+0x44eb84]
V  [jvm.dll+0x439bc7]
V  [jvm.dll+0xbbbcb]
V  [jvm.dll+0xba22b]
V  [jvm.dll+0x24d962]
V  [jvm.dll+0x2a1cfc]
C  [ucrtbase.dll+0x21bb2]
C  [KERNEL32.DLL+0x17034]
C  [ntdll.dll+0x52651]


Current CompileTask:
C2:   7275 3827       4       org.springframework.core.annotation.TypeMappedAnnotations$MergedAnnotationFinder::doWithAnnotations (75 bytes)


---------------  P R O C E S S  ---------------

Java Threads: ( => current thread )
  0x0000024a3ad22000 JavaThread "mysql-cj-abandoned-connection-cleanup" daemon [_thread_blocked, id=15108, stack(0x00000085fd400000,0x00000085fd500000)]
  0x0000024a36bcd800 JavaThread "surefire-forkedjvm-ping-30s" daemon [_thread_blocked, id=13888, stack(0x00000085fd300000,0x00000085fd400000)]
  0x0000024a36b20800 JavaThread "surefire-forkedjvm-command-thread" daemon [_thread_in_native, id=3068, stack(0x00000085fd200000,0x00000085fd300000)]
  0x0000024a3570e000 JavaThread "Service Thread" daemon [_thread_blocked, id=20904, stack(0x00000085fd000000,0x00000085fd100000)]
  0x0000024a35696000 JavaThread "C1 CompilerThread3" daemon [_thread_blocked, id=13492, stack(0x00000085fcf00000,0x00000085fd000000)]
  0x0000024a35680800 JavaThread "C2 CompilerThread2" daemon [_thread_in_native, id=17796, stack(0x00000085fce00000,0x00000085fcf00000)]
=>0x0000024a3567d800 JavaThread "C2 CompilerThread1" daemon [_thread_in_native, id=22460, stack(0x00000085fcd00000,0x00000085fce00000)]
  0x0000024a35679800 JavaThread "C2 CompilerThread0" daemon [_thread_in_native, id=7600, stack(0x00000085fcc00000,0x00000085fcd00000)]
  0x0000024a35675800 JavaThread "Attach Listener" daemon [_thread_blocked, id=5828, stack(0x00000085fcb00000,0x00000085fcc00000)]
  0x0000024a35684800 JavaThread "Signal Dispatcher" daemon [_thread_blocked, id=15436, stack(0x00000085fca00000,0x00000085fcb00000)]
  0x0000024a34a69800 JavaThread "Finalizer" daemon [_thread_blocked, id=17212, stack(0x00000085fc900000,0x00000085fca00000)]
  0x0000024a35659000 JavaThread "Reference Handler" daemon [_thread_blocked, id=17540, stack(0x00000085fc800000,0x00000085fc900000)]
  0x0000024a20e22000 JavaThread "main" [_thread_in_vm, id=1320, stack(0x00000085fbe00000,0x00000085fbf00000)]

Other Threads:
  0x0000024a35633000 VMThread [stack: 0x00000085fc700000,0x00000085fc800000] [id=15716]
  0x0000024a36a84000 WatcherThread [stack: 0x00000085fd100000,0x00000085fd200000] [id=19508]

VM state:not at safepoint (normal execution)

VM Mutex/Monitor currently owned by a thread: None

heap address: 0x00000000c2000000, size: 992 MB, Compressed Oops mode: 32-bit
Narrow klass base: 0x0000000000000000, Narrow klass shift: 3
Compressed class space size: 1073741824 Address: 0x0000000100000000

Heap:
 PSYoungGen      total 148480K, used 7039K [0x00000000eb580000, 0x00000000f8600000, 0x0000000100000000)
  eden space 138752K, 5% used [0x00000000eb580000,0x00000000ebc5ffa8,0x00000000f3d00000)
  from space 9728K, 0% used [0x00000000f3d00000,0x00000000f3d00000,0x00000000f4680000)
  to   space 10240K, 0% used [0x00000000f7c00000,0x00000000f7c00000,0x00000000f8600000)
 ParOldGen       total 30720K, used 13033K [0x00000000c2000000, 0x00000000c3e00000, 0x00000000eb580000)
  object space 30720K, 42% used [0x00000000c2000000,0x00000000c2cba528,0x00000000c3e00000)
 Metaspace       used 33318K, capacity 35480K, committed 35712K, reserved 1079296K
  class space    used 4471K, capacity 4874K, committed 4992K, reserved 1048576K

Card table byte_map: [0x0000024a31d30000,0x0000024a31f30000] byte_map_base: 0x0000024a31720000

Marking Bits: (ParMarkBitMap*) 0x0000000066134fb0
 Begin Bits: [0x0000024a32080000, 0x0000024a33000000)
 End Bits:   [0x0000024a33000000, 0x0000024a33f80000)

Polling page: 0x0000024a21090000

CodeCache: size=245760Kb used=13981Kb max_used=13981Kb free=231778Kb
 bounds [0x0000024a22970000, 0x0000024a23730000, 0x0000024a31970000]
 total_blobs=4248 nmethods=3829 adapters=331
 compilation: enabled

Compilation events (10 events):
Event: 7.218 Thread 0x0000024a35696000 3857       3       org.springframework.boot.context.properties.source.SystemEnvironmentPropertyMapper::map (41 bytes)
Event: 7.219 Thread 0x0000024a35696000 nmethod 3857 0x0000024a2370bb90 code [0x0000024a2370bda0, 0x0000024a2370c9f0]
Event: 7.219 Thread 0x0000024a35696000 3859       3       org.springframework.boot.context.properties.bind.BindConverter::convert (30 bytes)
Event: 7.219 Thread 0x0000024a35696000 nmethod 3859 0x0000024a236e3690 code [0x0000024a236e3840, 0x0000024a236e3d70]
Event: 7.219 Thread 0x0000024a35696000 3860       3       java.util.HashSet::<init> (17 bytes)
Event: 7.220 Thread 0x0000024a35696000 nmethod 3860 0x0000024a236e2f90 code [0x0000024a236e3140, 0x0000024a236e34d0]
Event: 7.220 Thread 0x0000024a35696000 3858       3       org.springframework.boot.context.properties.source.SystemEnvironmentPropertyMapper::convertName (10 bytes)
Event: 7.220 Thread 0x0000024a35696000 nmethod 3858 0x0000024a236e2a50 code [0x0000024a236e2bc0, 0x0000024a236e2e50]
Event: 7.222 Thread 0x0000024a35696000 3862       3       org.springframework.core.MethodParameter::getParameterType (48 bytes)
Event: 7.222 Thread 0x0000024a35696000 nmethod 3862 0x0000024a2370efd0 code [0x0000024a2370f1a0, 0x0000024a2370f980]

GC Heap History (10 events):
Event: 3.819 GC heap before
{Heap before GC invocations=9 (full 1):
 PSYoungGen      total 69120K, used 62976K [0x00000000eb580000, 0x00000000f3c80000, 0x0000000100000000)
  eden space 62976K, 100% used [0x00000000eb580000,0x00000000ef300000,0x00000000ef300000)
  from space 6144K, 0% used [0x00000000ef300000,0x00000000ef300000,0x00000000ef900000)
  to   space 6144K, 0% used [0x00000000f3680000,0x00000000f3680000,0x00000000f3c80000)
 ParOldGen       total 30720K, used 6402K [0x00000000c2000000, 0x00000000c3e00000, 0x00000000eb580000)
  object space 30720K, 20% used [0x00000000c2000000,0x00000000c2640890,0x00000000c3e00000)
 Metaspace       used 24118K, capacity 25576K, committed 25856K, reserved 1071104K
  class space    used 3199K, capacity 3506K, committed 3584K, reserved 1048576K
Event: 3.827 GC heap after
Heap after GC invocations=9 (full 1):
 PSYoungGen      total 108544K, used 5526K [0x00000000eb580000, 0x00000000f3c00000, 0x0000000100000000)
  eden space 102912K, 0% used [0x00000000eb580000,0x00000000eb580000,0x00000000f1a00000)
  from space 5632K, 98% used [0x00000000f3680000,0x00000000f3be5858,0x00000000f3c00000)
  to   space 6656K, 0% used [0x00000000f2f00000,0x00000000f2f00000,0x00000000f3580000)
 ParOldGen       total 30720K, used 6410K [0x00000000c2000000, 0x00000000c3e00000, 0x00000000eb580000)
  object space 30720K, 20% used [0x00000000c2000000,0x00000000c2642890,0x00000000c3e00000)
 Metaspace       used 24118K, capacity 25576K, committed 25856K, reserved 1071104K
  class space    used 3199K, capacity 3506K, committed 3584K, reserved 1048576K
}
Event: 4.728 GC heap before
{Heap before GC invocations=10 (full 1):
 PSYoungGen      total 108544K, used 108438K [0x00000000eb580000, 0x00000000f3c00000, 0x0000000100000000)
  eden space 102912K, 100% used [0x00000000eb580000,0x00000000f1a00000,0x00000000f1a00000)
  from space 5632K, 98% used [0x00000000f3680000,0x00000000f3be5858,0x00000000f3c00000)
  to   space 6656K, 0% used [0x00000000f2f00000,0x00000000f2f00000,0x00000000f3580000)
 ParOldGen       total 30720K, used 6420K [0x00000000c2000000, 0x00000000c3e00000, 0x00000000eb580000)
  object space 30720K, 20% used [0x00000000c2000000,0x00000000c2645380,0x00000000c3e00000)
 Metaspace       used 27367K, capacity 28922K, committed 29056K, reserved 1075200K
  class space    used 3631K, capacity 3955K, committed 3968K, reserved 1048576K
Event: 4.740 GC heap after
Heap after GC invocations=10 (full 1):
 PSYoungGen      total 131072K, used 6635K [0x00000000eb580000, 0x00000000f4e00000, 0x0000000100000000)
  eden space 124416K, 0% used [0x00000000eb580000,0x00000000eb580000,0x00000000f2f00000)
  from space 6656K, 99% used [0x00000000f2f00000,0x00000000f357aed0,0x00000000f3580000)
  to   space 7680K, 0% used [0x00000000f4680000,0x00000000f4680000,0x00000000f4e00000)
 ParOldGen       total 30720K, used 7595K [0x00000000c2000000, 0x00000000c3e00000, 0x00000000eb580000)
  object space 30720K, 24% used [0x00000000c2000000,0x00000000c276ac28,0x00000000c3e00000)
 Metaspace       used 27367K, capacity 28922K, committed 29056K, reserved 1075200K
  class space    used 3631K, capacity 3955K, committed 3968K, reserved 1048576K
}
Event: 6.596 GC heap before
{Heap before GC invocations=11 (full 1):
 PSYoungGen      total 131072K, used 131051K [0x00000000eb580000, 0x00000000f4e00000, 0x0000000100000000)
  eden space 124416K, 100% used [0x00000000eb580000,0x00000000f2f00000,0x00000000f2f00000)
  from space 6656K, 99% used [0x00000000f2f00000,0x00000000f357aed0,0x00000000f3580000)
  to   space 7680K, 0% used [0x00000000f4680000,0x00000000f4680000,0x00000000f4e00000)
 ParOldGen       total 30720K, used 7595K [0x00000000c2000000, 0x00000000c3e00000, 0x00000000eb580000)
  object space 30720K, 24% used [0x00000000c2000000,0x00000000c276ac28,0x00000000c3e00000)
 Metaspace       used 32497K, capacity 34564K, committed 34688K, reserved 1079296K
  class space    used 4356K, capacity 4726K, committed 4736K, reserved 1048576K
Event: 6.613 GC heap after
Heap after GC invocations=11 (full 1):
 PSYoungGen      total 146432K, used 7661K [0x00000000eb580000, 0x00000000f6c80000, 0x0000000100000000)
  eden space 138752K, 0% used [0x00000000eb580000,0x00000000eb580000,0x00000000f3d00000)
  from space 7680K, 99% used [0x00000000f4680000,0x00000000f4dfb450,0x00000000f4e00000)
  to   space 9728K, 0% used [0x00000000f3d00000,0x00000000f3d00000,0x00000000f4680000)
 ParOldGen       total 30720K, used 11161K [0x00000000c2000000, 0x00000000c3e00000, 0x00000000eb580000)
  object space 30720K, 36% used [0x00000000c2000000,0x00000000c2ae6620,0x00000000c3e00000)
 Metaspace       used 32497K, capacity 34564K, committed 34688K, reserved 1079296K
  class space    used 4356K, capacity 4726K, committed 4736K, reserved 1048576K
}
Event: 6.992 GC heap before
{Heap before GC invocations=12 (full 1):
 PSYoungGen      total 146432K, used 42113K [0x00000000eb580000, 0x00000000f6c80000, 0x0000000100000000)
  eden space 138752K, 24% used [0x00000000eb580000,0x00000000ed725230,0x00000000f3d00000)
  from space 7680K, 99% used [0x00000000f4680000,0x00000000f4dfb450,0x00000000f4e00000)
  to   space 9728K, 0% used [0x00000000f3d00000,0x00000000f3d00000,0x00000000f4680000)
 ParOldGen       total 30720K, used 11161K [0x00000000c2000000, 0x00000000c3e00000, 0x00000000eb580000)
  object space 30720K, 36% used [0x00000000c2000000,0x00000000c2ae6620,0x00000000c3e00000)
 Metaspace       used 33185K, capacity 35270K, committed 35456K, reserved 1079296K
  class space    used 4459K, capacity 4869K, committed 4992K, reserved 1048576K
Event: 7.006 GC heap after
Heap after GC invocations=12 (full 1):
 PSYoungGen      total 148480K, used 1720K [0x00000000eb580000, 0x00000000f8600000, 0x0000000100000000)
  eden space 138752K, 0% used [0x00000000eb580000,0x00000000eb580000,0x00000000f3d00000)
  from space 9728K, 17% used [0x00000000f3d00000,0x00000000f3eae038,0x00000000f4680000)
  to   space 10240K, 0% used [0x00000000f7c00000,0x00000000f7c00000,0x00000000f8600000)
 ParOldGen       total 30720K, used 16322K [0x00000000c2000000, 0x00000000c3e00000, 0x00000000eb580000)
  object space 30720K, 53% used [0x00000000c2000000,0x00000000c2ff0a00,0x00000000c3e00000)
 Metaspace       used 33185K, capacity 35270K, committed 35456K, reserved 1079296K
  class space    used 4459K, capacity 4869K, committed 4992K, reserved 1048576K
}
Event: 7.006 GC heap before
{Heap before GC invocations=13 (full 2):
 PSYoungGen      total 148480K, used 1720K [0x00000000eb580000, 0x00000000f8600000, 0x0000000100000000)
  eden space 138752K, 0% used [0x00000000eb580000,0x00000000eb580000,0x00000000f3d00000)
  from space 9728K, 17% used [0x00000000f3d00000,0x00000000f3eae038,0x00000000f4680000)
  to   space 10240K, 0% used [0x00000000f7c00000,0x00000000f7c00000,0x00000000f8600000)
 ParOldGen       total 30720K, used 16322K [0x00000000c2000000, 0x00000000c3e00000, 0x00000000eb580000)
  object space 30720K, 53% used [0x00000000c2000000,0x00000000c2ff0a00,0x00000000c3e00000)
 Metaspace       used 33185K, capacity 35270K, committed 35456K, reserved 1079296K
  class space    used 4459K, capacity 4869K, committed 4992K, reserved 1048576K
Event: 7.082 GC heap after
Heap after GC invocations=13 (full 2):
 PSYoungGen      total 148480K, used 0K [0x00000000eb580000, 0x00000000f8600000, 0x0000000100000000)
  eden space 138752K, 0% used [0x00000000eb580000,0x00000000eb580000,0x00000000f3d00000)
  from space 9728K, 0% used [0x00000000f3d00000,0x00000000f3d00000,0x00000000f4680000)
  to   space 10240K, 0% used [0x00000000f7c00000,0x00000000f7c00000,0x00000000f8600000)
 ParOldGen       total 30720K, used 13033K [0x00000000c2000000, 0x00000000c3e00000, 0x00000000eb580000)
  object space 30720K, 42% used [0x00000000c2000000,0x00000000c2cba528,0x00000000c3e00000)
 Metaspace       used 33185K, capacity 35270K, committed 35456K, reserved 1079296K
  class space    used 4459K, capacity 4869K, committed 4992K, reserved 1048576K
}

Deoptimization events (10 events):
Event: 6.954 Thread 0x0000024a3ad22000 Uncommon trap: reason=unstable_if action=reinterpret pc=0x0000024a22bd4974 method=java.util.zip.ZipCoder.getBytes(Ljava/lang/String;)[B @ 32
Event: 6.955 Thread 0x0000024a3ad22000 Uncommon trap: reason=unstable_if action=reinterpret pc=0x0000024a22bcd820 method=java.util.zip.ZipCoder.getBytes(Ljava/lang/String;)[B @ 32
Event: 6.955 Thread 0x0000024a3ad22000 Uncommon trap: reason=unstable_if action=reinterpret pc=0x0000024a22bc180c method=java.util.zip.ZipCoder.getBytes(Ljava/lang/String;)[B @ 32
Event: 6.955 Thread 0x0000024a3ad22000 Uncommon trap: reason=unstable_if action=reinterpret pc=0x0000024a22feb3d0 method=java.net.URL.<init>(Ljava/net/URL;Ljava/lang/String;Ljava/net/URLStreamHandler;)V @ 57
Event: 6.955 Thread 0x0000024a3ad22000 Uncommon trap: reason=unstable_if action=reinterpret pc=0x0000024a22e754f0 method=java.net.URLStreamHandler.parseURL(Ljava/net/URL;Ljava/lang/String;II)V @ 57
Event: 6.955 Thread 0x0000024a3ad22000 Uncommon trap: reason=unstable_if action=reinterpret pc=0x0000024a22fa6988 method=java.io.WinNTFileSystem.resolve(Ljava/lang/String;Ljava/lang/String;)Ljava/lang/String; @ 19
Event: 6.958 Thread 0x0000024a20e22000 Uncommon trap: reason=unstable_if action=reinterpret pc=0x0000024a22bf5a10 method=java.lang.AbstractStringBuilder.append(Ljava/lang/String;)Ljava/lang/AbstractStringBuilder; @ 1
Event: 6.968 Thread 0x0000024a20e22000 Uncommon trap: reason=class_check action=maybe_recompile pc=0x0000024a233cdaac method=sun.reflect.generics.reflectiveObjects.TypeVariableImpl.hashCode()I @ 4
Event: 6.972 Thread 0x0000024a20e22000 Uncommon trap: reason=class_check action=maybe_recompile pc=0x0000024a233cdaac method=sun.reflect.generics.reflectiveObjects.TypeVariableImpl.hashCode()I @ 4
Event: 7.159 Thread 0x0000024a20e22000 Uncommon trap: reason=null_check action=make_not_entrant pc=0x0000024a23314498 method=org.springframework.util.ClassUtils.isAssignable(Ljava/lang/Class;Ljava/lang/Class;)Z @ 14

Classes redefined (0 events):
No events

Internal exceptions (10 events):
Event: 6.971 Thread 0x0000024a20e22000 Exception <a 'java/lang/ClassNotFoundException': java/sql/WrapperCustomizer> (0x00000000ed39eed0) thrown at [C:\jenkins\workspace\8-2-build-windows-amd64-cygwin\jdk8u261\295\hotspot\src\share\vm\classfile\systemDictionary.cpp, line 210]
Event: 6.973 Thread 0x0000024a20e22000 Exception <a 'java/lang/ClassNotFoundException': com/zaxxer/hikari/HikariConfigMXBeanCustomizer> (0x00000000ed3bd900) thrown at [C:\jenkins\workspace\8-2-build-windows-amd64-cygwin\jdk8u261\295\hotspot\src\share\vm\classfile\systemDictionary.cpp, line 210
Event: 7.106 Thread 0x0000024a20e22000 Exception <a 'java/lang/ClassNotFoundException': java/lang/ObjectCustomizer> (0x00000000eb7a3498) thrown at [C:\jenkins\workspace\8-2-build-windows-amd64-cygwin\jdk8u261\295\hotspot\src\share\vm\classfile\systemDictionary.cpp, line 210]
Event: 7.108 Thread 0x0000024a20e22000 Exception <a 'java/lang/ClassNotFoundException': org/springframework/boot/autoconfigure/jdbc/DataSourceInitializerInvokerCustomizer> (0x00000000eb7dc858) thrown at [C:\jenkins\workspace\8-2-build-windows-amd64-cygwin\jdk8u261\295\hotspot\src\share\vm\clas
Event: 7.111 Thread 0x0000024a20e22000 Exception <a 'java/lang/ClassNotFoundException': org/springframework/context/ApplicationListenerCustomizer> (0x00000000eb8078e8) thrown at [C:\jenkins\workspace\8-2-build-windows-amd64-cygwin\jdk8u261\295\hotspot\src\share\vm\classfile\systemDictionary.cp
Event: 7.112 Thread 0x0000024a20e22000 Exception <a 'java/lang/ClassNotFoundException': java/util/EventListenerCustomizer> (0x00000000eb814a18) thrown at [C:\jenkins\workspace\8-2-build-windows-amd64-cygwin\jdk8u261\295\hotspot\src\share\vm\classfile\systemDictionary.cpp, line 210]
Event: 7.114 Thread 0x0000024a20e22000 Exception <a 'java/lang/ClassNotFoundException': org/springframework/beans/factory/InitializingBeanCustomizer> (0x00000000eb836bd0) thrown at [C:\jenkins\workspace\8-2-build-windows-amd64-cygwin\jdk8u261\295\hotspot\src\share\vm\classfile\systemDictionary
Event: 7.136 Thread 0x0000024a20e22000 Exception <a 'java/lang/ClassNotFoundException': java/lang/ObjectCustomizer> (0x00000000eb8aa780) thrown at [C:\jenkins\workspace\8-2-build-windows-amd64-cygwin\jdk8u261\295\hotspot\src\share\vm\classfile\systemDictionary.cpp, line 210]
Event: 7.142 Thread 0x0000024a20e22000 Exception <a 'java/lang/ClassNotFoundException': org/springframework/boot/autoconfigure/orm/jpa/JpaPropertiesCustomizer> (0x00000000eb8d3350) thrown at [C:\jenkins\workspace\8-2-build-windows-amd64-cygwin\jdk8u261\295\hotspot\src\share\vm\classfile\system
Event: 7.205 Thread 0x0000024a20e22000 Exception <a 'java/lang/ClassNotFoundException': java/lang/ObjectCustomizer> (0x00000000eb99d410) thrown at [C:\jenkins\workspace\8-2-build-windows-amd64-cygwin\jdk8u261\295\hotspot\src\share\vm\classfile\systemDictionary.cpp, line 210]

Events (10 events):
Event: 7.205 loading class java/lang/ObjectCustomizer
Event: 7.205 loading class java/lang/ObjectCustomizer done
Event: 7.205 loading class java/awt/Component
Event: 7.210 loading class java/awt/image/ImageObserver
Event: 7.210 loading class java/awt/image/ImageObserver done
Event: 7.210 loading class java/awt/MenuContainer
Event: 7.210 loading class java/awt/MenuContainer done
Event: 7.211 loading class java/awt/Component done
Event: 7.224 loading class org/springframework/boot/jdbc/metadata/CompositeDataSourcePoolMetadataProvider
Event: 7.224 loading class org/springframework/boot/jdbc/metadata/CompositeDataSourcePoolMetadataProvider done


Dynamic libraries:
0x00007ff7d52e0000 - 0x00007ff7d5327000 	C:\Program Files\Java\jdk1.8.0_261\jre\bin\java.exe
0x00007ffdb1d30000 - 0x00007ffdb1f25000 	C:\Windows\SYSTEM32\ntdll.dll
0x00007ffdb1bd0000 - 0x00007ffdb1c8d000 	C:\Windows\System32\KERNEL32.DLL
0x00007ffdaf850000 - 0x00007ffdafb18000 	C:\Windows\System32\KERNELBASE.dll
0x00007ffdb1520000 - 0x00007ffdb15cc000 	C:\Windows\System32\ADVAPI32.dll
0x00007ffdb16d0000 - 0x00007ffdb176e000 	C:\Windows\System32\msvcrt.dll
0x00007ffdafdd0000 - 0x00007ffdafe6b000 	C:\Windows\System32\sechost.dll
0x00007ffdb0520000 - 0x00007ffdb064b000 	C:\Windows\System32\RPCRT4.dll
0x00007ffdb0f80000 - 0x00007ffdb1120000 	C:\Windows\System32\USER32.dll
0x00007ffdaf570000 - 0x00007ffdaf592000 	C:\Windows\System32\win32u.dll
0x00007ffdafda0000 - 0x00007ffdafdca000 	C:\Windows\System32\GDI32.dll
0x00007ffdafc30000 - 0x00007ffdafd3b000 	C:\Windows\System32\gdi32full.dll
0x00007ffdaf5a0000 - 0x00007ffdaf63d000 	C:\Windows\System32\msvcp_win.dll
0x00007ffdaf470000 - 0x00007ffdaf570000 	C:\Windows\System32\ucrtbase.dll
0x00007ffd9cb00000 - 0x00007ffd9cd9a000 	C:\Windows\WinSxS\amd64_microsoft.windows.common-controls_6595b64144ccf1df_6.0.19041.844_none_ca00b6081b84eb1d\COMCTL32.dll
0x00007ffdb15d0000 - 0x00007ffdb1600000 	C:\Windows\System32\IMM32.DLL
0x00007ffd9e4b0000 - 0x00007ffd9e4c5000 	C:\Program Files\Java\jdk1.8.0_261\jre\bin\vcruntime140.dll
0x00007ffd8dec0000 - 0x00007ffd8df5b000 	C:\Program Files\Java\jdk1.8.0_261\jre\bin\msvcp140.dll
0x0000000065940000 - 0x00000000661ac000 	C:\Program Files\Java\jdk1.8.0_261\jre\bin\server\jvm.dll
0x00007ffdafd90000 - 0x00007ffdafd98000 	C:\Windows\System32\PSAPI.DLL
0x00007ffd9f220000 - 0x00007ffd9f247000 	C:\Windows\SYSTEM32\WINMM.dll
0x00007ffda7940000 - 0x00007ffda794a000 	C:\Windows\SYSTEM32\VERSION.dll
0x00007ffd9afe0000 - 0x00007ffd9afe9000 	C:\Windows\SYSTEM32\WSOCK32.dll
0x00007ffdb04b0000 - 0x00007ffdb051b000 	C:\Windows\System32\WS2_32.dll
0x00007ffdadd40000 - 0x00007ffdadd52000 	C:\Windows\SYSTEM32\kernel.appcore.dll
0x00007ffdac6d0000 - 0x00007ffdac6e0000 	C:\Program Files\Java\jdk1.8.0_261\jre\bin\verify.dll
0x00007ffd9db00000 - 0x00007ffd9db2b000 	C:\Program Files\Java\jdk1.8.0_261\jre\bin\java.dll
0x00007ffd9e460000 - 0x00007ffd9e478000 	C:\Program Files\Java\jdk1.8.0_261\jre\bin\zip.dll
0x00007ffdb0650000 - 0x00007ffdb0d92000 	C:\Windows\System32\SHELL32.dll
0x00007ffdad5a0000 - 0x00007ffdadd30000 	C:\Windows\SYSTEM32\windows.storage.dll
0x00007ffdb1800000 - 0x00007ffdb1b55000 	C:\Windows\System32\combase.dll
0x00007ffdaeee0000 - 0x00007ffdaef0c000 	C:\Windows\SYSTEM32\Wldp.dll
0x00007ffdb1120000 - 0x00007ffdb11ce000 	C:\Windows\System32\SHCORE.dll
0x00007ffdb1600000 - 0x00007ffdb1655000 	C:\Windows\System32\shlwapi.dll
0x00007ffdaf3b0000 - 0x00007ffdaf3cf000 	C:\Windows\SYSTEM32\profapi.dll
0x00007ffd8e3a0000 - 0x00007ffd8e3ad000 	C:\Program Files\Java\jdk1.8.0_261\jre\bin\management.dll
0x00007ffd9e3b0000 - 0x00007ffd9e3cc000 	C:\Program Files\Java\jdk1.8.0_261\jre\bin\net.dll
0x00007ffdaec50000 - 0x00007ffdaecba000 	C:\Windows\system32\mswsock.dll
0x00007ffd9e280000 - 0x00007ffd9e293000 	C:\Program Files\Java\jdk1.8.0_261\jre\bin\nio.dll
0x00007ffd93680000 - 0x00007ffd93697000 	C:\Windows\system32\napinsp.dll
0x00007ffd914a0000 - 0x00007ffd914bb000 	C:\Windows\system32\pnrpnsp.dll
0x00007ffd914c0000 - 0x00007ffd914d5000 	C:\Windows\system32\wshbth.dll
0x00007ffdaaa30000 - 0x00007ffdaaa4d000 	C:\Windows\system32\NLAapi.dll
0x00007ffdae8f0000 - 0x00007ffdae92b000 	C:\Windows\SYSTEM32\IPHLPAPI.DLL
0x00007ffdae930000 - 0x00007ffdae9fc000 	C:\Windows\SYSTEM32\DNSAPI.dll
0x00007ffdb1bc0000 - 0x00007ffdb1bc8000 	C:\Windows\System32\NSI.dll
0x00007ffd91440000 - 0x00007ffd91452000 	C:\Windows\System32\winrnr.dll
0x00007ffd9bd90000 - 0x00007ffd9bd9a000 	C:\Windows\System32\rasadhlp.dll
0x00007ffd9c220000 - 0x00007ffd9c29f000 	C:\Windows\System32\fwpuclnt.dll
0x00007ffdafc00000 - 0x00007ffdafc27000 	C:\Windows\System32\bcrypt.dll
0x00007ffdad2b0000 - 0x00007ffdad494000 	C:\Windows\SYSTEM32\dbghelp.dll
0x00007ffdafb20000 - 0x00007ffdafba0000 	C:\Windows\System32\bcryptPrimitives.dll

VM Arguments:
java_command: C:\Users\Belkoweb\AppData\Local\Temp\surefire1983919574484615213\surefirebooter3578700855482470389.jar C:\Users\Belkoweb\AppData\Local\Temp\surefire1983919574484615213 2021-05-27T18-35-23_049-jvmRun1 surefire8455670694493421017tmp surefire_08905439709450444584tmp
java_class_path (initial): C:\Users\Belkoweb\AppData\Local\Temp\surefire1983919574484615213\surefirebooter3578700855482470389.jar
Launcher Type: SUN_STANDARD

Environment Variables:
JAVA_HOME=C:\Program Files\Android\Android Studio\jre
PATH=C:\oracle\product\10.2.0\db_1\bin;C:\Program Files (x86)\Common Files\Oracle\Java\javapath;C:\oraclexe\app\oracle\product\11.2.0\server\bin;C:\Program Files\Common Files\Oracle\Java\javapath;C:\Windows\system32;C:\Windows;C:\Windows\System32\Wbem;C:\Windows\System32\WindowsPowerShell\v1.0\;C:\Windows\System32\OpenSSH\;C:\Program Files\Symfony;C:\Program Files\Git\cmd;C:\wamp64\bin\php\php7.4.0;C:\ProgramData\ComposerSetup\bin;C:\Program Files\nodejs\;C:\Program Files\dotnet\;C:\Program Files\Java\jdk1.6.0_45;C:\Program Files\swipl\bin;C:\Program Files\Microsoft SQL Server\120\Tools\Binn\;C:\Program Files (x86)\PuTTY\;C:\Users\Belkoweb\AppData\Local\Programs\Python\Python39\Scripts\;C:\Users\Belkoweb\AppData\Local\Programs\Python\Python39\;C:\Users\Belkoweb\AppData\Local\Microsoft\WindowsApps;C:\Users\Belkoweb\AppData\Roaming\Composer\vendor\bin;C:\Users\Belkoweb\AppData\Roaming\npm;C:\Program Files\heroku\bin;C:\Users\Belkoweb\.dotnet\tools;C:\Users\Belkoweb\AppData\Local\Programs\Microsoft VS Code\bin
USERNAME=Belkoweb
OS=Windows_NT
PROCESSOR_IDENTIFIER=Intel64 Family 6 Model 142 Stepping 10, GenuineIntel



---------------  S Y S T E M  ---------------

OS: Windows 10.0 , 64 bit Build 19041 (10.0.19041.928)

CPU:total 8 (initial active 8) (4 cores per cpu, 2 threads per core) family 6 model 142 stepping 10, cmov, cx8, fxsr, mmx, sse, sse2, sse3, ssse3, sse4.1, sse4.2, popcnt, avx, avx2, aes, clmul, erms, 3dnowpref, lzcnt, ht, tsc, tscinvbit, bmi1, bmi2, adx

Memory: 4k page, physical 4056128k(360564k free), swap 14707016k(2912k free)

vm_info: Java HotSpot(TM) 64-Bit Server VM (25.261-b12) for windows-amd64 JRE (1.8.0_261-b12), built on Jun 18 2020 06:56:32 by "" with unknown MS VC++:1916

time: Thu May 27 18:35:30 2021
timezone: Maroc (heure d’été)
elapsed time: 7 seconds (0d 0h 0m 7s)

