#
# There is insufficient memory for the Java Runtime Environment to continue.
# Native memory allocation (malloc) failed to allocate 1854064 bytes for Chunk::new
# Possible reasons:
#   The system is out of physical RAM or swap space
#   The process is running with CompressedOops enabled, and the Java Heap may be blocking the growth of the native heap
# Possible solutions:
#   Reduce memory load on the system
#   Increase physical memory or swap space
#   Check if swap backing store is full
#   Decrease Java heap size (-Xmx/-Xms)
#   Decrease number of Java threads
#   Decrease Java thread stack sizes (-Xss)
#   Set larger code cache with -XX:ReservedCodeCacheSize=
#   JVM is running with Unscaled Compressed Oops mode in which the Java heap is
#     placed in the first 4GB address space. The Java Heap base address is the
#     maximum limit for the native heap growth. Please use -XX:HeapBaseMinAddress
#     to set the Java Heap base and to place the Java Heap above 4GB virtual address.
# This output file may be truncated or incomplete.
#
#  Out of Memory Error (allocation.cpp:389), pid=19788, tid=0x00000000000003d0
#
# JRE version: Java(TM) SE Runtime Environment (8.0_261-b12) (build 1.8.0_261-b12)
# Java VM: Java HotSpot(TM) 64-Bit Server VM (25.261-b12 mixed mode windows-amd64 compressed oops)
# Failed to write core dump. Minidumps are not enabled by default on client versions of Windows
#

---------------  T H R E A D  ---------------

Current thread (0x0000021ed6d61800):  JavaThread "C2 CompilerThread2" daemon [_thread_in_native, id=976, stack(0x0000008586900000,0x0000008586a00000)]

Stack: [0x0000008586900000,0x0000008586a00000]
Native frames: (J=compiled Java code, j=interpreted, Vv=VM code, C=native code)
V  [jvm.dll+0x33e5f9]
V  [jvm.dll+0x2850e2]
V  [jvm.dll+0x285d8d]
V  [jvm.dll+0x27c895]
V  [jvm.dll+0xe4d6c]
V  [jvm.dll+0xe556c]
V  [jvm.dll+0x47ed35]
V  [jvm.dll+0x446ab8]
V  [jvm.dll+0x44f8f5]
V  [jvm.dll+0x44ecb5]
V  [jvm.dll+0x439bc7]
V  [jvm.dll+0xbbbcb]
V  [jvm.dll+0xba22b]
V  [jvm.dll+0x24d962]
V  [jvm.dll+0x2a1cfc]
C  [ucrtbase.dll+0x21bb2]
C  [KERNEL32.DLL+0x17034]
C  [ntdll.dll+0x52651]


Current CompileTask:
C2:   3649 2131       4       java.net.URLClassLoader$1::run (5 bytes)


---------------  P R O C E S S  ---------------

Java Threads: ( => current thread )
  0x0000021ed96b3800 JavaThread "restartedMain" [_thread_in_Java, id=11712, stack(0x0000008586e00000,0x0000008586f00000)]
  0x0000021ed96b2000 JavaThread "Thread-0" [_thread_blocked, id=19876, stack(0x0000008586d00000,0x0000008586e00000)]
  0x0000021ed6d9c800 JavaThread "Service Thread" daemon [_thread_blocked, id=18444, stack(0x0000008586b00000,0x0000008586c00000)]
  0x0000021ed6d64800 JavaThread "C1 CompilerThread3" daemon [_thread_blocked, id=16692, stack(0x0000008586a00000,0x0000008586b00000)]
=>0x0000021ed6d61800 JavaThread "C2 CompilerThread2" daemon [_thread_in_native, id=976, stack(0x0000008586900000,0x0000008586a00000)]
  0x0000021ed6d5c000 JavaThread "C2 CompilerThread1" daemon [_thread_in_native, id=5052, stack(0x0000008586800000,0x0000008586900000)]
  0x0000021ed6d56000 JavaThread "C2 CompilerThread0" daemon [_thread_in_native, id=19192, stack(0x0000008586700000,0x0000008586800000)]
  0x0000021ed6d49800 JavaThread "Attach Listener" daemon [_thread_blocked, id=7760, stack(0x0000008586600000,0x0000008586700000)]
  0x0000021ed6d49000 JavaThread "Signal Dispatcher" daemon [_thread_blocked, id=6888, stack(0x0000008586500000,0x0000008586600000)]
  0x0000021ed6d27000 JavaThread "Finalizer" daemon [_thread_blocked, id=8980, stack(0x0000008586400000,0x0000008586500000)]
  0x0000021ed6d17800 JavaThread "Reference Handler" daemon [_thread_blocked, id=18376, stack(0x0000008586300000,0x0000008586400000)]
  0x0000021ec2ef8000 JavaThread "main" [_thread_blocked, id=2828, stack(0x0000008585900000,0x0000008585a00000)]

Other Threads:
  0x0000021ed6cf0800 VMThread [stack: 0x0000008586200000,0x0000008586300000] [id=16608]
  0x0000021ed6d9e800 WatcherThread [stack: 0x0000008586c00000,0x0000008586d00000] [id=10368]

VM state:not at safepoint (normal execution)

VM Mutex/Monitor currently owned by a thread: None

heap address: 0x00000000c2000000, size: 992 MB, Compressed Oops mode: 32-bit
Narrow klass base: 0x0000000000000000, Narrow klass shift: 3
Compressed class space size: 1073741824 Address: 0x0000000100000000

Heap:
 PSYoungGen      total 130048K, used 119951K [0x00000000eb580000, 0x00000000f3c80000, 0x0000000100000000)
  eden space 123392K, 97% used [0x00000000eb580000,0x00000000f2aa3fd0,0x00000000f2e00000)
  from space 6656K, 0% used [0x00000000f3500000,0x00000000f3500000,0x00000000f3b80000)
  to   space 7168K, 0% used [0x00000000f2e00000,0x00000000f2e00000,0x00000000f3500000)
 ParOldGen       total 29696K, used 7833K [0x00000000c2000000, 0x00000000c3d00000, 0x00000000eb580000)
  object space 29696K, 26% used [0x00000000c2000000,0x00000000c27a67f8,0x00000000c3d00000)
 Metaspace       used 24470K, capacity 25446K, committed 25648K, reserved 1071104K
  class space    used 3139K, capacity 3355K, committed 3376K, reserved 1048576K

Card table byte_map: [0x0000021ed3c50000,0x0000021ed3e50000] byte_map_base: 0x0000021ed3640000

Marking Bits: (ParMarkBitMap*) 0x000000005d824fb0
 Begin Bits: [0x0000021ed3fa0000, 0x0000021ed4f20000)
 End Bits:   [0x0000021ed4f20000, 0x0000021ed5ea0000)

Polling page: 0x0000021ec4860000

CodeCache: size=245760Kb used=8374Kb max_used=8374Kb free=237386Kb
 bounds [0x0000021ec4890000, 0x0000021ec50d0000, 0x0000021ed3890000]
 total_blobs=2858 nmethods=2481 adapters=288
 compilation: enabled

Compilation events (10 events):
Event: 3.597 Thread 0x0000021ed6d64800 2453       3       java.util.function.BiPredicate::lambda$or$2 (28 bytes)
Event: 3.597 Thread 0x0000021ed6d64800 nmethod 2453 0x0000021ec5089690 code [0x0000021ec5089800, 0x0000021ec5089ba0]
Event: 3.597 Thread 0x0000021ed6d64800 2454       3       org.springframework.boot.context.properties.source.SystemEnvironmentPropertyMapper$$Lambda$40/471475617::test (16 bytes)
Event: 3.597 Thread 0x0000021ed6d64800 nmethod 2454 0x0000021ec5089c90 code [0x0000021ec5089e60, 0x0000021ec508a7b0]
Event: 3.597 Thread 0x0000021ed6d64800 2455       3       org.springframework.boot.context.properties.source.SystemEnvironmentPropertyMapper::isAncestorOf (23 bytes)
Event: 3.598 Thread 0x0000021ed6d64800 nmethod 2455 0x0000021ec508ac90 code [0x0000021ec508aec0, 0x0000021ec508bc80]
Event: 3.598 Thread 0x0000021ed6d64800 2459       3       java.util.GregorianCalendar::computeFields (1571 bytes)
Event: 3.604 Thread 0x0000021ed6d56000 2461       4       java.util.LinkedHashMap$LinkedHashIterator::nextNode (54 bytes)
Event: 3.604 Thread 0x0000021ed6d64800 nmethod 2459 0x0000021ec508c390 code [0x0000021ec508ca00, 0x0000021ec5092de0]
Event: 3.604 Thread 0x0000021ed6d64800 2456       3       java.util.stream.Collectors$CollectorImpl::<init> (32 bytes)

GC Heap History (10 events):
Event: 1.427 GC heap before
{Heap before GC invocations=5 (full 0):
 PSYoungGen      total 34304K, used 34197K [0x00000000eb580000, 0x00000000ed980000, 0x0000000100000000)
  eden space 31744K, 100% used [0x00000000eb580000,0x00000000ed480000,0x00000000ed480000)
  from space 2560K, 95% used [0x00000000ed700000,0x00000000ed965578,0x00000000ed980000)
  to   space 2560K, 0% used [0x00000000ed480000,0x00000000ed480000,0x00000000ed700000)
 ParOldGen       total 42496K, used 1273K [0x00000000c2000000, 0x00000000c4980000, 0x00000000eb580000)
  object space 42496K, 2% used [0x00000000c2000000,0x00000000c213e558,0x00000000c4980000)
 Metaspace       used 9837K, capacity 10168K, committed 10496K, reserved 1058816K
  class space    used 1133K, capacity 1238K, committed 1280K, reserved 1048576K
Event: 1.434 GC heap after
Heap after GC invocations=5 (full 0):
 PSYoungGen      total 34304K, used 2548K [0x00000000eb580000, 0x00000000efc80000, 0x0000000100000000)
  eden space 31744K, 0% used [0x00000000eb580000,0x00000000eb580000,0x00000000ed480000)
  from space 2560K, 99% used [0x00000000ed480000,0x00000000ed6fd280,0x00000000ed700000)
  to   space 4608K, 0% used [0x00000000ef800000,0x00000000ef800000,0x00000000efc80000)
 ParOldGen       total 42496K, used 3503K [0x00000000c2000000, 0x00000000c4980000, 0x00000000eb580000)
  object space 42496K, 8% used [0x00000000c2000000,0x00000000c236bf18,0x00000000c4980000)
 Metaspace       used 9837K, capacity 10168K, committed 10496K, reserved 1058816K
  class space    used 1133K, capacity 1238K, committed 1280K, reserved 1048576K
}
Event: 1.771 GC heap before
{Heap before GC invocations=6 (full 0):
 PSYoungGen      total 34304K, used 34292K [0x00000000eb580000, 0x00000000efc80000, 0x0000000100000000)
  eden space 31744K, 100% used [0x00000000eb580000,0x00000000ed480000,0x00000000ed480000)
  from space 2560K, 99% used [0x00000000ed480000,0x00000000ed6fd280,0x00000000ed700000)
  to   space 4608K, 0% used [0x00000000ef800000,0x00000000ef800000,0x00000000efc80000)
 ParOldGen       total 42496K, used 3503K [0x00000000c2000000, 0x00000000c4980000, 0x00000000eb580000)
  object space 42496K, 8% used [0x00000000c2000000,0x00000000c236bf18,0x00000000c4980000)
 Metaspace       used 13217K, capacity 13822K, committed 14080K, reserved 1060864K
  class space    used 1597K, capacity 1751K, committed 1792K, reserved 1048576K
Event: 1.775 GC heap after
Heap after GC invocations=6 (full 0):
 PSYoungGen      total 66560K, used 4591K [0x00000000eb580000, 0x00000000eff80000, 0x0000000100000000)
  eden space 61952K, 0% used [0x00000000eb580000,0x00000000eb580000,0x00000000ef200000)
  from space 4608K, 99% used [0x00000000ef800000,0x00000000efc7bce8,0x00000000efc80000)
  to   space 6144K, 0% used [0x00000000ef200000,0x00000000ef200000,0x00000000ef800000)
 ParOldGen       total 42496K, used 4530K [0x00000000c2000000, 0x00000000c4980000, 0x00000000eb580000)
  object space 42496K, 10% used [0x00000000c2000000,0x00000000c246c9b8,0x00000000c4980000)
 Metaspace       used 13217K, capacity 13822K, committed 14080K, reserved 1060864K
  class space    used 1597K, capacity 1751K, committed 1792K, reserved 1048576K
}
Event: 2.076 GC heap before
{Heap before GC invocations=7 (full 0):
 PSYoungGen      total 66560K, used 66543K [0x00000000eb580000, 0x00000000eff80000, 0x0000000100000000)
  eden space 61952K, 100% used [0x00000000eb580000,0x00000000ef200000,0x00000000ef200000)
  from space 4608K, 99% used [0x00000000ef800000,0x00000000efc7bce8,0x00000000efc80000)
  to   space 6144K, 0% used [0x00000000ef200000,0x00000000ef200000,0x00000000ef800000)
 ParOldGen       total 42496K, used 4530K [0x00000000c2000000, 0x00000000c4980000, 0x00000000eb580000)
  object space 42496K, 10% used [0x00000000c2000000,0x00000000c246c9b8,0x00000000c4980000)
 Metaspace       used 17336K, capacity 18096K, committed 18432K, reserved 1064960K
  class space    used 2286K, capacity 2484K, committed 2560K, reserved 1048576K
Event: 2.085 GC heap after
Heap after GC invocations=7 (full 0):
 PSYoungGen      total 68096K, used 5963K [0x00000000eb580000, 0x00000000f3b80000, 0x0000000100000000)
  eden space 61952K, 0% used [0x00000000eb580000,0x00000000eb580000,0x00000000ef200000)
  from space 6144K, 97% used [0x00000000ef200000,0x00000000ef7d2d90,0x00000000ef800000)
  to   space 6656K, 0% used [0x00000000f3500000,0x00000000f3500000,0x00000000f3b80000)
 ParOldGen       total 42496K, used 6558K [0x00000000c2000000, 0x00000000c4980000, 0x00000000eb580000)
  object space 42496K, 15% used [0x00000000c2000000,0x00000000c2667830,0x00000000c4980000)
 Metaspace       used 17336K, capacity 18096K, committed 18432K, reserved 1064960K
  class space    used 2286K, capacity 2484K, committed 2560K, reserved 1048576K
}
Event: 2.349 GC heap before
{Heap before GC invocations=8 (full 0):
 PSYoungGen      total 68096K, used 40098K [0x00000000eb580000, 0x00000000f3b80000, 0x0000000100000000)
  eden space 61952K, 55% used [0x00000000eb580000,0x00000000ed6d5b00,0x00000000ef200000)
  from space 6144K, 97% used [0x00000000ef200000,0x00000000ef7d2d90,0x00000000ef800000)
  to   space 6656K, 0% used [0x00000000f3500000,0x00000000f3500000,0x00000000f3b80000)
 ParOldGen       total 42496K, used 6558K [0x00000000c2000000, 0x00000000c4980000, 0x00000000eb580000)
  object space 42496K, 15% used [0x00000000c2000000,0x00000000c2667830,0x00000000c4980000)
 Metaspace       used 20488K, capacity 21240K, committed 21296K, reserved 1067008K
  class space    used 2628K, capacity 2836K, committed 2864K, reserved 1048576K
Event: 2.357 GC heap after
Heap after GC invocations=8 (full 0):
 PSYoungGen      total 130048K, used 5950K [0x00000000eb580000, 0x00000000f3c80000, 0x0000000100000000)
  eden space 123392K, 0% used [0x00000000eb580000,0x00000000eb580000,0x00000000f2e00000)
  from space 6656K, 89% used [0x00000000f3500000,0x00000000f3acf978,0x00000000f3b80000)
  to   space 7168K, 0% used [0x00000000f2e00000,0x00000000f2e00000,0x00000000f3500000)
 ParOldGen       total 42496K, used 6606K [0x00000000c2000000, 0x00000000c4980000, 0x00000000eb580000)
  object space 42496K, 15% used [0x00000000c2000000,0x00000000c2673830,0x00000000c4980000)
 Metaspace       used 20488K, capacity 21240K, committed 21296K, reserved 1067008K
  class space    used 2628K, capacity 2836K, committed 2864K, reserved 1048576K
}
Event: 2.357 GC heap before
{Heap before GC invocations=9 (full 1):
 PSYoungGen      total 130048K, used 5950K [0x00000000eb580000, 0x00000000f3c80000, 0x0000000100000000)
  eden space 123392K, 0% used [0x00000000eb580000,0x00000000eb580000,0x00000000f2e00000)
  from space 6656K, 89% used [0x00000000f3500000,0x00000000f3acf978,0x00000000f3b80000)
  to   space 7168K, 0% used [0x00000000f2e00000,0x00000000f2e00000,0x00000000f3500000)
 ParOldGen       total 42496K, used 6606K [0x00000000c2000000, 0x00000000c4980000, 0x00000000eb580000)
  object space 42496K, 15% used [0x00000000c2000000,0x00000000c2673830,0x00000000c4980000)
 Metaspace       used 20488K, capacity 21240K, committed 21296K, reserved 1067008K
  class space    used 2628K, capacity 2836K, committed 2864K, reserved 1048576K
Event: 2.387 GC heap after
Heap after GC invocations=9 (full 1):
 PSYoungGen      total 130048K, used 0K [0x00000000eb580000, 0x00000000f3c80000, 0x0000000100000000)
  eden space 123392K, 0% used [0x00000000eb580000,0x00000000eb580000,0x00000000f2e00000)
  from space 6656K, 0% used [0x00000000f3500000,0x00000000f3500000,0x00000000f3b80000)
  to   space 7168K, 0% used [0x00000000f2e00000,0x00000000f2e00000,0x00000000f3500000)
 ParOldGen       total 29696K, used 7833K [0x00000000c2000000, 0x00000000c3d00000, 0x00000000eb580000)
  object space 29696K, 26% used [0x00000000c2000000,0x00000000c27a67f8,0x00000000c3d00000)
 Metaspace       used 20488K, capacity 21240K, committed 21296K, reserved 1067008K
  class space    used 2628K, capacity 2836K, committed 2864K, reserved 1048576K
}

Deoptimization events (10 events):
Event: 1.902 Thread 0x0000021ed96b3800 Uncommon trap: reason=class_check action=maybe_recompile pc=0x0000021ec4c39aec method=java.util.HashMap.putVal(ILjava/lang/Object;Ljava/lang/Object;ZZ)Ljava/lang/Object; @ 203
Event: 1.907 Thread 0x0000021ed96b3800 Uncommon trap: reason=class_check action=maybe_recompile pc=0x0000021ec4c39aec method=java.util.HashMap.putVal(ILjava/lang/Object;Ljava/lang/Object;ZZ)Ljava/lang/Object; @ 203
Event: 1.922 Thread 0x0000021ed96b3800 Uncommon trap: reason=class_check action=maybe_recompile pc=0x0000021ec4c39aec method=java.util.HashMap.putVal(ILjava/lang/Object;Ljava/lang/Object;ZZ)Ljava/lang/Object; @ 203
Event: 2.034 Thread 0x0000021ed96b3800 Uncommon trap: reason=class_check action=maybe_recompile pc=0x0000021ec4c388e4 method=java.util.HashMap.putVal(ILjava/lang/Object;Ljava/lang/Object;ZZ)Ljava/lang/Object; @ 203
Event: 2.066 Thread 0x0000021ed96b3800 Uncommon trap: reason=unstable_if action=reinterpret pc=0x0000021ec4a5a6c0 method=java.io.WinNTFileSystem.normalize(Ljava/lang/String;)Ljava/lang/String; @ 128
Event: 2.161 Thread 0x0000021ed9ef6000 Uncommon trap: reason=bimorphic action=maybe_recompile pc=0x0000021ec4daf3c8 method=java.util.HashMap.putVal(ILjava/lang/Object;Ljava/lang/Object;ZZ)Ljava/lang/Object; @ 203
Event: 2.164 Thread 0x0000021ed9ef6000 Uncommon trap: reason=bimorphic action=maybe_recompile pc=0x0000021ec4daf3c8 method=java.util.HashMap.putVal(ILjava/lang/Object;Ljava/lang/Object;ZZ)Ljava/lang/Object; @ 203
Event: 2.166 Thread 0x0000021ed9ef6000 Uncommon trap: reason=bimorphic action=maybe_recompile pc=0x0000021ec4daf3c8 method=java.util.HashMap.putVal(ILjava/lang/Object;Ljava/lang/Object;ZZ)Ljava/lang/Object; @ 203
Event: 2.594 Thread 0x0000021ed9ef6000 Uncommon trap: reason=unstable_if action=reinterpret pc=0x0000021ec4c846e8 method=jdk.internal.org.objectweb.asm.Type.getArgumentsAndReturnSizes(Ljava/lang/String;)I @ 47
Event: 2.610 Thread 0x0000021ed96b3800 Uncommon trap: reason=bimorphic action=maybe_recompile pc=0x0000021ec4daf3c8 method=java.util.HashMap.putVal(ILjava/lang/Object;Ljava/lang/Object;ZZ)Ljava/lang/Object; @ 203

Classes redefined (0 events):
No events

Internal exceptions (10 events):
Event: 2.041 Thread 0x0000021ed96b3800 Exception <a 'java/lang/ClassNotFoundException': org/springframework/beans/factory/AwareCustomizer> (0x00000000ee8849f0) thrown at [C:\jenkins\workspace\8-2-build-windows-amd64-cygwin\jdk8u261\295\hotspot\src\share\vm\classfile\systemDictionary.cpp, line 
Event: 2.041 Thread 0x0000021ed96b3800 Exception <a 'java/lang/ClassNotFoundException': org/springframework/beans/factory/BeanClassLoaderAwareCustomizer> (0x00000000ee8b9950) thrown at [C:\jenkins\workspace\8-2-build-windows-amd64-cygwin\jdk8u261\295\hotspot\src\share\vm\classfile\systemDictio
Event: 2.042 Thread 0x0000021ed96b3800 Exception <a 'java/lang/ClassNotFoundException': org/springframework/beans/factory/AwareCustomizer> (0x00000000ee8e5b98) thrown at [C:\jenkins\workspace\8-2-build-windows-amd64-cygwin\jdk8u261\295\hotspot\src\share\vm\classfile\systemDictionary.cpp, line 
Event: 2.043 Thread 0x0000021ed96b3800 Exception <a 'java/lang/ClassNotFoundException': org/springframework/context/EnvironmentAwareCustomizer> (0x00000000ee9de140) thrown at [C:\jenkins\workspace\8-2-build-windows-amd64-cygwin\jdk8u261\295\hotspot\src\share\vm\classfile\systemDictionary.cpp, 
Event: 2.044 Thread 0x0000021ed96b3800 Exception <a 'java/lang/ClassNotFoundException': org/springframework/beans/factory/AwareCustomizer> (0x00000000eea0a268) thrown at [C:\jenkins\workspace\8-2-build-windows-amd64-cygwin\jdk8u261\295\hotspot\src\share\vm\classfile\systemDictionary.cpp, line 
Event: 2.602 Thread 0x0000021ed9ef6000 Exception <a 'java/lang/IncompatibleClassChangeError': Found class java.lang.Object, but interface was expected> (0x00000000ecc08420) thrown at [C:\jenkins\workspace\8-2-build-windows-amd64-cygwin\jdk8u261\295\hotspot\src\share\vm\interpreter\linkResolver
Event: 2.806 Thread 0x0000021ed96b3800 Exception <a 'java/lang/NoSuchMethodError': java.lang.Object.lambda$or$2(Ljava/util/function/Predicate;Ljava/lang/Object;)Z> (0x00000000ed75c328) thrown at [C:\jenkins\workspace\8-2-build-windows-amd64-cygwin\jdk8u261\295\hotspot\src\share\vm\interpreter\
Event: 3.155 Thread 0x0000021ed96b3800 Exception <a 'java/lang/IncompatibleClassChangeError': Found class java.lang.Object, but interface was expected> (0x00000000f0aa4e58) thrown at [C:\jenkins\workspace\8-2-build-windows-amd64-cygwin\jdk8u261\295\hotspot\src\share\vm\interpreter\linkResolver
Event: 3.216 Thread 0x0000021ed96b3800 Exception <a 'java/lang/NoSuchMethodError': java.lang.Object.lambda$getAllAnnotationAttributes$0(Lorg/springframework/util/MultiValueMap;)Lorg/springframework/util/MultiValueMap;> (0x00000000f0debfb8) thrown at [C:\jenkins\workspace\8-2-build-windows-amd6
Event: 3.219 Thread 0x0000021ed96b3800 Exception <a 'java/lang/NoSuchMethodError': java.lang.Object.lambda$identity$2(Ljava/lang/Object;)Ljava/lang/Object;> (0x00000000f0e0ffb0) thrown at [C:\jenkins\workspace\8-2-build-windows-amd64-cygwin\jdk8u261\295\hotspot\src\share\vm\interpreter\linkRes

Events (10 events):
Event: 3.586 loading class org/infinispan/spring/embedded/provider/SpringEmbeddedCacheManager
Event: 3.586 loading class org/infinispan/spring/embedded/provider/SpringEmbeddedCacheManager done
Event: 3.587 loading class com/couchbase/client/java/Cluster
Event: 3.587 loading class com/couchbase/client/java/Cluster done
Event: 3.587 loading class org/springframework/data/redis/connection/RedisConnectionFactory
Event: 3.587 loading class org/springframework/data/redis/connection/RedisConnectionFactory done
Event: 3.588 loading class com/github/benmanes/caffeine/cache/Caffeine
Event: 3.588 loading class com/github/benmanes/caffeine/cache/Caffeine done
Event: 3.593 loading class org/springframework/boot/autoconfigure/cache/CacheCondition
Event: 3.593 loading class org/springframework/boot/autoconfigure/cache/CacheCondition done


Dynamic libraries:
0x00007ff69a8c0000 - 0x00007ff69a907000 	C:\Program Files\Java\jdk1.8.0_261\bin\javaw.exe
0x00007ffda3710000 - 0x00007ffda3905000 	C:\Windows\SYSTEM32\ntdll.dll
0x00007ffda1980000 - 0x00007ffda1a3d000 	C:\Windows\System32\KERNEL32.DLL
0x00007ffda1010000 - 0x00007ffda12d9000 	C:\Windows\System32\KERNELBASE.dll
0x00007ffda2f50000 - 0x00007ffda2ffc000 	C:\Windows\System32\ADVAPI32.dll
0x00007ffda2cd0000 - 0x00007ffda2d6e000 	C:\Windows\System32\msvcrt.dll
0x00007ffda27b0000 - 0x00007ffda284b000 	C:\Windows\System32\sechost.dll
0x00007ffda2de0000 - 0x00007ffda2f0a000 	C:\Windows\System32\RPCRT4.dll
0x00007ffda2300000 - 0x00007ffda24a0000 	C:\Windows\System32\USER32.dll
0x00007ffda0e80000 - 0x00007ffda0ea2000 	C:\Windows\System32\win32u.dll
0x00007ffda2f20000 - 0x00007ffda2f4a000 	C:\Windows\System32\GDI32.dll
0x00007ffda1670000 - 0x00007ffda177b000 	C:\Windows\System32\gdi32full.dll
0x00007ffda13e0000 - 0x00007ffda147d000 	C:\Windows\System32\msvcp_win.dll
0x00007ffda1480000 - 0x00007ffda1580000 	C:\Windows\System32\ucrtbase.dll
0x00007ffd8e210000 - 0x00007ffd8e4aa000 	C:\Windows\WinSxS\amd64_microsoft.windows.common-controls_6595b64144ccf1df_6.0.19041.1110_none_60b5254171f9507e\COMCTL32.dll
0x00007ffda26f0000 - 0x00007ffda2720000 	C:\Windows\System32\IMM32.DLL
0x00007ffd78250000 - 0x00007ffd78265000 	C:\Program Files\Java\jdk1.8.0_261\jre\bin\vcruntime140.dll
0x00007ffd69aa0000 - 0x00007ffd69b3b000 	C:\Program Files\Java\jdk1.8.0_261\jre\bin\msvcp140.dll
0x000000005d030000 - 0x000000005d89c000 	C:\Program Files\Java\jdk1.8.0_261\jre\bin\server\jvm.dll
0x00007ffda2f10000 - 0x00007ffda2f18000 	C:\Windows\System32\PSAPI.DLL
0x00007ffd993a0000 - 0x00007ffd993aa000 	C:\Windows\SYSTEM32\VERSION.dll
0x00007ffd8c880000 - 0x00007ffd8c8a7000 	C:\Windows\SYSTEM32\WINMM.dll
0x00007ffd8d1f0000 - 0x00007ffd8d1f9000 	C:\Windows\SYSTEM32\WSOCK32.dll
0x00007ffda2850000 - 0x00007ffda28bb000 	C:\Windows\System32\WS2_32.dll
0x00007ffd9f6d0000 - 0x00007ffd9f6e2000 	C:\Windows\SYSTEM32\kernel.appcore.dll
0x00007ffd7ab20000 - 0x00007ffd7ab30000 	C:\Program Files\Java\jdk1.8.0_261\jre\bin\verify.dll
0x00007ffd77630000 - 0x00007ffd7765b000 	C:\Program Files\Java\jdk1.8.0_261\jre\bin\java.dll
0x00007ffd77870000 - 0x00007ffd77888000 	C:\Program Files\Java\jdk1.8.0_261\jre\bin\zip.dll
0x00007ffda1aa0000 - 0x00007ffda21df000 	C:\Windows\System32\SHELL32.dll
0x00007ffd9ef20000 - 0x00007ffd9f6b1000 	C:\Windows\SYSTEM32\windows.storage.dll
0x00007ffda28c0000 - 0x00007ffda2c15000 	C:\Windows\System32\combase.dll
0x00007ffda07e0000 - 0x00007ffda080c000 	C:\Windows\SYSTEM32\Wldp.dll
0x00007ffda3000000 - 0x00007ffda30ae000 	C:\Windows\System32\SHCORE.dll
0x00007ffda2500000 - 0x00007ffda2555000 	C:\Windows\System32\shlwapi.dll
0x00007ffda0d90000 - 0x00007ffda0daf000 	C:\Windows\SYSTEM32\profapi.dll
0x00007ffd7a840000 - 0x00007ffd7a84d000 	C:\Program Files\Java\jdk1.8.0_261\jre\bin\management.dll
0x00007ffd76190000 - 0x00007ffd761ac000 	C:\Program Files\Java\jdk1.8.0_261\jre\bin\net.dll
0x00007ffda05c0000 - 0x00007ffda062a000 	C:\Windows\system32\mswsock.dll
0x00007ffd85d70000 - 0x00007ffd85d87000 	C:\Windows\system32\napinsp.dll
0x00007ffd82bc0000 - 0x00007ffd82bdb000 	C:\Windows\system32\pnrpnsp.dll
0x00007ffd9b610000 - 0x00007ffd9b625000 	C:\Windows\system32\wshbth.dll
0x00007ffd9c250000 - 0x00007ffd9c26d000 	C:\Windows\system32\NLAapi.dll
0x00007ffda0280000 - 0x00007ffda02bb000 	C:\Windows\SYSTEM32\IPHLPAPI.DLL
0x00007ffda02c0000 - 0x00007ffda038c000 	C:\Windows\SYSTEM32\DNSAPI.dll
0x00007ffda2dd0000 - 0x00007ffda2dd8000 	C:\Windows\System32\NSI.dll
0x00007ffd82c40000 - 0x00007ffd82c52000 	C:\Windows\System32\winrnr.dll
0x00007ffd99e20000 - 0x00007ffd99e2a000 	C:\Windows\System32\rasadhlp.dll
0x00007ffd94c80000 - 0x00007ffd94cff000 	C:\Windows\System32\fwpuclnt.dll
0x00007ffda0e50000 - 0x00007ffda0e77000 	C:\Windows\System32\bcrypt.dll
0x00007ffd75930000 - 0x00007ffd75943000 	C:\Program Files\Java\jdk1.8.0_261\jre\bin\nio.dll
0x00007ffd9ec30000 - 0x00007ffd9ee14000 	C:\Windows\SYSTEM32\dbghelp.dll
0x00007ffda15e0000 - 0x00007ffda1663000 	C:\Windows\System32\bcryptPrimitives.dll

VM Arguments:
jvm_args: -Dfile.encoding=UTF-8 
java_command: com.dayliv.dayliv.DaylivBackendApplication
java_class_path (initial): C:\Users\Belkoweb\Code\daylivBackend\target\classes;C:\Users\Belkoweb\.m2\repository\org\springframework\boot\spring-boot-starter-thymeleaf\2.3.5.RELEASE\spring-boot-starter-thymeleaf-2.3.5.RELEASE.jar;C:\Users\Belkoweb\.m2\repository\org\springframework\boot\spring-boot-starter\2.3.5.RELEASE\spring-boot-starter-2.3.5.RELEASE.jar;C:\Users\Belkoweb\.m2\repository\org\springframework\boot\spring-boot-starter-logging\2.3.5.RELEASE\spring-boot-starter-logging-2.3.5.RELEASE.jar;C:\Users\Belkoweb\.m2\repository\ch\qos\logback\logback-classic\1.2.3\logback-classic-1.2.3.jar;C:\Users\Belkoweb\.m2\repository\ch\qos\logback\logback-core\1.2.3\logback-core-1.2.3.jar;C:\Users\Belkoweb\.m2\repository\org\apache\logging\log4j\log4j-to-slf4j\2.13.3\log4j-to-slf4j-2.13.3.jar;C:\Users\Belkoweb\.m2\repository\org\apache\logging\log4j\log4j-api\2.13.3\log4j-api-2.13.3.jar;C:\Users\Belkoweb\.m2\repository\org\slf4j\jul-to-slf4j\1.7.30\jul-to-slf4j-1.7.30.jar;C:\Users\Belkoweb\.m2\repository\jakarta\annotation\jakarta.annotation-api\1.3.5\jakarta.annotation-api-1.3.5.jar;C:\Users\Belkoweb\.m2\repository\org\yaml\snakeyaml\1.26\snakeyaml-1.26.jar;C:\Users\Belkoweb\.m2\repository\org\thymeleaf\thymeleaf-spring5\3.0.11.RELEASE\thymeleaf-spring5-3.0.11.RELEASE.jar;C:\Users\Belkoweb\.m2\repository\org\thymeleaf\thymeleaf\3.0.11.RELEASE\thymeleaf-3.0.11.RELEASE.jar;C:\Users\Belkoweb\.m2\repository\org\attoparser\attoparser\2.0.5.RELEASE\attoparser-2.0.5.RELEASE.jar;C:\Users\Belkoweb\.m2\repository\org\unbescape\unbescape\1.1.6.RELEASE\unbescape-1.1.6.RELEASE.jar;C:\Users\Belkoweb\.m2\repository\org\slf4j\slf4j-api\1.7.30\slf4j-api-1.7.30.jar;C:\Users\Belkoweb\.m2\repository\org\thymeleaf\extras\thymeleaf-extras-java8time\3.0.4.RELEASE\thymeleaf-extras-java8time-3.0.4.RELEASE.jar;C:\Users\Belkoweb\.m2\repository\org\springframework\boot\spring-boot-starter-mail\2.3.5.RELEASE\spring-boot-starter-mail-2.3.5.RELEASE.jar;C:\Users\Belkoweb\.m2\repository\org\springframe
Launcher Type: SUN_STANDARD

Environment Variables:
JAVA_HOME=C:\Program Files\Android\Android Studio\jre
PATH=C:\oracle\product\10.2.0\db_1\bin;C:\Program Files (x86)\Common Files\Oracle\Java\javapath;C:\oraclexe\app\oracle\product\11.2.0\server\bin;C:\Program Files\Common Files\Oracle\Java\javapath;C:\Windows\system32;C:\Windows;C:\Windows\System32\Wbem;C:\Windows\System32\WindowsPowerShell\v1.0\;C:\Windows\System32\OpenSSH\;C:\Program Files\Symfony;C:\Program Files\Git\cmd;C:\wamp64\bin\php\php7.4.0;C:\ProgramData\ComposerSetup\bin;C:\Program Files\nodejs\;C:\Program Files\dotnet\;C:\Program Files\Java\jdk1.6.0_45;C:\Program Files\swipl\bin;C:\Program Files\Microsoft SQL Server\120\Tools\Binn\;C:\Program Files (x86)\PuTTY\;C:\Program Files\Java\jdk1.8.0_261\bin;;C:\Program Files\Docker\Docker\resources\bin;C:\ProgramData\DockerDesktop\version-bin;C:\Users\Belkoweb\AppData\Local\Programs\Python\Python39\Scripts\;C:\Users\Belkoweb\AppData\Local\Programs\Python\Python39\;%USERPROFILE%\AppData\Local\Microsoft\WindowsApps;C:\Users\Belkoweb\AppData\Roaming\Composer\vendor\bin;C:\Users\Belkoweb\AppData\Roaming\npm;C:\Program Files\heroku\bin;%USERPROFILE%\.dotnet\tools;C:\Users\Belkoweb\AppData\Local\Programs\Microsoft VS Code\bin;C:\Program Files\Java\jdk1.8.0_261\bin;C:\Exercism
USERNAME=Belkoweb
OS=Windows_NT
PROCESSOR_IDENTIFIER=Intel64 Family 6 Model 142 Stepping 10, GenuineIntel



---------------  S Y S T E M  ---------------

OS: Windows 10.0 , 64 bit Build 19041 (10.0.19041.1023)

CPU:total 8 (initial active 8) (4 cores per cpu, 2 threads per core) family 6 model 142 stepping 10, cmov, cx8, fxsr, mmx, sse, sse2, sse3, ssse3, sse4.1, sse4.2, popcnt, avx, avx2, aes, clmul, erms, 3dnowpref, lzcnt, ht, tsc, tscinvbit, bmi1, bmi2, adx

Memory: 4k page, physical 4056128k(234204k free), swap 16639040k(8084k free)

vm_info: Java HotSpot(TM) 64-Bit Server VM (25.261-b12) for windows-amd64 JRE (1.8.0_261-b12), built on Jun 18 2020 06:56:32 by "" with unknown MS VC++:1916

time: Sun Jul 18 18:03:24 2021
timezone: Maroc (heure d’été)
elapsed time: 3 seconds (0d 0h 0m 3s)

