#
# There is insufficient memory for the Java Runtime Environment to continue.
# Native memory allocation (malloc) failed to allocate 2340336 bytes for Chunk::new
# Possible reasons:
#   The system is out of physical RAM or swap space
#   The process is running with CompressedOops enabled, and the Java Heap may be blocking the growth of the native heap
# Possible solutions:
#   Reduce memory load on the system
#   Increase physical memory or swap space
#   Check if swap backing store is full
#   Decrease Java heap size (-Xmx/-Xms)
#   Decrease number of Java threads
#   Decrease Java thread stack sizes (-Xss)
#   Set larger code cache with -XX:ReservedCodeCacheSize=
#   JVM is running with Unscaled Compressed Oops mode in which the Java heap is
#     placed in the first 4GB address space. The Java Heap base address is the
#     maximum limit for the native heap growth. Please use -XX:HeapBaseMinAddress
#     to set the Java Heap base and to place the Java Heap above 4GB virtual address.
# This output file may be truncated or incomplete.
#
#  Out of Memory Error (allocation.cpp:389), pid=15132, tid=0x0000000000003aa0
#
# JRE version: Java(TM) SE Runtime Environment (8.0_261-b12) (build 1.8.0_261-b12)
# Java VM: Java HotSpot(TM) 64-Bit Server VM (25.261-b12 mixed mode windows-amd64 compressed oops)
# Failed to write core dump. Minidumps are not enabled by default on client versions of Windows
#

---------------  T H R E A D  ---------------

Current thread (0x00000213f4c8c000):  JavaThread "C2 CompilerThread2" daemon [_thread_in_native, id=15008, stack(0x000000808a000000,0x000000808a100000)]

Stack: [0x000000808a000000,0x000000808a100000]
Native frames: (J=compiled Java code, j=interpreted, Vv=VM code, C=native code)
V  [jvm.dll+0x33e5f9]
V  [jvm.dll+0x2850e2]
V  [jvm.dll+0x285d8d]
V  [jvm.dll+0x27c895]
V  [jvm.dll+0xe4d6c]
V  [jvm.dll+0xe556c]
V  [jvm.dll+0x47ece3]
V  [jvm.dll+0x446900]
V  [jvm.dll+0x44f8f5]
V  [jvm.dll+0x44ecb5]
V  [jvm.dll+0x439bc7]
V  [jvm.dll+0xbbbcb]
V  [jvm.dll+0xba22b]
V  [jvm.dll+0x24d962]
V  [jvm.dll+0x2a1cfc]
C  [ucrtbase.dll+0x21bb2]
C  [KERNEL32.DLL+0x17034]
C  [ntdll.dll+0x52651]


Current CompileTask:
C2:  15320 5584       4       java.lang.reflect.Field::getAnnotation (23 bytes)


---------------  P R O C E S S  ---------------

Java Threads: ( => current thread )
  0x00000213ff2dc000 JavaThread "HikariPool-1 connection adder" daemon [_thread_in_native, id=19308, stack(0x000000808bc00000,0x000000808bd00000)]
  0x00000213ff2d7000 JavaThread "HikariPool-1 housekeeper" daemon [_thread_blocked, id=2312, stack(0x000000808bb00000,0x000000808bc00000)]
  0x00000213ff2db800 JavaThread "http-nio-7600-Acceptor" daemon [_thread_in_native, id=14672, stack(0x000000808ba00000,0x000000808bb00000)]
  0x00000213ff2da800 JavaThread "http-nio-7600-ClientPoller" daemon [_thread_in_native, id=19788, stack(0x000000808b900000,0x000000808ba00000)]
  0x00000213ff2da000 JavaThread "http-nio-7600-exec-10" daemon [_thread_blocked, id=19204, stack(0x000000808b800000,0x000000808b900000)]
  0x00000213ff2d9000 JavaThread "http-nio-7600-exec-9" daemon [_thread_blocked, id=15128, stack(0x000000808b700000,0x000000808b800000)]
  0x00000213ff2d2800 JavaThread "http-nio-7600-exec-8" daemon [_thread_blocked, id=7320, stack(0x000000808b600000,0x000000808b700000)]
  0x00000213ff2d4800 JavaThread "http-nio-7600-exec-7" daemon [_thread_blocked, id=6644, stack(0x000000808b500000,0x000000808b600000)]
  0x00000213ff2d7800 JavaThread "http-nio-7600-exec-6" daemon [_thread_blocked, id=580, stack(0x000000808b400000,0x000000808b500000)]
  0x00000213ff2d4000 JavaThread "http-nio-7600-exec-5" daemon [_thread_blocked, id=9784, stack(0x000000808b300000,0x000000808b400000)]
  0x00000213ff2d3000 JavaThread "http-nio-7600-exec-4" daemon [_thread_blocked, id=6740, stack(0x000000808b200000,0x000000808b300000)]
  0x00000213ff2d1800 JavaThread "http-nio-7600-exec-3" daemon [_thread_blocked, id=11660, stack(0x000000808b100000,0x000000808b200000)]
  0x00000213ff2d8800 JavaThread "http-nio-7600-exec-2" daemon [_thread_blocked, id=3264, stack(0x000000808b000000,0x000000808b100000)]
  0x00000213fba39800 JavaThread "http-nio-7600-exec-1" daemon [_thread_blocked, id=13960, stack(0x000000808af00000,0x000000808b000000)]
  0x00000213fba39000 JavaThread "http-nio-7600-BlockPoller" daemon [_thread_in_native, id=7772, stack(0x000000808ad00000,0x000000808ae00000)]
  0x00000213fba37800 JavaThread "Live Reload Server" daemon [_thread_in_native, id=14216, stack(0x000000808ae00000,0x000000808af00000)]
  0x00000213fba36000 JavaThread "File Watcher" daemon [_thread_blocked, id=2804, stack(0x000000808ac00000,0x000000808ad00000)]
  0x00000213fba35000 JavaThread "container-0" [_thread_blocked, id=17624, stack(0x000000808aa00000,0x000000808ab00000)]
  0x00000213fba33000 JavaThread "Catalina-utility-2" [_thread_blocked, id=15004, stack(0x000000808a900000,0x000000808aa00000)]
  0x00000213fba34800 JavaThread "Catalina-utility-1" [_thread_blocked, id=18092, stack(0x000000808a800000,0x000000808a900000)]
  0x00000213fba38000 JavaThread "task-1" [_thread_in_vm, id=16164, stack(0x000000808a700000,0x000000808a800000)]
  0x00000213fba33800 JavaThread "mysql-cj-abandoned-connection-cleanup" daemon [_thread_blocked, id=4652, stack(0x000000808a600000,0x000000808a700000)]
  0x00000213f80c4800 JavaThread "restartedMain" [_thread_blocked, id=9160, stack(0x000000808a500000,0x000000808a600000)]
  0x00000213f800e000 JavaThread "Thread-0" [_thread_blocked, id=8928, stack(0x000000808a400000,0x000000808a500000)]
  0x00000213f6b48800 JavaThread "Service Thread" daemon [_thread_blocked, id=20096, stack(0x000000808a200000,0x000000808a300000)]
  0x00000213f4c91000 JavaThread "C1 CompilerThread3" daemon [_thread_blocked, id=11560, stack(0x000000808a100000,0x000000808a200000)]
=>0x00000213f4c8c000 JavaThread "C2 CompilerThread2" daemon [_thread_in_native, id=15008, stack(0x000000808a000000,0x000000808a100000)]
  0x00000213f4c86000 JavaThread "C2 CompilerThread1" daemon [_thread_in_native, id=10732, stack(0x0000008089f00000,0x000000808a000000)]
  0x00000213f4c72800 JavaThread "C2 CompilerThread0" daemon [_thread_in_native, id=5076, stack(0x0000008089e00000,0x0000008089f00000)]
  0x00000213f4c6f800 JavaThread "Attach Listener" daemon [_thread_blocked, id=20308, stack(0x0000008089d00000,0x0000008089e00000)]
  0x00000213f4c83800 JavaThread "Signal Dispatcher" daemon [_thread_blocked, id=16392, stack(0x0000008089c00000,0x0000008089d00000)]
  0x00000213f4c50000 JavaThread "Finalizer" daemon [_thread_blocked, id=20672, stack(0x0000008089b00000,0x0000008089c00000)]
  0x00000213f4c48800 JavaThread "Reference Handler" daemon [_thread_blocked, id=18080, stack(0x0000008089a00000,0x0000008089b00000)]
  0x00000213e0f66800 JavaThread "main" [_thread_blocked, id=16516, stack(0x0000008089000000,0x0000008089100000)]

Other Threads:
  0x00000213f4c21800 VMThread [stack: 0x0000008089900000,0x0000008089a00000] [id=22176]
  0x00000213f4c9e000 WatcherThread [stack: 0x000000808a300000,0x000000808a400000] [id=3948]

VM state:not at safepoint (normal execution)

VM Mutex/Monitor currently owned by a thread: None

heap address: 0x00000000c2000000, size: 992 MB, Compressed Oops mode: 32-bit
Narrow klass base: 0x0000000000000000, Narrow klass shift: 3
Compressed class space size: 1073741824 Address: 0x0000000100000000

Heap:
 PSYoungGen      total 216064K, used 19271K [0x00000000eb580000, 0x00000000f9980000, 0x0000000100000000)
  eden space 202240K, 9% used [0x00000000eb580000,0x00000000ec851ce8,0x00000000f7b00000)
  from space 13824K, 0% used [0x00000000f7b00000,0x00000000f7b00000,0x00000000f8880000)
  to   space 11776K, 0% used [0x00000000f8880000,0x00000000f8880000,0x00000000f9400000)
 ParOldGen       total 73216K, used 31251K [0x00000000c2000000, 0x00000000c6780000, 0x00000000eb580000)
  object space 73216K, 42% used [0x00000000c2000000,0x00000000c3e84ef0,0x00000000c6780000)
 Metaspace       used 56844K, capacity 59888K, committed 60120K, reserved 1101824K
  class space    used 7610K, capacity 8116K, committed 8192K, reserved 1048576K

Card table byte_map: [0x00000213f1db0000,0x00000213f1fb0000] byte_map_base: 0x00000213f17a0000

Marking Bits: (ParMarkBitMap*) 0x0000000066134fb0
 Begin Bits: [0x00000213f2100000, 0x00000213f3080000)
 End Bits:   [0x00000213f3080000, 0x00000213f4000000)

Polling page: 0x00000213e1160000

CodeCache: size=245760Kb used=18554Kb max_used=19079Kb free=227205Kb
 bounds [0x00000213e29f0000, 0x00000213e3cb0000, 0x00000213f19f0000]
 total_blobs=5715 nmethods=5156 adapters=471
 compilation: enabled

Compilation events (10 events):
Event: 15.267 Thread 0x00000213f4c91000 5880       1       java.util.Spliterators$EmptySpliterator::characteristics (4 bytes)
Event: 15.268 Thread 0x00000213f4c91000 nmethod 5880 0x00000213e365e7d0 code [0x00000213e365e920, 0x00000213e365ea38]
Event: 15.268 Thread 0x00000213f4c91000 5881       1       org.hibernate.validator.internal.metadata.raw.AbstractConstrainedElement::getConstraints (5 bytes)
Event: 15.268 Thread 0x00000213f4c91000 nmethod 5881 0x00000213e365e510 code [0x00000213e365e660, 0x00000213e365e778]
Event: 15.268 Thread 0x00000213f4c91000 5882       1       org.hibernate.validator.internal.metadata.raw.AbstractConstrainedElement::getTypeArgumentConstraints (5 bytes)
Event: 15.268 Thread 0x00000213f4c91000 nmethod 5882 0x00000213e365e250 code [0x00000213e365e3a0, 0x00000213e365e4b8]
Event: 15.268 Thread 0x00000213f4c91000 5883       1       org.hibernate.validator.internal.properties.javabean.JavaBeanExecutable::getType (5 bytes)
Event: 15.268 Thread 0x00000213f4c91000 nmethod 5883 0x00000213e365df90 code [0x00000213e365e0e0, 0x00000213e365e1f8]
Event: 15.269 Thread 0x00000213f4c91000 5884       3       org.hibernate.validator.internal.util.CollectionHelper::newArrayList (8 bytes)
Event: 15.270 Thread 0x00000213f4c91000 nmethod 5884 0x00000213e365d990 code [0x00000213e365db00, 0x00000213e365de18]

GC Heap History (10 events):
Event: 6.499 GC heap before
{Heap before GC invocations=12 (full 1):
 PSYoungGen      total 159744K, used 76075K [0x00000000eb580000, 0x00000000f6f00000, 0x0000000100000000)
  eden space 150016K, 44% used [0x00000000eb580000,0x00000000ef64b9f0,0x00000000f4800000)
  from space 9728K, 99% used [0x00000000f5380000,0x00000000f5cff590,0x00000000f5d00000)
  to   space 11776K, 0% used [0x00000000f4800000,0x00000000f4800000,0x00000000f5380000)
 ParOldGen       total 32256K, used 11649K [0x00000000c2000000, 0x00000000c3f80000, 0x00000000eb580000)
  object space 32256K, 36% used [0x00000000c2000000,0x00000000c2b60488,0x00000000c3f80000)
 Metaspace       used 33441K, capacity 35406K, committed 35416K, reserved 1079296K
  class space    used 4352K, capacity 4727K, committed 4736K, reserved 1048576K
Event: 6.508 GC heap after
Heap after GC invocations=12 (full 1):
 PSYoungGen      total 161792K, used 1874K [0x00000000eb580000, 0x00000000f9400000, 0x0000000100000000)
  eden space 150016K, 0% used [0x00000000eb580000,0x00000000eb580000,0x00000000f4800000)
  from space 11776K, 15% used [0x00000000f4800000,0x00000000f49d4820,0x00000000f5380000)
  to   space 11776K, 0% used [0x00000000f8880000,0x00000000f8880000,0x00000000f9400000)
 ParOldGen       total 32256K, used 18298K [0x00000000c2000000, 0x00000000c3f80000, 0x00000000eb580000)
  object space 32256K, 56% used [0x00000000c2000000,0x00000000c31de8e8,0x00000000c3f80000)
 Metaspace       used 33441K, capacity 35406K, committed 35416K, reserved 1079296K
  class space    used 4352K, capacity 4727K, committed 4736K, reserved 1048576K
}
Event: 6.508 GC heap before
{Heap before GC invocations=13 (full 2):
 PSYoungGen      total 161792K, used 1874K [0x00000000eb580000, 0x00000000f9400000, 0x0000000100000000)
  eden space 150016K, 0% used [0x00000000eb580000,0x00000000eb580000,0x00000000f4800000)
  from space 11776K, 15% used [0x00000000f4800000,0x00000000f49d4820,0x00000000f5380000)
  to   space 11776K, 0% used [0x00000000f8880000,0x00000000f8880000,0x00000000f9400000)
 ParOldGen       total 32256K, used 18298K [0x00000000c2000000, 0x00000000c3f80000, 0x00000000eb580000)
  object space 32256K, 56% used [0x00000000c2000000,0x00000000c31de8e8,0x00000000c3f80000)
 Metaspace       used 33441K, capacity 35406K, committed 35416K, reserved 1079296K
  class space    used 4352K, capacity 4727K, committed 4736K, reserved 1048576K
Event: 6.561 GC heap after
Heap after GC invocations=13 (full 2):
 PSYoungGen      total 161792K, used 0K [0x00000000eb580000, 0x00000000f9400000, 0x0000000100000000)
  eden space 150016K, 0% used [0x00000000eb580000,0x00000000eb580000,0x00000000f4800000)
  from space 11776K, 0% used [0x00000000f4800000,0x00000000f4800000,0x00000000f5380000)
  to   space 11776K, 0% used [0x00000000f8880000,0x00000000f8880000,0x00000000f9400000)
 ParOldGen       total 46080K, used 13807K [0x00000000c2000000, 0x00000000c4d00000, 0x00000000eb580000)
  object space 46080K, 29% used [0x00000000c2000000,0x00000000c2d7bf98,0x00000000c4d00000)
 Metaspace       used 33441K, capacity 35406K, committed 35416K, reserved 1079296K
  class space    used 4352K, capacity 4727K, committed 4736K, reserved 1048576K
}
Event: 9.088 GC heap before
{Heap before GC invocations=14 (full 2):
 PSYoungGen      total 161792K, used 150016K [0x00000000eb580000, 0x00000000f9400000, 0x0000000100000000)
  eden space 150016K, 100% used [0x00000000eb580000,0x00000000f4800000,0x00000000f4800000)
  from space 11776K, 0% used [0x00000000f4800000,0x00000000f4800000,0x00000000f5380000)
  to   space 11776K, 0% used [0x00000000f8880000,0x00000000f8880000,0x00000000f9400000)
 ParOldGen       total 46080K, used 13807K [0x00000000c2000000, 0x00000000c4d00000, 0x00000000eb580000)
  object space 46080K, 29% used [0x00000000c2000000,0x00000000c2d7bf98,0x00000000c4d00000)
 Metaspace       used 43798K, capacity 46306K, committed 46552K, reserved 1089536K
  class space    used 5849K, capacity 6301K, committed 6400K, reserved 1048576K
Event: 9.118 GC heap after
Heap after GC invocations=14 (full 2):
 PSYoungGen      total 214016K, used 11752K [0x00000000eb580000, 0x00000000f9980000, 0x0000000100000000)
  eden space 202240K, 0% used [0x00000000eb580000,0x00000000eb580000,0x00000000f7b00000)
  from space 11776K, 99% used [0x00000000f8880000,0x00000000f93fa158,0x00000000f9400000)
  to   space 13824K, 0% used [0x00000000f7b00000,0x00000000f7b00000,0x00000000f8880000)
 ParOldGen       total 46080K, used 14254K [0x00000000c2000000, 0x00000000c4d00000, 0x00000000eb580000)
  object space 46080K, 30% used [0x00000000c2000000,0x00000000c2deba08,0x00000000c4d00000)
 Metaspace       used 43798K, capacity 46306K, committed 46552K, reserved 1089536K
  class space    used 5849K, capacity 6301K, committed 6400K, reserved 1048576K
}
Event: 14.758 GC heap before
{Heap before GC invocations=15 (full 2):
 PSYoungGen      total 214016K, used 196783K [0x00000000eb580000, 0x00000000f9980000, 0x0000000100000000)
  eden space 202240K, 91% used [0x00000000eb580000,0x00000000f6a31c10,0x00000000f7b00000)
  from space 11776K, 99% used [0x00000000f8880000,0x00000000f93fa158,0x00000000f9400000)
  to   space 13824K, 0% used [0x00000000f7b00000,0x00000000f7b00000,0x00000000f8880000)
 ParOldGen       total 46080K, used 14254K [0x00000000c2000000, 0x00000000c4d00000, 0x00000000eb580000)
  object space 46080K, 30% used [0x00000000c2000000,0x00000000c2deba08,0x00000000c4d00000)
 Metaspace       used 55734K, capacity 58722K, committed 58968K, reserved 1099776K
  class space    used 7430K, capacity 7941K, committed 8064K, reserved 1048576K
Event: 14.783 GC heap after
Heap after GC invocations=15 (full 2):
 PSYoungGen      total 216064K, used 13815K [0x00000000eb580000, 0x00000000f9980000, 0x0000000100000000)
  eden space 202240K, 0% used [0x00000000eb580000,0x00000000eb580000,0x00000000f7b00000)
  from space 13824K, 99% used [0x00000000f7b00000,0x00000000f887de38,0x00000000f8880000)
  to   space 11776K, 0% used [0x00000000f8880000,0x00000000f8880000,0x00000000f9400000)
 ParOldGen       total 46080K, used 20360K [0x00000000c2000000, 0x00000000c4d00000, 0x00000000eb580000)
  object space 46080K, 44% used [0x00000000c2000000,0x00000000c33e20f0,0x00000000c4d00000)
 Metaspace       used 55734K, capacity 58722K, committed 58968K, reserved 1099776K
  class space    used 7430K, capacity 7941K, committed 8064K, reserved 1048576K
}
Event: 14.783 GC heap before
{Heap before GC invocations=16 (full 3):
 PSYoungGen      total 216064K, used 13815K [0x00000000eb580000, 0x00000000f9980000, 0x0000000100000000)
  eden space 202240K, 0% used [0x00000000eb580000,0x00000000eb580000,0x00000000f7b00000)
  from space 13824K, 99% used [0x00000000f7b00000,0x00000000f887de38,0x00000000f8880000)
  to   space 11776K, 0% used [0x00000000f8880000,0x00000000f8880000,0x00000000f9400000)
 ParOldGen       total 46080K, used 20360K [0x00000000c2000000, 0x00000000c4d00000, 0x00000000eb580000)
  object space 46080K, 44% used [0x00000000c2000000,0x00000000c33e20f0,0x00000000c4d00000)
 Metaspace       used 55734K, capacity 58722K, committed 58968K, reserved 1099776K
  class space    used 7430K, capacity 7941K, committed 8064K, reserved 1048576K
Event: 15.036 GC heap after
Heap after GC invocations=16 (full 3):
 PSYoungGen      total 216064K, used 0K [0x00000000eb580000, 0x00000000f9980000, 0x0000000100000000)
  eden space 202240K, 0% used [0x00000000eb580000,0x00000000eb580000,0x00000000f7b00000)
  from space 13824K, 0% used [0x00000000f7b00000,0x00000000f7b00000,0x00000000f8880000)
  to   space 11776K, 0% used [0x00000000f8880000,0x00000000f8880000,0x00000000f9400000)
 ParOldGen       total 73216K, used 31251K [0x00000000c2000000, 0x00000000c6780000, 0x00000000eb580000)
  object space 73216K, 42% used [0x00000000c2000000,0x00000000c3e84ef0,0x00000000c6780000)
 Metaspace       used 55719K, capacity 58698K, committed 58968K, reserved 1099776K
  class space    used 7428K, capacity 7937K, committed 8064K, reserved 1048576K
}

Deoptimization events (10 events):
Event: 11.336 Thread 0x00000213f80c4800 Uncommon trap: reason=unstable_if action=reinterpret pc=0x00000213e3538c94 method=org.springframework.beans.factory.support.AbstractAutowireCapableBeanFactory.determineTargetType(Ljava/lang/String;Lorg/springframework/beans/factory/support/RootBeanDefinit
Event: 11.376 Thread 0x00000213f80c4800 Uncommon trap: reason=unstable_if action=reinterpret pc=0x00000213e30499c8 method=org.springframework.asm.ClassReader.readUtf(II[C)Ljava/lang/String; @ 41
Event: 11.532 Thread 0x00000213fba38000 Uncommon trap: reason=unstable_if action=reinterpret pc=0x00000213e2b31128 method=java.nio.Buffer.<init>(IIII)V @ 66
Event: 11.884 Thread 0x00000213fba38000 Uncommon trap: reason=unstable_if action=reinterpret pc=0x00000213e2d65314 method=java.io.BufferedOutputStream.flushBuffer()V @ 4
Event: 13.085 Thread 0x00000213fba38000 Uncommon trap: reason=unstable_if action=reinterpret pc=0x00000213e35d0c4c method=java.util.concurrent.locks.ReentrantLock$NonfairSync.lock()V @ 6
Event: 14.038 Thread 0x00000213fba38000 Uncommon trap: reason=bimorphic action=maybe_recompile pc=0x00000213e2faf294 method=java.lang.ClassLoader.loadClass(Ljava/lang/String;Z)Ljava/lang/Class; @ 70
Event: 14.338 Thread 0x00000213fba38000 Uncommon trap: reason=unstable_if action=reinterpret pc=0x00000213e348a684 method=java.lang.String.valueOf(Ljava/lang/Object;)Ljava/lang/String; @ 1
Event: 14.596 Thread 0x00000213fba38000 Uncommon trap: reason=null_check action=make_not_entrant pc=0x00000213e3c2a8b8 method=java.lang.Class.createAnnotationData(I)Ljava/lang/Class$AnnotationData; @ 14
Event: 15.159 Thread 0x00000213fba38000 Uncommon trap: reason=unstable_if action=reinterpret pc=0x00000213e3773ed4 method=java.lang.Class$MethodArray.addIfNotPresent(Ljava/lang/reflect/Method;)V @ 19
Event: 15.198 Thread 0x00000213fba38000 Uncommon trap: reason=predicate action=maybe_recompile pc=0x00000213e2de2d48 method=java.lang.String.regionMatches(ZILjava/lang/String;II)Z @ 63

Classes redefined (0 events):
No events

Internal exceptions (10 events):
Event: 11.311 Thread 0x00000213f80c4800 Exception <a 'java/lang/ClassNotFoundException': org/springframework/beans/factory/AwareCustomizer> (0x00000000f4087ec0) thrown at [C:\jenkins\workspace\8-2-build-windows-amd64-cygwin\jdk8u261\295\hotspot\src\share\vm\classfile\systemDictionary.cpp, line 
Event: 11.315 Thread 0x00000213f80c4800 Exception <a 'java/lang/ClassNotFoundException': org/springframework/beans/factory/BeanFactoryAwareCustomizer> (0x00000000f40a12b8) thrown at [C:\jenkins\workspace\8-2-build-windows-amd64-cygwin\jdk8u261\295\hotspot\src\share\vm\classfile\systemDictionary
Event: 11.318 Thread 0x00000213f80c4800 Exception <a 'java/lang/ClassNotFoundException': org/springframework/beans/factory/AwareCustomizer> (0x00000000f40b8628) thrown at [C:\jenkins\workspace\8-2-build-windows-amd64-cygwin\jdk8u261\295\hotspot\src\share\vm\classfile\systemDictionary.cpp, line 
Event: 11.320 Thread 0x00000213f80c4800 Exception <a 'java/lang/ClassNotFoundException': org/springframework/context/ApplicationEventPublisherAwareCustomizer> (0x00000000f40d3f10) thrown at [C:\jenkins\workspace\8-2-build-windows-amd64-cygwin\jdk8u261\295\hotspot\src\share\vm\classfile\systemDi
Event: 11.321 Thread 0x00000213f80c4800 Exception <a 'java/lang/ClassNotFoundException': org/springframework/beans/factory/AwareCustomizer> (0x00000000f40eb418) thrown at [C:\jenkins\workspace\8-2-build-windows-amd64-cygwin\jdk8u261\295\hotspot\src\share\vm\classfile\systemDictionary.cpp, line 
Event: 11.339 Thread 0x00000213f80c4800 Exception <a 'java/lang/ClassNotFoundException': java/lang/ObjectCustomizer> (0x00000000f4149a20) thrown at [C:\jenkins\workspace\8-2-build-windows-amd64-cygwin\jdk8u261\295\hotspot\src\share\vm\classfile\systemDictionary.cpp, line 210]
Event: 11.341 Thread 0x00000213f80c4800 Exception <a 'java/lang/ClassNotFoundException': org/springframework/core/io/support/PropertiesLoaderSupportCustomizer> (0x00000000f4169de8) thrown at [C:\jenkins\workspace\8-2-build-windows-amd64-cygwin\jdk8u261\295\hotspot\src\share\vm\classfile\systemD
Event: 11.349 Thread 0x00000213f80c4800 Exception <a 'java/lang/ClassNotFoundException': org/springframework/beans/factory/config/PropertiesFactoryBeanCustomizer> (0x00000000f4190ca8) thrown at [C:\jenkins\workspace\8-2-build-windows-amd64-cygwin\jdk8u261\295\hotspot\src\share\vm\classfile\syst
Event: 11.355 Thread 0x00000213f80c4800 Exception <a 'java/lang/ClassNotFoundException': org/springframework/beans/factory/FactoryBeanCustomizer> (0x00000000f41d22c8) thrown at [C:\jenkins\workspace\8-2-build-windows-amd64-cygwin\jdk8u261\295\hotspot\src\share\vm\classfile\systemDictionary.cpp,
Event: 11.357 Thread 0x00000213f80c4800 Exception <a 'java/lang/ClassNotFoundException': org/springframework/beans/factory/InitializingBeanCustomizer> (0x00000000f41ef478) thrown at [C:\jenkins\workspace\8-2-build-windows-amd64-cygwin\jdk8u261\295\hotspot\src\share\vm\classfile\systemDictionary

Events (10 events):
Event: 15.276 loading class org/hibernate/validator/internal/metadata/aggregated/ValidatableParametersMetaData
Event: 15.276 loading class org/hibernate/validator/internal/metadata/aggregated/ValidatableParametersMetaData done
Event: 15.277 loading class org/hibernate/validator/internal/metadata/aggregated/ParameterMetaData
Event: 15.277 loading class org/hibernate/validator/internal/metadata/aggregated/ParameterMetaData done
Event: 15.278 loading class org/hibernate/validator/internal/metadata/aggregated/ParameterMetaData
Event: 15.278 loading class org/hibernate/validator/internal/metadata/aggregated/ParameterMetaData done
Event: 15.278 loading class org/hibernate/validator/internal/metadata/aggregated/ReturnValueMetaData
Event: 15.278 loading class org/hibernate/validator/internal/metadata/aggregated/ReturnValueMetaData done
Event: 15.279 loading class javax/validation/metadata/ReturnValueDescriptor
Event: 15.279 loading class javax/validation/metadata/ReturnValueDescriptor done


Dynamic libraries:
0x00007ff617910000 - 0x00007ff617957000 	C:\Program Files\Java\jdk1.8.0_261\bin\javaw.exe
0x00007ffdb1d30000 - 0x00007ffdb1f25000 	C:\Windows\SYSTEM32\ntdll.dll
0x00007ffdb1bd0000 - 0x00007ffdb1c8d000 	C:\Windows\System32\KERNEL32.DLL
0x00007ffdaf850000 - 0x00007ffdafb18000 	C:\Windows\System32\KERNELBASE.dll
0x00007ffdb1520000 - 0x00007ffdb15cc000 	C:\Windows\System32\ADVAPI32.dll
0x00007ffdb16d0000 - 0x00007ffdb176e000 	C:\Windows\System32\msvcrt.dll
0x00007ffdafdd0000 - 0x00007ffdafe6b000 	C:\Windows\System32\sechost.dll
0x00007ffdb0520000 - 0x00007ffdb064b000 	C:\Windows\System32\RPCRT4.dll
0x00007ffdb0f80000 - 0x00007ffdb1120000 	C:\Windows\System32\USER32.dll
0x00007ffdaf570000 - 0x00007ffdaf592000 	C:\Windows\System32\win32u.dll
0x00007ffdafda0000 - 0x00007ffdafdca000 	C:\Windows\System32\GDI32.dll
0x00007ffdafc30000 - 0x00007ffdafd3b000 	C:\Windows\System32\gdi32full.dll
0x00007ffdaf5a0000 - 0x00007ffdaf63d000 	C:\Windows\System32\msvcp_win.dll
0x00007ffdaf470000 - 0x00007ffdaf570000 	C:\Windows\System32\ucrtbase.dll
0x00007ffd9cb00000 - 0x00007ffd9cd9a000 	C:\Windows\WinSxS\amd64_microsoft.windows.common-controls_6595b64144ccf1df_6.0.19041.844_none_ca00b6081b84eb1d\COMCTL32.dll
0x00007ffdb15d0000 - 0x00007ffdb1600000 	C:\Windows\System32\IMM32.DLL
0x00007ffd9e4b0000 - 0x00007ffd9e4c5000 	C:\Program Files\Java\jdk1.8.0_261\jre\bin\vcruntime140.dll
0x00007ffd735f0000 - 0x00007ffd7368b000 	C:\Program Files\Java\jdk1.8.0_261\jre\bin\msvcp140.dll
0x0000000065940000 - 0x00000000661ac000 	C:\Program Files\Java\jdk1.8.0_261\jre\bin\server\jvm.dll
0x00007ffdafd90000 - 0x00007ffdafd98000 	C:\Windows\System32\PSAPI.DLL
0x00007ffd9f220000 - 0x00007ffd9f247000 	C:\Windows\SYSTEM32\WINMM.dll
0x00007ffda7940000 - 0x00007ffda794a000 	C:\Windows\SYSTEM32\VERSION.dll
0x00007ffd9afe0000 - 0x00007ffd9afe9000 	C:\Windows\SYSTEM32\WSOCK32.dll
0x00007ffdb04b0000 - 0x00007ffdb051b000 	C:\Windows\System32\WS2_32.dll
0x00007ffdadd40000 - 0x00007ffdadd52000 	C:\Windows\SYSTEM32\kernel.appcore.dll
0x00007ffd9e4a0000 - 0x00007ffd9e4b0000 	C:\Program Files\Java\jdk1.8.0_261\jre\bin\verify.dll
0x00007ffd8e330000 - 0x00007ffd8e35b000 	C:\Program Files\Java\jdk1.8.0_261\jre\bin\java.dll
0x00007ffd9e280000 - 0x00007ffd9e298000 	C:\Program Files\Java\jdk1.8.0_261\jre\bin\zip.dll
0x00007ffdb0650000 - 0x00007ffdb0d92000 	C:\Windows\System32\SHELL32.dll
0x00007ffdad5a0000 - 0x00007ffdadd30000 	C:\Windows\SYSTEM32\windows.storage.dll
0x00007ffdb1800000 - 0x00007ffdb1b55000 	C:\Windows\System32\combase.dll
0x00007ffdaeee0000 - 0x00007ffdaef0c000 	C:\Windows\SYSTEM32\Wldp.dll
0x00007ffdb1120000 - 0x00007ffdb11ce000 	C:\Windows\System32\SHCORE.dll
0x00007ffdb1600000 - 0x00007ffdb1655000 	C:\Windows\System32\shlwapi.dll
0x00007ffdaf3b0000 - 0x00007ffdaf3cf000 	C:\Windows\SYSTEM32\profapi.dll
0x00007ffd9daf0000 - 0x00007ffd9dafd000 	C:\Program Files\Java\jdk1.8.0_261\jre\bin\management.dll
0x00007ffd8dff0000 - 0x00007ffd8e00c000 	C:\Program Files\Java\jdk1.8.0_261\jre\bin\net.dll
0x00007ffdaec50000 - 0x00007ffdaecba000 	C:\Windows\system32\mswsock.dll
0x00007ffd93680000 - 0x00007ffd93697000 	C:\Windows\system32\napinsp.dll
0x00007ffd914a0000 - 0x00007ffd914bb000 	C:\Windows\system32\pnrpnsp.dll
0x00007ffd914c0000 - 0x00007ffd914d5000 	C:\Windows\system32\wshbth.dll
0x00007ffdaaa30000 - 0x00007ffdaaa4d000 	C:\Windows\system32\NLAapi.dll
0x00007ffdae8f0000 - 0x00007ffdae92b000 	C:\Windows\SYSTEM32\IPHLPAPI.DLL
0x00007ffdae930000 - 0x00007ffdae9fc000 	C:\Windows\SYSTEM32\DNSAPI.dll
0x00007ffdb1bc0000 - 0x00007ffdb1bc8000 	C:\Windows\System32\NSI.dll
0x00007ffd91440000 - 0x00007ffd91452000 	C:\Windows\System32\winrnr.dll
0x00007ffd9bd90000 - 0x00007ffd9bd9a000 	C:\Windows\System32\rasadhlp.dll
0x00007ffd9c220000 - 0x00007ffd9c29f000 	C:\Windows\System32\fwpuclnt.dll
0x00007ffdafc00000 - 0x00007ffdafc27000 	C:\Windows\System32\bcrypt.dll
0x00007ffd8de90000 - 0x00007ffd8dea3000 	C:\Program Files\Java\jdk1.8.0_261\jre\bin\nio.dll
0x00007ffdaee30000 - 0x00007ffdaee48000 	C:\Windows\SYSTEM32\CRYPTSP.dll
0x00007ffdae580000 - 0x00007ffdae5b4000 	C:\Windows\system32\rsaenh.dll
0x00007ffdaf330000 - 0x00007ffdaf35e000 	C:\Windows\SYSTEM32\USERENV.dll
0x00007ffdafb20000 - 0x00007ffdafba0000 	C:\Windows\System32\bcryptprimitives.dll
0x00007ffdaee20000 - 0x00007ffdaee2c000 	C:\Windows\SYSTEM32\CRYPTBASE.dll
0x00007ffda8a60000 - 0x00007ffda8a77000 	C:\Windows\SYSTEM32\dhcpcsvc6.DLL
0x00007ffda8a40000 - 0x00007ffda8a5d000 	C:\Windows\SYSTEM32\dhcpcsvc.DLL
0x00007ffd9ddf0000 - 0x00007ffd9de14000 	C:\Program Files\Java\jdk1.8.0_261\jre\bin\sunec.dll
0x00007ffd9dde0000 - 0x00007ffd9dded000 	C:\Program Files\Java\jdk1.8.0_261\jre\bin\sunmscapi.dll
0x00007ffdaf6f0000 - 0x00007ffdaf84f000 	C:\Windows\System32\CRYPT32.dll
0x00007ffdaef50000 - 0x00007ffdaef77000 	C:\Windows\SYSTEM32\ncrypt.dll
0x00007ffdaef10000 - 0x00007ffdaef4b000 	C:\Windows\SYSTEM32\NTASN1.dll
0x00007ffdad2b0000 - 0x00007ffdad494000 	C:\Windows\SYSTEM32\dbghelp.dll

VM Arguments:
jvm_args: -Dfile.encoding=UTF-8 
java_command: com.dayliv.dayliv.DaylivBackendApplication
java_class_path (initial): C:\Users\Belkoweb\Code\daylivBackend\target\classes;C:\Users\Belkoweb\.m2\repository\org\springframework\boot\spring-boot-starter-data-jpa\2.3.5.RELEASE\spring-boot-starter-data-jpa-2.3.5.RELEASE.jar;C:\Users\Belkoweb\.m2\repository\org\springframework\boot\spring-boot-starter-aop\2.3.5.RELEASE\spring-boot-starter-aop-2.3.5.RELEASE.jar;C:\Users\Belkoweb\.m2\repository\org\springframework\spring-aop\5.2.10.RELEASE\spring-aop-5.2.10.RELEASE.jar;C:\Users\Belkoweb\.m2\repository\org\aspectj\aspectjweaver\1.9.6\aspectjweaver-1.9.6.jar;C:\Users\Belkoweb\.m2\repository\org\springframework\boot\spring-boot-starter-jdbc\2.3.5.RELEASE\spring-boot-starter-jdbc-2.3.5.RELEASE.jar;C:\Users\Belkoweb\.m2\repository\com\zaxxer\HikariCP\3.4.5\HikariCP-3.4.5.jar;C:\Users\Belkoweb\.m2\repository\org\springframework\spring-jdbc\5.2.10.RELEASE\spring-jdbc-5.2.10.RELEASE.jar;C:\Users\Belkoweb\.m2\repository\jakarta\transaction\jakarta.transaction-api\1.3.3\jakarta.transaction-api-1.3.3.jar;C:\Users\Belkoweb\.m2\repository\jakarta\persistence\jakarta.persistence-api\2.2.3\jakarta.persistence-api-2.2.3.jar;C:\Users\Belkoweb\.m2\repository\org\hibernate\hibernate-core\5.4.22.Final\hibernate-core-5.4.22.Final.jar;C:\Users\Belkoweb\.m2\repository\org\jboss\logging\jboss-logging\3.4.1.Final\jboss-logging-3.4.1.Final.jar;C:\Users\Belkoweb\.m2\repository\org\javassist\javassist\3.24.0-GA\javassist-3.24.0-GA.jar;C:\Users\Belkoweb\.m2\repository\net\bytebuddy\byte-buddy\1.10.17\byte-buddy-1.10.17.jar;C:\Users\Belkoweb\.m2\repository\antlr\antlr\2.7.7\antlr-2.7.7.jar;C:\Users\Belkoweb\.m2\repository\org\jboss\jandex\2.1.3.Final\jandex-2.1.3.Final.jar;C:\Users\Belkoweb\.m2\repository\com\fasterxml\classmate\1.5.1\classmate-1.5.1.jar;C:\Users\Belkoweb\.m2\repository\org\dom4j\dom4j\2.1.3\dom4j-2.1.3.jar;C:\Users\Belkoweb\.m2\repository\org\hibernate\common\hibernate-commons-annotations\5.1.0.Final\hibernate-commons-annotations-5.1.0.Final.jar;C:\Users\Belkoweb\.m2\reposito
Launcher Type: SUN_STANDARD

Environment Variables:
JAVA_HOME=C:\Program Files\Android\Android Studio\jre
PATH=C:\oracle\product\10.2.0\db_1\bin;C:\Program Files (x86)\Common Files\Oracle\Java\javapath;C:\oraclexe\app\oracle\product\11.2.0\server\bin;C:\Program Files\Common Files\Oracle\Java\javapath;C:\Windows\system32;C:\Windows;C:\Windows\System32\Wbem;C:\Windows\System32\WindowsPowerShell\v1.0\;C:\Windows\System32\OpenSSH\;C:\Program Files\Symfony;C:\Program Files\Git\cmd;C:\wamp64\bin\php\php7.4.0;C:\ProgramData\ComposerSetup\bin;C:\Program Files\nodejs\;C:\Program Files\dotnet\;C:\Program Files\Java\jdk1.6.0_45;C:\Program Files\swipl\bin;C:\Program Files\Microsoft SQL Server\120\Tools\Binn\;C:\Program Files (x86)\PuTTY\;C:\Users\Belkoweb\AppData\Local\Programs\Python\Python39\Scripts\;C:\Users\Belkoweb\AppData\Local\Programs\Python\Python39\;C:\Users\Belkoweb\AppData\Local\Microsoft\WindowsApps;C:\Users\Belkoweb\AppData\Roaming\Composer\vendor\bin;C:\Users\Belkoweb\AppData\Roaming\npm;C:\Program Files\heroku\bin;C:\Users\Belkoweb\.dotnet\tools;C:\Users\Belkoweb\AppData\Local\Programs\Microsoft VS Code\bin
USERNAME=Belkoweb
OS=Windows_NT
PROCESSOR_IDENTIFIER=Intel64 Family 6 Model 142 Stepping 10, GenuineIntel



---------------  S Y S T E M  ---------------

OS: Windows 10.0 , 64 bit Build 19041 (10.0.19041.928)

CPU:total 8 (initial active 8) (4 cores per cpu, 2 threads per core) family 6 model 142 stepping 10, cmov, cx8, fxsr, mmx, sse, sse2, sse3, ssse3, sse4.1, sse4.2, popcnt, avx, avx2, aes, clmul, erms, 3dnowpref, lzcnt, ht, tsc, tscinvbit, bmi1, bmi2, adx

Memory: 4k page, physical 4056128k(356020k free), swap 14707016k(6420k free)

vm_info: Java HotSpot(TM) 64-Bit Server VM (25.261-b12) for windows-amd64 JRE (1.8.0_261-b12), built on Jun 18 2020 06:56:32 by "" with unknown MS VC++:1916

time: Thu May 27 19:30:19 2021
timezone: Maroc (heure d’été)
elapsed time: 15 seconds (0d 0h 0m 15s)

